0    CAST-cbc    rabbit    hex    6c3c7a227d0035fceeb6486f21b3654350b0419e2450aa27

1    aes-128-cbc    rabbit    hex    999ae6f656381e5c5a97c18136ed6a1f46029ddb475fb31d6b907930be6f552d

2    aes-128-ccm    rabbit    hex    3ae539d727b9808df9328cd577b49b1e10e2d720

3    aes-128-cfb    rabbit    hex    e0eb35fcd71dc7607bb35760ba70084b18017c6e

4    aes-128-cfb1    rabbit    hex    e569d978e77cfa72f54cedb3649a2d006f7b5a49

5    aes-128-cfb8    rabbit    hex    e0b5495506739989544088867447b3110a96e6bc

6    aes-128-ctr    rabbit    hex    e0eb35fcd71dc7607bb35760ba70084babc494ee

7    aes-128-ecb    rabbit    hex    2e0324476e5a50eb7a5ed843314030d35a02d16f94628499a59e79d1ffda51b4

8    aes-128-gcm    rabbit    hex    049197966f4743830b4af9fb86f608b569b88691

9    aes-128-ofb    rabbit    hex    e0eb35fcd71dc7607bb35760ba70084b9c24d9f4

10    aes-128-xts    rabbit    hex    db5cbee45d833021eef2cf83d7c5c2545bea3e8f

11    aes-192-cbc    rabbit    hex    4b10f930d70f0a4eeba0c6cb8cd41171468dd9127dc8ecbd51923e21eab784ed

12    aes-192-ccm    rabbit    hex    4d8aafd4c801e8f99e9351b23b700472068b85d1

13    aes-192-cfb    rabbit    hex    e6e4e90ad79cb742214bdac0627f6e818e95899a

14    aes-192-cfb1    rabbit    hex    8c738e128de377f15c91c431a39d5686dfbcb389

15    aes-192-cfb8    rabbit    hex    e6ab73b270fe95982727c8b5a672f20c5c9be57c

16    aes-192-ctr    rabbit    hex    e6e4e90ad79cb742214bdac0627f6e81a61572d2

17    aes-192-ecb    rabbit    hex    ccd3bd890784466fe6919d9dc8b0e763a07c8d1477ffc11794a58274872e6495

18    aes-192-gcm    rabbit    hex    36dceafab4f2c0d4d439db012b03b709af1b8cac

19    aes-192-ofb    rabbit    hex    e6e4e90ad79cb742214bdac0627f6e818db44002

20    aes-256-cbc    rabbit    hex    11920c38caf840226541e5d72f61ecdb07682eaa3443d02b035fc97163d14c13

21    aes-256-ccm    rabbit    hex    8541f9b00be05cba2dae77a0d41bb1a8ba2ae8a4

22    aes-256-cfb    rabbit    hex    ac066ed9c375a6c20fedad13aeb08b1c94bace2f

23    aes-256-cfb1    rabbit    hex    ae5503e95bef1e39fb94730537f5a58bd286a6b4

24    aes-256-cfb8    rabbit    hex    ac04197fd4272d6354f9bd7d1c784e8003c9ca18

25    aes-256-ctr    rabbit    hex    ac066ed9c375a6c20fedad13aeb08b1c8beab0ed

26    aes-256-ecb    rabbit    hex    e3146583f3569c0dbd1395f8deae0d4a3ccf9400b08a7af403fabfc28cc9eb59

27    aes-256-gcm    rabbit    hex    865a725ada22a564667b26a423ecf98fbc5bbaab

28    aes-256-ofb    rabbit    hex    ac066ed9c375a6c20fedad13aeb08b1c838d1813

29    aes-256-xts    rabbit    hex    e22d68b861df98f043916d44e9df2b42cb460704

30    aes128    rabbit    hex    999ae6f656381e5c5a97c18136ed6a1f46029ddb475fb31d6b907930be6f552d

31    aes192    rabbit    hex    4b10f930d70f0a4eeba0c6cb8cd41171468dd9127dc8ecbd51923e21eab784ed

32    aes256    rabbit    hex    11920c38caf840226541e5d72f61ecdb07682eaa3443d02b035fc97163d14c13

33    bf    rabbit    hex    1f67bd5f2fe1914069901f156dda41db34a9807c9c6e9697

34    bf-cbc    rabbit    hex    1f67bd5f2fe1914069901f156dda41db34a9807c9c6e9697

35    bf-cfb    rabbit    hex    9a9a995c8dde721765c063545d54d388a38f811c

36    bf-ecb    rabbit    hex    1d37d6a5503a3538cd814cc7d2982e283b5de06996b02f01

37    bf-ofb    rabbit    hex    9a9a995c8dde721770806e7d63b96284f06adb11

38    blowfish    rabbit    hex    1f67bd5f2fe1914069901f156dda41db34a9807c9c6e9697

39    camellia-128-cbc    rabbit    hex    9bb16c3fa50b9d3ceb8de91c61d8fb77fd613f1430a7e1fad78769159998218d

40    camellia-128-cfb    rabbit    hex    4d3ac97519ecae160337ea02de5bd5e4e5f6c0c3

41    camellia-128-cfb1    rabbit    hex    2f91d9061718b4ab88b1e94e8abde951f952d8df

42    camellia-128-cfb8    rabbit    hex    4d9be2e6cd397aee77f1f1e3032f0c121e6e9816

43    camellia-128-ecb    rabbit    hex    53bd286157dd624e4699062bccaa657f488c19f9a6fa377c2f53895e95d60a74

44    camellia-128-ofb    rabbit    hex    4d3ac97519ecae160337ea02de5bd5e448730bbf

45    camellia-192-cbc    rabbit    hex    d73265f76621d641e89a711cdf57158a94740aceeb9cc3c847fca6da1092ca87

46    camellia-192-cfb    rabbit    hex    649f8c452f696b348c0db1df49fd3260e5492809

47    camellia-192-cfb1    rabbit    hex    22148fa970fbb4ad110b0377317be40b14c2d29f

48    camellia-192-cfb8    rabbit    hex    64ffda9513e30704989e276b690dd2b31e5fdc96

49    camellia-192-ecb    rabbit    hex    c2679b4ac30309aae14f57654951674bce861b240041c583fd9327c111dee45d

50    camellia-192-ofb    rabbit    hex    649f8c452f696b348c0db1df49fd3260fd55ce5f

51    camellia-256-cbc    rabbit    hex    84aa9bad5e606f886664c55ecf26c8292182317a33c22327f32f84af3f4d3eea

52    camellia-256-cfb    rabbit    hex    7d37c48800b0088b2f823a1a4a67f43ec089ab9b

53    camellia-256-cfb1    rabbit    hex    24b7c1be4ffce6149b2027dc7fdd4542a0ee6ab2

54    camellia-256-cfb8    rabbit    hex    7d50d038c8b8f56031381617af971a725275435f

55    camellia-256-ecb    rabbit    hex    540daba20d0b7ad585f981ea7f048e542efd2b554a03daff854935bc14103052

56    camellia-256-ofb    rabbit    hex    7d37c48800b0088b2f823a1a4a67f43ecd3f4d4f

57    camellia128    rabbit    hex    9bb16c3fa50b9d3ceb8de91c61d8fb77fd613f1430a7e1fad78769159998218d

58    camellia192    rabbit    hex    d73265f76621d641e89a711cdf57158a94740aceeb9cc3c847fca6da1092ca87

59    camellia256    rabbit    hex    84aa9bad5e606f886664c55ecf26c8292182317a33c22327f32f84af3f4d3eea

60    cast    rabbit    hex    6c3c7a227d0035fceeb6486f21b3654350b0419e2450aa27

61    cast-cbc    rabbit    hex    6c3c7a227d0035fceeb6486f21b3654350b0419e2450aa27

62    cast5-cbc    rabbit    hex    6c3c7a227d0035fceeb6486f21b3654350b0419e2450aa27

63    cast5-cfb    rabbit    hex    4d27c442f6c2885d28ba3c746eb6c64885df25bf

64    cast5-ecb    rabbit    hex    a6a5559e42a6efb67464305e2f8a2440271dd518e69bd6ce

65    cast5-ofb    rabbit    hex    4d27c442f6c2885d3bce56364556cc932b33ea0c

66    des    rabbit    hex    586ed2591c13a50b5f964aad17edafd2dd1fda002ab6652a

67    des-cbc    rabbit    hex    586ed2591c13a50b5f964aad17edafd2dd1fda002ab6652a

68    des-cfb    rabbit    hex    7dcdbeb903cc84b8aec0e4fcf73e2f6ebe595458

69    des-cfb1    rabbit    hex    29ff6c22f4f2cd9be08283e8c0cb69d2432321b4

70    des-cfb8    rabbit    hex    7ddd9d79161d007b00ccfe159881103eaee61b77

71    des-ecb    rabbit    hex    cf5191adc80cf841061d11329ae6f3ad397975ddd1214c92

72    des-ede    rabbit    hex    ff486d53ed7f9fa6cd99399b703f72bab676988f1b23efee

73    des-ede-cbc    rabbit    hex    4f013d02dbd9e0d668a9ea71935b80471786e16985e02ef3

74    des-ede-cfb    rabbit    hex    31b0ca7db19e1335ace9bea9617e66daf8256a25

75    des-ede-ofb    rabbit    hex    31b0ca7db19e1335cae555b47d71b4c180d4303c

76    des-ede3    rabbit    hex    e15513092db9413d42d61413eb06146a170494a5ae7c7516

77    des-ede3-cbc    rabbit    hex    732f2fff73128314766421e95b09a52a11c29c24ce81054d

78    des-ede3-cfb    rabbit    hex    4d34c1654b88732da60842755925818605371c1b

79    des-ede3-cfb1    rabbit    hex    29aba000a455b403000000000000000025d08709

80    des-ede3-cfb8    rabbit    hex    4d74738c93492a5d9eeb14ca7fe554eec451fb68

81    des-ede3-ofb    rabbit    hex    4d34c1654b88732d81dbe722da3c6d270be4d6c0

82    des-ofb    rabbit    hex    7dcdbeb903cc84b8f8777918355382145988bbee

83    des3    rabbit    hex    732f2fff73128314766421e95b09a52a11c29c24ce81054d

84    desx    rabbit    hex    13abb7a9ebc976c0ea855f530e5764fe863bf0f7f629718f

85    desx-cbc    rabbit    hex    13abb7a9ebc976c0ea855f530e5764fe863bf0f7f629718f

86    id-aes128-CCM    rabbit    hex    3ae539d727b9808df9328cd577b49b1e10e2d720

87    id-aes128-GCM    rabbit    hex    049197966f4743830b4af9fb86f608b569b88691

88    id-aes128-wrap    rabbit    hex

89    id-aes192-CCM    rabbit    hex    4d8aafd4c801e8f99e9351b23b700472068b85d1

90    id-aes192-GCM    rabbit    hex    36dceafab4f2c0d4d439db012b03b709af1b8cac

91    id-aes192-wrap    rabbit    hex

92    id-aes256-CCM    rabbit    hex    8541f9b00be05cba2dae77a0d41bb1a8ba2ae8a4

93    id-aes256-GCM    rabbit    hex    865a725ada22a564667b26a423ecf98fbc5bbaab

94    id-aes256-wrap    rabbit    hex

95    id-smime-alg-CMS3DESwrap    rabbit    hex

96    idea    rabbit    hex    765944cdb3180eac50579881cda35c56d0fe96c67be354aa

97    idea-cbc    rabbit    hex    765944cdb3180eac50579881cda35c56d0fe96c67be354aa

98    idea-cfb    rabbit    hex    f221fe2526f934f1e0ffbaa7cde7a9ad98972c5f

99    idea-ecb    rabbit    hex    724a8bb4c0f429fdb24436263967e34341c52904233f73ae

100    idea-ofb    rabbit    hex    f221fe2526f934f1c94473be2e3990b9a071d1d7

101    rc2    rabbit    hex    e0f1cdce4a6e5fb9cde6ec79191be0d22fb3c5f00fad61e0

102    rc2-40-cbc    rabbit    hex    e2014e6f10513f9944234d9681ef2f7a44e2a9b0a54e9fb1

103    rc2-64-cbc    rabbit    hex    80b31832bf020f03bb7297f2988c416177f4bbab7f390c6f

104    rc2-cbc    rabbit    hex    e0f1cdce4a6e5fb9cde6ec79191be0d22fb3c5f00fad61e0

105    rc2-cfb    rabbit    hex    a39d22f95feac250e22f60dd7c0dbf99c71ce82c

106    rc2-ecb    rabbit    hex    62d651858bd7f7f2704480cbd0dd2c6ea82c4edf264fc2a0

107    rc2-ofb    rabbit    hex    a39d22f95feac250702c5faebcba320a9058214d

108    rc4    rabbit    hex    ed3d2b2f098133356a9bb171318661e98f83db97

109    rc4-40    rabbit    hex    b66aaafcb55e58e61fd22c1377ab19e1af2dac00

110    rc4-hmac-md5    rabbit    hex    ed3d2b2f098133356a9bb171318661e98f83db97

111    seed    rabbit    hex    ee915eb104fac610666548be4e535d576f2e804d8e5675f2d1708ccd2597a3ab

112    seed-cbc    rabbit    hex    ee915eb104fac610666548be4e535d576f2e804d8e5675f2d1708ccd2597a3ab

113    seed-cfb    rabbit    hex    a2a4c03ff01841bca4ca116ed137bc0b8fa6d291

114    seed-ecb    rabbit    hex    101652fae82ca4916d425f5bc0d9f5f380e71b3020a731616d073f65c51cd949

115    seed-ofb    rabbit    hex    a2a4c03ff01841bca4ca116ed137bc0b896e61d5

