-----------------------Oakley-EC2N-3-----------------------
Human-----01e40b4fe45bd0c807e1c791f00828d41c50a5e5
	key=020133e31505542b9cf90a6b8f26f98dd1679fcc22
	public=020133e31505542b9cf90a6b8f26f98dd1679fcc22
	private=Cf8kHgjch0x2eSelym628k9AEw==

Alien-----AeQLT+Rb0MgH4ceR8Ago1BxQpeU=
	key=BATOPn7STyLwYe14wfo+cdDbHWiwAwJaDAh/PWep0+Fqr/0KXYKb51k=
	public=BATOPn7STyLwYe14wfo+cdDbHWiwAwJaDAh/PWep0+Fqr/0KXYKb51k=
	private=0182f91425c636b2631a15e5b66b19c4438e6f81

Alien_to_Human-----01e40b4fe45bd0c807e1c791f00828d41c50a5e5
	key=BATOPn7STyLwYe14wfo+cdDbHWiwAwJaDAh/PWep0+Fqr/0KXYKb51k=
	public=BATOPn7STyLwYe14wfo+cdDbHWiwAwJaDAh/PWep0+Fqr/0KXYKb51k=
	private=0182f91425c636b2631a15e5b66b19c4438e6f81

-----------------------Oakley-EC2N-4-----------------------
Human-----00a8323c03503b90d2c36588614ee6e69fc497938dbf5f60
	key=0201e9f324c680b3689a4b2e4cd13a61b28bb40efc30555ea6
	public=0201e9f324c680b3689a4b2e4cd13a61b28bb40efc30555ea6
	private=K4atnxvj8r75sx92DeMvcWtIF7NnO1Y=

Alien-----AKgyPANQO5DSw2WIYU7m5p/El5ONv19g
	key=BAE8qReiNFG6eaRTLZDWpWqKgjiIau0zdgC0OMFC82GM6ATf64UK4skUphD0YSkZhQ==
	public=BAE8qReiNFG6eaRTLZDWpWqKgjiIau0zdgC0OMFC82GM6ATf64UK4skUphD0YSkZhQ==
	private=80ae07b95dff39fb58960204801b76b557173feef2fb8e

Alien_to_Human-----00a8323c03503b90d2c36588614ee6e69fc497938dbf5f60
	key=BAE8qReiNFG6eaRTLZDWpWqKgjiIau0zdgC0OMFC82GM6ATf64UK4skUphD0YSkZhQ==
	public=BAE8qReiNFG6eaRTLZDWpWqKgjiIau0zdgC0OMFC82GM6ATf64UK4skUphD0YSkZhQ==
	private=80ae07b95dff39fb58960204801b76b557173feef2fb8e

-----------------------brainpoolP160r1-----------------------
Human-----66a782ce15b6b3712f2d1ab2c5a9bd33a73153b5
	key=030072afda2e8a07000e4c771521eca1c6760206af
	public=030072afda2e8a07000e4c771521eca1c6760206af
	private=1cI/4kFKedPSlPVkPbNGPO4BJ5g=

Alien-----ZqeCzhW2s3EvLRqyxam9M6cxU7U=
	key=BJYpKECQxf1UwMrpfBzXI5bgUH3Eh0Gx1TUkCyuyv+KU+KPBKL99UKU=
	public=BJYpKECQxf1UwMrpfBzXI5bgUH3Eh0Gx1TUkCyuyv+KU+KPBKL99UKU=
	private=21746a30fadb7bae16765bfbc9a9b27747581f89

Alien_to_Human-----66a782ce15b6b3712f2d1ab2c5a9bd33a73153b5
	key=BJYpKECQxf1UwMrpfBzXI5bgUH3Eh0Gx1TUkCyuyv+KU+KPBKL99UKU=
	public=BJYpKECQxf1UwMrpfBzXI5bgUH3Eh0Gx1TUkCyuyv+KU+KPBKL99UKU=
	private=21746a30fadb7bae16765bfbc9a9b27747581f89

-----------------------brainpoolP160t1-----------------------
Human-----1a901cb4713f02d0876c1b1dc39e1eb29331dec8
	key=0355a156e5cc75e7d6112766c7de46aa828fcd1f85
	public=0355a156e5cc75e7d6112766c7de46aa828fcd1f85
	private=YZxsQu8ExEAY1gkoKU/ceORktTA=

Alien-----GpActHE/AtCHbBsdw54espMx3sg=
	key=BAKtLaO9uid/h1eCsokuILMioeJnn5lyQvW5Z1owy/DtiK78e3y6bEo=
	public=BAKtLaO9uid/h1eCsokuILMioeJnn5lyQvW5Z1owy/DtiK78e3y6bEo=
	private=397820f1185ffa16b51d236417c8d54277829ac5

Alien_to_Human-----1a901cb4713f02d0876c1b1dc39e1eb29331dec8
	key=BAKtLaO9uid/h1eCsokuILMioeJnn5lyQvW5Z1owy/DtiK78e3y6bEo=
	public=BAKtLaO9uid/h1eCsokuILMioeJnn5lyQvW5Z1owy/DtiK78e3y6bEo=
	private=397820f1185ffa16b51d236417c8d54277829ac5

-----------------------brainpoolP192r1-----------------------
Human-----2a1a36bd3425ccd4d2990183caa6b2ac28e09f7e42b0c92b
	key=02034aefd2e5adf52e0411968d7bad2f8414c597a4accc905b
	public=02034aefd2e5adf52e0411968d7bad2f8414c597a4accc905b
	private=uVrYeq7p/HMHSdUd6ybdIwsr6eG2lAG2

Alien-----Kho2vTQlzNTSmQGDyqayrCjgn35CsMkr
	key=BCcPPWoL5aoNNEq1WXd4Q07EPrDPcPpenwacDscd33kdUnReF8AfeaHtyX5pkuFEsQ==
	public=BCcPPWoL5aoNNEq1WXd4Q07EPrDPcPpenwacDscd33kdUnReF8AfeaHtyX5pkuFEsQ==
	private=54ef288d2626e9d3b4f79932a6ee9c40d900d32acf97c8de

Alien_to_Human-----2a1a36bd3425ccd4d2990183caa6b2ac28e09f7e42b0c92b
	key=BCcPPWoL5aoNNEq1WXd4Q07EPrDPcPpenwacDscd33kdUnReF8AfeaHtyX5pkuFEsQ==
	public=BCcPPWoL5aoNNEq1WXd4Q07EPrDPcPpenwacDscd33kdUnReF8AfeaHtyX5pkuFEsQ==
	private=54ef288d2626e9d3b4f79932a6ee9c40d900d32acf97c8de

-----------------------brainpoolP192t1-----------------------
Human-----40fc6309fcb9e6009d67327ed6bd9ccbfee4bc53c22fd52c
	key=03736f05476812c1fe278fbbfda7b0b73cec2b0364e4b514b3
	public=03736f05476812c1fe278fbbfda7b0b73cec2b0364e4b514b3
	private=rZU4ja6bxf/4Z5cBofijD9aJGzie72iA

Alien-----QPxjCfy55gCdZzJ+1r2cy/7kvFPCL9Us
	key=BCz9Z/5OxLv7ben6vvpRbeqS+xJZcBgXr2ocTpckeW5n5xEFPwYqWUvgmZVDw2t5Ig==
	public=BCz9Z/5OxLv7ben6vvpRbeqS+xJZcBgXr2ocTpckeW5n5xEFPwYqWUvgmZVDw2t5Ig==
	private=33ef5cbf538050f6d1113d8c114dd2344bf89a5eacb416fc

Alien_to_Human-----40fc6309fcb9e6009d67327ed6bd9ccbfee4bc53c22fd52c
	key=BCz9Z/5OxLv7ben6vvpRbeqS+xJZcBgXr2ocTpckeW5n5xEFPwYqWUvgmZVDw2t5Ig==
	public=BCz9Z/5OxLv7ben6vvpRbeqS+xJZcBgXr2ocTpckeW5n5xEFPwYqWUvgmZVDw2t5Ig==
	private=33ef5cbf538050f6d1113d8c114dd2344bf89a5eacb416fc

-----------------------brainpoolP224r1-----------------------
Human-----ba01b39ba03226941193d1f2c88ed5312d2828a0dc183c0b15af2e3c
	key=0373c315f62e53f617b04db687a0d1033530419d7c98749b50de81e327
	public=0373c315f62e53f617b04db687a0d1033530419d7c98749b50de81e327
	private=zsRZ2bTxIdviQri0odZ0IFztt0Zcyy8aV5XM4A==

Alien-----ugGzm6AyJpQRk9HyyI7VMS0oKKDcGDwLFa8uPA==
	key=BA12kSW0pxqN7aSB+dRHpTwCeW2JyItulAshw8I0sNMGM9lHWdYgBUUww9KGCeCDea8bvNQGCQQx
	public=BA12kSW0pxqN7aSB+dRHpTwCeW2JyItulAshw8I0sNMGM9lHWdYgBUUww9KGCeCDea8bvNQGCQQx
	private=37536781b8b1fd2529510a96d4a4762263d7bcc4704da89d4310411e

Alien_to_Human-----ba01b39ba03226941193d1f2c88ed5312d2828a0dc183c0b15af2e3c
	key=BA12kSW0pxqN7aSB+dRHpTwCeW2JyItulAshw8I0sNMGM9lHWdYgBUUww9KGCeCDea8bvNQGCQQx
	public=BA12kSW0pxqN7aSB+dRHpTwCeW2JyItulAshw8I0sNMGM9lHWdYgBUUww9KGCeCDea8bvNQGCQQx
	private=37536781b8b1fd2529510a96d4a4762263d7bcc4704da89d4310411e

-----------------------brainpoolP224t1-----------------------
Human-----849d84ed914f4b87013d7237e9a731898b10c39fdea9f4c6b007bbab
	key=02c04c6773015c0fb4c3b1a5b1ce0395f39006d3e1d346477263a36128
	public=02c04c6773015c0fb4c3b1a5b1ce0395f39006d3e1d346477263a36128
	private=u7uGbXjW6IMvVm+/zzFPMKuuG8eDiYDNaypt0g==

Alien-----hJ2E7ZFPS4cBPXI36acxiYsQw5/eqfTGsAe7qw==
	key=BJfhsbzeTshEH1lldWvoZ4vjfjf9SVBdUPlo9YDLRQemzHVss8qpWfvh4lTU7Fn4wvk0MmRlElTN
	public=BJfhsbzeTshEH1lldWvoZ4vjfjf9SVBdUPlo9YDLRQemzHVss8qpWfvh4lTU7Fn4wvk0MmRlElTN
	private=1a8988bddfa1331c02a84a64890fed56e03960b80e98ddfd50ce46e6

Alien_to_Human-----849d84ed914f4b87013d7237e9a731898b10c39fdea9f4c6b007bbab
	key=BJfhsbzeTshEH1lldWvoZ4vjfjf9SVBdUPlo9YDLRQemzHVss8qpWfvh4lTU7Fn4wvk0MmRlElTN
	public=BJfhsbzeTshEH1lldWvoZ4vjfjf9SVBdUPlo9YDLRQemzHVss8qpWfvh4lTU7Fn4wvk0MmRlElTN
	private=1a8988bddfa1331c02a84a64890fed56e03960b80e98ddfd50ce46e6

-----------------------brainpoolP256r1-----------------------
Human-----9b8866891b783aa3be710ff5a55e082e3932b3464e3225328e43e1e836243009
	key=023565ea371f586e76be14322ece8990fba06498f44dfe0add1abbec83e264ecba
	public=023565ea371f586e76be14322ece8990fba06498f44dfe0add1abbec83e264ecba
	private=H+JLxps7ImAk2o4Bi6kQyYA8p4R4WWq7FA85dNcJYl0=

Alien-----m4hmiRt4OqO+cQ/1pV4ILjkys0ZOMiUyjkPh6DYkMAk=
	key=BGqEcte5YofyO1Q9BOcng51vHE1rtKLCepxdXulLNZJtngZ2XLMCdZfO3Vp5YrZGwWgk1NF7BpPamGZLYxcx6fU=
	public=BGqEcte5YofyO1Q9BOcng51vHE1rtKLCepxdXulLNZJtngZ2XLMCdZfO3Vp5YrZGwWgk1NF7BpPamGZLYxcx6fU=
	private=23c35d2a611909f40ef846bb445d2d1f0bdf5a8117b76296302a55757732e5e3

Alien_to_Human-----9b8866891b783aa3be710ff5a55e082e3932b3464e3225328e43e1e836243009
	key=BGqEcte5YofyO1Q9BOcng51vHE1rtKLCepxdXulLNZJtngZ2XLMCdZfO3Vp5YrZGwWgk1NF7BpPamGZLYxcx6fU=
	public=BGqEcte5YofyO1Q9BOcng51vHE1rtKLCepxdXulLNZJtngZ2XLMCdZfO3Vp5YrZGwWgk1NF7BpPamGZLYxcx6fU=
	private=23c35d2a611909f40ef846bb445d2d1f0bdf5a8117b76296302a55757732e5e3

-----------------------brainpoolP256t1-----------------------
Human-----447d8e26f25c78c21b1b6cbf6b9e744a66281dad0713b05aae96c685924b5dbb
	key=0347fce676e52af09ee5394bd784a36f135cf34bf768ea8fba494325e7145c96bd
	public=0347fce676e52af09ee5394bd784a36f135cf34bf768ea8fba494325e7145c96bd
	private=P2lXNvJPufU7sDyc7Nmq0KMsw2m7s0wo+ICZylG8K9U=

Alien-----RH2OJvJceMIbG2y/a550SmYoHa0HE7BarpbGhZJLXbs=
	key=BDZ2vi38HoVGJURqWHf+R6Z290md6JhfAp0NElo6rUdrZO92i4UdN1xOzCQ2a0xWpK7grc6+R6sxk7sMbCISZAs=
	public=BDZ2vi38HoVGJURqWHf+R6Z290md6JhfAp0NElo6rUdrZO92i4UdN1xOzCQ2a0xWpK7grc6+R6sxk7sMbCISZAs=
	private=4791fb7cbbc573601e11343c2af1ab7a301b5f0ec96591f9c1eb0d20efcdcf2d

Alien_to_Human-----447d8e26f25c78c21b1b6cbf6b9e744a66281dad0713b05aae96c685924b5dbb
	key=BDZ2vi38HoVGJURqWHf+R6Z290md6JhfAp0NElo6rUdrZO92i4UdN1xOzCQ2a0xWpK7grc6+R6sxk7sMbCISZAs=
	public=BDZ2vi38HoVGJURqWHf+R6Z290md6JhfAp0NElo6rUdrZO92i4UdN1xOzCQ2a0xWpK7grc6+R6sxk7sMbCISZAs=
	private=4791fb7cbbc573601e11343c2af1ab7a301b5f0ec96591f9c1eb0d20efcdcf2d

-----------------------brainpoolP320r1-----------------------
Human-----104cc5bdc15a21e8e6821da51e3e6a31693ed217caa7a0ef3929258b422e7daeaafadf90fbb30776
	key=032807fa7319fe1aa30f3a8ea691108732e537faaef2f636c9fba7f70ad743d81d66fd188b6bc24778
	public=032807fa7319fe1aa30f3a8ea691108732e537faaef2f636c9fba7f70ad743d81d66fd188b6bc24778
	private=o5WxC7V51okYcse+hxQiZAZBy4kqW3wVy2eYbtMcKgYFAWWA2E+MQA==

Alien-----EEzFvcFaIejmgh2lHj5qMWk+0hfKp6DvOSkli0Iufa6q+t+Q+7MHdg==
	key=BFnnMNbmfIAVYVwukQ9alVfUkCVEUS7EoU9quSWAvZHOBMdYb1LRqg2Y1IJxKc0HAOWxqF2ubmiDXKCllD/VpxrpiMFDAa5+135+48gKTY37
	public=BFnnMNbmfIAVYVwukQ9alVfUkCVEUS7EoU9quSWAvZHOBMdYb1LRqg2Y1IJxKc0HAOWxqF2ubmiDXKCllD/VpxrpiMFDAa5+135+48gKTY37
	private=05e102c8cd6cbe2b80b13e5aee2bd085203fc07c78d204291cbee89d3f1b2fa3cfe949114623687f

Alien_to_Human-----104cc5bdc15a21e8e6821da51e3e6a31693ed217caa7a0ef3929258b422e7daeaafadf90fbb30776
	key=BFnnMNbmfIAVYVwukQ9alVfUkCVEUS7EoU9quSWAvZHOBMdYb1LRqg2Y1IJxKc0HAOWxqF2ubmiDXKCllD/VpxrpiMFDAa5+135+48gKTY37
	public=BFnnMNbmfIAVYVwukQ9alVfUkCVEUS7EoU9quSWAvZHOBMdYb1LRqg2Y1IJxKc0HAOWxqF2ubmiDXKCllD/VpxrpiMFDAa5+135+48gKTY37
	private=05e102c8cd6cbe2b80b13e5aee2bd085203fc07c78d204291cbee89d3f1b2fa3cfe949114623687f

-----------------------brainpoolP320t1-----------------------
Human-----9b7f2080cc2343c9158040d629535f8b72261b976e626cfd1767bb04f6defdcffd0e83f1ce87667b
	key=030ff71ea3f95c4dedee769a419dd5b4b71414d95ad46343d36317fd510353071fd763a011021f9a64
	public=030ff71ea3f95c4dedee769a419dd5b4b71414d95ad46343d36317fd510353071fd763a011021f9a64
	private=CwLJZ4V7jhVBcTh5+tFnsOi4EF9yP8p/imXcPJ8RnRHLm388Ce62RQ==

Alien-----m38ggMwjQ8kVgEDWKVNfi3ImG5duYmz9F2e7BPbe/c/9DoPxzodmew==
	key=BLUoPr2eZOX6cAHc8e/4/gXktl83UnXwpi0ChvKgypHGH0uYcaqZpCPO3ERSzKWIkbEgbQcJiPCxQs4YRUAa5//55CtbOz9zo5cNJgHh90H/
	public=BLUoPr2eZOX6cAHc8e/4/gXktl83UnXwpi0ChvKgypHGH0uYcaqZpCPO3ERSzKWIkbEgbQcJiPCxQs4YRUAa5//55CtbOz9zo5cNJgHh90H/
	private=37ebed4d5923eee428e0fb980d9284cce43301f495730c90a81d4f750a39c9a0aff0b44341e06da6

Alien_to_Human-----9b7f2080cc2343c9158040d629535f8b72261b976e626cfd1767bb04f6defdcffd0e83f1ce87667b
	key=BLUoPr2eZOX6cAHc8e/4/gXktl83UnXwpi0ChvKgypHGH0uYcaqZpCPO3ERSzKWIkbEgbQcJiPCxQs4YRUAa5//55CtbOz9zo5cNJgHh90H/
	public=BLUoPr2eZOX6cAHc8e/4/gXktl83UnXwpi0ChvKgypHGH0uYcaqZpCPO3ERSzKWIkbEgbQcJiPCxQs4YRUAa5//55CtbOz9zo5cNJgHh90H/
	private=37ebed4d5923eee428e0fb980d9284cce43301f495730c90a81d4f750a39c9a0aff0b44341e06da6

-----------------------brainpoolP384r1-----------------------
Human-----532fb61ed2aa019ea74e0e6569f2eafc474deed3b5ad7485c7acad45eeb7722b520cda5933a94069760b7a8eecfe4155
	key=02683063bc8e2d851450761561bc0505ba68f94ca0fc35831e0cb259272a87d28a3cad0356b95982ac53ad89cde75bef61
	public=02683063bc8e2d851450761561bc0505ba68f94ca0fc35831e0cb259272a87d28a3cad0356b95982ac53ad89cde75bef61
	private=ZmFYy/BO0+i8qWu3OpYloCUsA9GBBifSNWOzOVYE7p6QIc94fh6B7arRYarfBj/Y

Alien-----Uy+2HtKqAZ6nTg5lafLq/EdN7tO1rXSFx6ytRe63citSDNpZM6lAaXYLeo7s/kFV
	key=BAZZ5R+Yi8Lp3Y1r9/iV6mxxG4jmq8gjN7wV8rc/GYCbeyaTA9ANEGEi4drMyVAMk1GnicuA89hpF3MXDYYTdiRNyrx/8Fd9JO6WAPiCsdwNrMBtm+HYD++Fhljlo/PwsQ==
	public=BAZZ5R+Yi8Lp3Y1r9/iV6mxxG4jmq8gjN7wV8rc/GYCbeyaTA9ANEGEi4drMyVAMk1GnicuA89hpF3MXDYYTdiRNyrx/8Fd9JO6WAPiCsdwNrMBtm+HYD++Fhljlo/PwsQ==
	private=0ea7db02c1995df8f2567f9f2d1403ebf00dc78568ad5f4bd6646b2905111ac0050bbc2c61d4b59f40b7adf79d0b3b53

Alien_to_Human-----532fb61ed2aa019ea74e0e6569f2eafc474deed3b5ad7485c7acad45eeb7722b520cda5933a94069760b7a8eecfe4155
	key=BAZZ5R+Yi8Lp3Y1r9/iV6mxxG4jmq8gjN7wV8rc/GYCbeyaTA9ANEGEi4drMyVAMk1GnicuA89hpF3MXDYYTdiRNyrx/8Fd9JO6WAPiCsdwNrMBtm+HYD++Fhljlo/PwsQ==
	public=BAZZ5R+Yi8Lp3Y1r9/iV6mxxG4jmq8gjN7wV8rc/GYCbeyaTA9ANEGEi4drMyVAMk1GnicuA89hpF3MXDYYTdiRNyrx/8Fd9JO6WAPiCsdwNrMBtm+HYD++Fhljlo/PwsQ==
	private=0ea7db02c1995df8f2567f9f2d1403ebf00dc78568ad5f4bd6646b2905111ac0050bbc2c61d4b59f40b7adf79d0b3b53

-----------------------brainpoolP384t1-----------------------
Human-----718679b6625a93b4514d5d5402e848453749d8ef6bd7ff6cc4da09969d53e8716e9070637161fb856dd5e25cad9b6003
	key=028c6f29a9e203f91e0f41535745e0597f0befdcf0bbbebd714875fd5a568c30b95deb226d0a48222791f1caa1cf2b97c0
	public=028c6f29a9e203f91e0f41535745e0597f0befdcf0bbbebd714875fd5a568c30b95deb226d0a48222791f1caa1cf2b97c0
	private=Avx9NXlWHwhazxomxp8DXptI0eTKrwENeO5v6JL0ZmGIlEEz/dXHlMbTN0n61JKj

Alien-----cYZ5tmJak7RRTV1UAuhIRTdJ2O9r1/9sxNoJlp1T6HFukHBjcWH7hW3V4lytm2AD
	key=BG93zlDsB12JUiop9UUz0RbOpEUihZzc1DZ9NCC8ReQ4/AudIWzkE1f/bpR2Z8FMgH8uguGYES9lFXwmuFRs7S7GrT95L+Xz6Gx1XTH0Qx81BURnr6C6iktvnOZP6nEIhw==
	public=BG93zlDsB12JUiop9UUz0RbOpEUihZzc1DZ9NCC8ReQ4/AudIWzkE1f/bpR2Z8FMgH8uguGYES9lFXwmuFRs7S7GrT95L+Xz6Gx1XTH0Qx81BURnr6C6iktvnOZP6nEIhw==
	private=193be0f2e3570c53f690863af0071115a3ea0b1e814b1dbf0e7c420e72ce549cd6e6da879751a9530e9375a2f00eb820

Alien_to_Human-----718679b6625a93b4514d5d5402e848453749d8ef6bd7ff6cc4da09969d53e8716e9070637161fb856dd5e25cad9b6003
	key=BG93zlDsB12JUiop9UUz0RbOpEUihZzc1DZ9NCC8ReQ4/AudIWzkE1f/bpR2Z8FMgH8uguGYES9lFXwmuFRs7S7GrT95L+Xz6Gx1XTH0Qx81BURnr6C6iktvnOZP6nEIhw==
	public=BG93zlDsB12JUiop9UUz0RbOpEUihZzc1DZ9NCC8ReQ4/AudIWzkE1f/bpR2Z8FMgH8uguGYES9lFXwmuFRs7S7GrT95L+Xz6Gx1XTH0Qx81BURnr6C6iktvnOZP6nEIhw==
	private=193be0f2e3570c53f690863af0071115a3ea0b1e814b1dbf0e7c420e72ce549cd6e6da879751a9530e9375a2f00eb820

-----------------------brainpoolP512r1-----------------------
Human-----a15004c0c867646637d21a969a36f75a1500abf2323ec61de15ce3a0fc9ccad0a2bdc8d057fdbb1fcd9c38959fe1e175270c33c704574771572226a305dce913
	key=021e2caad2a02434ece11983b8394ed5308f88faad3d0e16bc147dd5b1a6968e9bd18da9b4ece0a56931514d0e6b9fc5b471f45ee4ac7a6b693b016712319a68b1
	public=021e2caad2a02434ece11983b8394ed5308f88faad3d0e16bc147dd5b1a6968e9bd18da9b4ece0a56931514d0e6b9fc5b471f45ee4ac7a6b693b016712319a68b1
	private=GPRxfdm4vNxo+5c4D08t1mnVosFdl297hKIOKDRxqZMdr66uKaWsnfpGCZLazJVTdnjnG4EngsCmmy3YQf348w==

Alien-----oVAEwMhnZGY30hqWmjb3WhUAq/IyPsYd4VzjoPycytCivcjQV/27H82cOJWf4eF1JwwzxwRXR3FXIiajBdzpEw==
	key=BACrKHo2xdeTIcQyHlcr2u5mavwPeRBe4g+7DmR6cGja+rW3/OuIjOnHM0H2Fv5knr5gCpOBIC1iw0fpGR3ndm2XCqR28MvV2mbkrob15dzdw1cYhGF4qhH9cL+s2PU076q00GqVsF+bkRn+NTV5WynOnJEbAB6sTraI2krpbz6A
	public=BACrKHo2xdeTIcQyHlcr2u5mavwPeRBe4g+7DmR6cGja+rW3/OuIjOnHM0H2Fv5knr5gCpOBIC1iw0fpGR3ndm2XCqR28MvV2mbkrob15dzdw1cYhGF4qhH9cL+s2PU076q00GqVsF+bkRn+NTV5WynOnJEbAB6sTraI2krpbz6A
	private=66be6a6e571b76d4f92882ce71a51ec2f22d90de5dd6a798ef644a68b938acf9561f6cf2372c0fa3e1b37ab92bc79a3d9dd4a0f25621d5234ee7b387d53629e7

Alien_to_Human-----a15004c0c867646637d21a969a36f75a1500abf2323ec61de15ce3a0fc9ccad0a2bdc8d057fdbb1fcd9c38959fe1e175270c33c704574771572226a305dce913
	key=BACrKHo2xdeTIcQyHlcr2u5mavwPeRBe4g+7DmR6cGja+rW3/OuIjOnHM0H2Fv5knr5gCpOBIC1iw0fpGR3ndm2XCqR28MvV2mbkrob15dzdw1cYhGF4qhH9cL+s2PU076q00GqVsF+bkRn+NTV5WynOnJEbAB6sTraI2krpbz6A
	public=BACrKHo2xdeTIcQyHlcr2u5mavwPeRBe4g+7DmR6cGja+rW3/OuIjOnHM0H2Fv5knr5gCpOBIC1iw0fpGR3ndm2XCqR28MvV2mbkrob15dzdw1cYhGF4qhH9cL+s2PU076q00GqVsF+bkRn+NTV5WynOnJEbAB6sTraI2krpbz6A
	private=66be6a6e571b76d4f92882ce71a51ec2f22d90de5dd6a798ef644a68b938acf9561f6cf2372c0fa3e1b37ab92bc79a3d9dd4a0f25621d5234ee7b387d53629e7

-----------------------brainpoolP512t1-----------------------
Human-----9e5c4414cdb2143437e3ac3976f1ef78c24d5e43d8feb33fc1a49b4665124100f261cb8819604badad3ad1f6b013ec426a7ee3f9798176ddb825f4a165ccac29
	key=021a0b5616618c64f8395b9e9b3f4bb6bfdeb25ca8f020600dc7aece705056b18f7c3827c7ae5cc83ecf3c27fe941b8c971f3b0cd62ed02dceed60667be5ddbd98
	public=021a0b5616618c64f8395b9e9b3f4bb6bfdeb25ca8f020600dc7aece705056b18f7c3827c7ae5cc83ecf3c27fe941b8c971f3b0cd62ed02dceed60667be5ddbd98
	private=Nx/fbBllvXeJ/z/Bj0Zv12DRG7lA5twOmEUNRhoj9OdzwYDDFPRy6BYdJTAYNy0t2aK9c6pnAgnuqiQfdPeIBw==

Alien-----nlxEFM2yFDQ346w5dvHveMJNXkPY/rM/waSbRmUSQQDyYcuIGWBLra060fawE+xCan7j+XmBdt24JfShZcysKQ==
	key=BKXgNXJNm4+DtEiXGUYjGRU9OdC3Haz5uklk70jQxa8ApQrgzbuLp4vFqN5Po5vBKRk1loHjqh3tZCdEsMxgqB6JpRF8Gk9y89yjEm7/HbqKZc4RyMiMYrZ0zi8aWqRLZ/tkBaBgP3NEPCR8to5SPRAzcE9xfNgluRk3szaXS5Xd
	public=BKXgNXJNm4+DtEiXGUYjGRU9OdC3Haz5uklk70jQxa8ApQrgzbuLp4vFqN5Po5vBKRk1loHjqh3tZCdEsMxgqB6JpRF8Gk9y89yjEm7/HbqKZc4RyMiMYrZ0zi8aWqRLZ/tkBaBgP3NEPCR8to5SPRAzcE9xfNgluRk3szaXS5Xd
	private=9d83f6daf5d2b5932934adc4d3a7dcd523c2352190d64ce37cc3f55457864197df39d3619e0af9f2fd1c35a045ccd1b63f7c172ab5630958a0cc28f29b786289

Alien_to_Human-----9e5c4414cdb2143437e3ac3976f1ef78c24d5e43d8feb33fc1a49b4665124100f261cb8819604badad3ad1f6b013ec426a7ee3f9798176ddb825f4a165ccac29
	key=BKXgNXJNm4+DtEiXGUYjGRU9OdC3Haz5uklk70jQxa8ApQrgzbuLp4vFqN5Po5vBKRk1loHjqh3tZCdEsMxgqB6JpRF8Gk9y89yjEm7/HbqKZc4RyMiMYrZ0zi8aWqRLZ/tkBaBgP3NEPCR8to5SPRAzcE9xfNgluRk3szaXS5Xd
	public=BKXgNXJNm4+DtEiXGUYjGRU9OdC3Haz5uklk70jQxa8ApQrgzbuLp4vFqN5Po5vBKRk1loHjqh3tZCdEsMxgqB6JpRF8Gk9y89yjEm7/HbqKZc4RyMiMYrZ0zi8aWqRLZ/tkBaBgP3NEPCR8to5SPRAzcE9xfNgluRk3szaXS5Xd
	private=9d83f6daf5d2b5932934adc4d3a7dcd523c2352190d64ce37cc3f55457864197df39d3619e0af9f2fd1c35a045ccd1b63f7c172ab5630958a0cc28f29b786289

-----------------------c2pnb163v1-----------------------
Human-----0222990df782c837958d4dcd9c0937777b24319756
	key=0207c75814484a9d6b1c1db3350b271ccb5e2b4ca1a0
	public=0207c75814484a9d6b1c1db3350b271ccb5e2b4ca1a0
	private=oX1pDEM8tiTHlOhcZh7ZXyGTDPo=

Alien-----AiKZDfeCyDeVjU3NnAk3d3skMZdW
	key=BAA80IWCCbMa3TcOgHUxvQhT5VvjnART539sieOBfz0pVCuNLQ/JZkHTKw==
	public=BAA80IWCCbMa3TcOgHUxvQhT5VvjnART539sieOBfz0pVCuNLQ/JZkHTKw==
	private=dc2cbff9d0cabbac5541cd00997bc983324155e4

Alien_to_Human-----0222990df782c837958d4dcd9c0937777b24319756
	key=BAA80IWCCbMa3TcOgHUxvQhT5VvjnART539sieOBfz0pVCuNLQ/JZkHTKw==
	public=BAA80IWCCbMa3TcOgHUxvQhT5VvjnART539sieOBfz0pVCuNLQ/JZkHTKw==
	private=dc2cbff9d0cabbac5541cd00997bc983324155e4

-----------------------c2pnb163v2-----------------------
Human-----02f5e7d76559dc32342448610d95db7323e6f47f46
	key=0201ad780828130f8e443e33f15ede15252bb7a64d1c
	public=0201ad780828130f8e443e33f15ede15252bb7a64d1c
	private=NF+rGw8/5BBQBH9ctk9Ep5KX/1k=

Alien-----AvXn12VZ3DI0JEhhDZXbcyPm9H9G
	key=BAVkhcFiYMZYAyWVBh/6iZonM5yXTQEV4zuHySrqWkLM+8RqJilTMZuFPw==
	public=BAVkhcFiYMZYAyWVBh/6iZonM5yXTQEV4zuHySrqWkLM+8RqJilTMZuFPw==
	private=e9d04c11e2a1164277b817e6907025478ef46ab0

Alien_to_Human-----02f5e7d76559dc32342448610d95db7323e6f47f46
	key=BAVkhcFiYMZYAyWVBh/6iZonM5yXTQEV4zuHySrqWkLM+8RqJilTMZuFPw==
	public=BAVkhcFiYMZYAyWVBh/6iZonM5yXTQEV4zuHySrqWkLM+8RqJilTMZuFPw==
	private=e9d04c11e2a1164277b817e6907025478ef46ab0

-----------------------c2pnb163v3-----------------------
Human-----0480c620ce2e5a00bc8fe4bab06569bd21b98bd28d
	key=020597756a418e3662e0f787f9424da30497e505b737
	public=020597756a418e3662e0f787f9424da30497e505b737
	private=AiYFIdHpGL4VCLsgwUB1UNasgKAM

Alien-----BIDGIM4uWgC8j+S6sGVpvSG5i9KN
	key=BAD2gmAVmh6/IqlcCkyLPDhDI5hi9QelJoI5vEod1o5FCbb0F5jMRjbEsw==
	public=BAD2gmAVmh6/IqlcCkyLPDhDI5hi9QelJoI5vEod1o5FCbb0F5jMRjbEsw==
	private=bec46e4444671c1b041eb8e078de0278d3d192f0

Alien_to_Human-----0480c620ce2e5a00bc8fe4bab06569bd21b98bd28d
	key=BAD2gmAVmh6/IqlcCkyLPDhDI5hi9QelJoI5vEod1o5FCbb0F5jMRjbEsw==
	public=BAD2gmAVmh6/IqlcCkyLPDhDI5hi9QelJoI5vEod1o5FCbb0F5jMRjbEsw==
	private=bec46e4444671c1b041eb8e078de0278d3d192f0

-----------------------c2pnb176v1-----------------------
Human-----af0ae5367e8906097b7360bdb55910f927959607b352
	key=03c2d326494a1fddcb9071005b384c7593479f077d331f
	public=03c2d326494a1fddcb9071005b384c7593479f077d331f
	private=D7KbaZ0jHfxiFy33m6XX4Sob9RI=

Alien-----rwrlNn6JBgl7c2C9tVkQ+SeVlgezUg==
	key=BM2xyx4e1hiqkUHwZBuuId4jjL1FfYrgFMES9uemH46trxQeEIEZ12BaQebL
	public=BM2xyx4e1hiqkUHwZBuuId4jjL1FfYrgFMES9uemH46trxQeEIEZ12BaQebL
	private=5957487a8310ac7c3aff93a8f75df7cc91cc9d79

Alien_to_Human-----af0ae5367e8906097b7360bdb55910f927959607b352
	key=BM2xyx4e1hiqkUHwZBuuId4jjL1FfYrgFMES9uemH46trxQeEIEZ12BaQebL
	public=BM2xyx4e1hiqkUHwZBuuId4jjL1FfYrgFMES9uemH46trxQeEIEZ12BaQebL
	private=5957487a8310ac7c3aff93a8f75df7cc91cc9d79

-----------------------c2pnb208w1-----------------------
Human-----5f7088644c266830ed825464b91c4a1164575e98c027bdcae92e
	key=034f68b7a922b53bfead7943bd50eaad673134afb28c09410411da
	public=034f68b7a922b53bfead7943bd50eaad673134afb28c09410411da
	private=hRLQ/xqh2aSBycSE2OeKRiU27ZDs56gT

Alien-----X3CIZEwmaDDtglRkuRxKEWRXXpjAJ73K6S4=
	key=BA7A7ENA029b3MXfzdtI05hXuAhhCwmUmLexWs2Z4EYwnv4azHeBEI/p6z0nxaGkbttJ5p4=
	public=BA7A7ENA029b3MXfzdtI05hXuAhhCwmUmLexWs2Z4EYwnv4azHeBEI/p6z0nxaGkbttJ5p4=
	private=b8810900cfa7f6dd2fd4a1f45025e8423e95dfcbfb683832

Alien_to_Human-----5f7088644c266830ed825464b91c4a1164575e98c027bdcae92e
	key=BA7A7ENA029b3MXfzdtI05hXuAhhCwmUmLexWs2Z4EYwnv4azHeBEI/p6z0nxaGkbttJ5p4=
	public=BA7A7ENA029b3MXfzdtI05hXuAhhCwmUmLexWs2Z4EYwnv4azHeBEI/p6z0nxaGkbttJ5p4=
	private=b8810900cfa7f6dd2fd4a1f45025e8423e95dfcbfb683832

-----------------------c2pnb272w1-----------------------
Human-----d826822a961b7c35bdf11967621e45817f7226218408a54fcb6091c462a7354f7adc
	key=033529e73f6238105638a1382d4618aca2014f35d67ef5edfb1823b556eb42a5083985
	public=033529e73f6238105638a1382d4618aca2014f35d67ef5edfb1823b556eb42a5083985
	private=+kEiNjnhCR4+DoFXh80wxkmt34uwS++62+xw8c+ONFw=

Alien-----2CaCKpYbfDW98RlnYh5FgX9yJiGECKVPy2CRxGKnNU963A==
	key=BNIVuhn81dHDpmH6X19njRBeHkjV19mT1E+isM9NLIsbrhsdqxRYyOKJVtO2kNImfDYje8Yy1004mr8/UMYXy1EidZt0
	public=BNIVuhn81dHDpmH6X19njRBeHkjV19mT1E+isM9NLIsbrhsdqxRYyOKJVtO2kNImfDYje8Yy1004mr8/UMYXy1EidZt0
	private=deb4bde10e692b86e2ed51a8a56532d49319c4d58c0a5f912a780dd2b7f26019

Alien_to_Human-----d826822a961b7c35bdf11967621e45817f7226218408a54fcb6091c462a7354f7adc
	key=BNIVuhn81dHDpmH6X19njRBeHkjV19mT1E+isM9NLIsbrhsdqxRYyOKJVtO2kNImfDYje8Yy1004mr8/UMYXy1EidZt0
	public=BNIVuhn81dHDpmH6X19njRBeHkjV19mT1E+isM9NLIsbrhsdqxRYyOKJVtO2kNImfDYje8Yy1004mr8/UMYXy1EidZt0
	private=deb4bde10e692b86e2ed51a8a56532d49319c4d58c0a5f912a780dd2b7f26019

-----------------------c2pnb304w1-----------------------
Human-----9c9a0bcdd13b4dbbe5350f480af0fca84a3b0a4f37e5465578a409a9cf1c58e1de3b17d898bf
	key=029fd9bc7e133448ecdf49af8aab5dacacc4c4a41b76a9fa8ff2d4baad74bdfa600f9e459d69b7
	public=029fd9bc7e133448ecdf49af8aab5dacacc4c4a41b76a9fa8ff2d4baad74bdfa600f9e459d69b7
	private=NdCpw/+TxRB9x7jG/u31rd6BWCoL4vMCyuLqGIKasa9n9USr

Alien-----nJoLzdE7TbvlNQ9ICvD8qEo7Ck835UZVeKQJqc8cWOHeOxfYmL8=
	key=BLKWR0iupfz9O68VbcEQmCfiZoeDs8c9s3z7q0T5hDNmLE5oC0WVMfkEIT4jV0cnQ6fggRL2n0K9uXxAGe1JVuCGqLCHQ/WLMLikY+g=
	public=BLKWR0iupfz9O68VbcEQmCfiZoeDs8c9s3z7q0T5hDNmLE5oC0WVMfkEIT4jV0cnQ6fggRL2n0K9uXxAGe1JVuCGqLCHQ/WLMLikY+g=
	private=3e29c8c4b989aca0657ea75f8c522b16c65aba7892a8b30ed80bf5b7322c82c1e86c5576

Alien_to_Human-----9c9a0bcdd13b4dbbe5350f480af0fca84a3b0a4f37e5465578a409a9cf1c58e1de3b17d898bf
	key=BLKWR0iupfz9O68VbcEQmCfiZoeDs8c9s3z7q0T5hDNmLE5oC0WVMfkEIT4jV0cnQ6fggRL2n0K9uXxAGe1JVuCGqLCHQ/WLMLikY+g=
	public=BLKWR0iupfz9O68VbcEQmCfiZoeDs8c9s3z7q0T5hDNmLE5oC0WVMfkEIT4jV0cnQ6fggRL2n0K9uXxAGe1JVuCGqLCHQ/WLMLikY+g=
	private=3e29c8c4b989aca0657ea75f8c522b16c65aba7892a8b30ed80bf5b7322c82c1e86c5576

-----------------------c2pnb368w1-----------------------
Human-----78b84950e0775f092efc83c5b06d1cac6e6603d56a6e50246533ec6696f32bf7c4da5d84a55687b32e02aa2789d0
	key=0242b7effd4daeb53a044944c65f176bef26ef87e4686b0ab77559080c7adbfa39a2a3018f09801e3576ab827d8ce3
	public=0242b7effd4daeb53a044944c65f176bef26ef87e4686b0ab77559080c7adbfa39a2a3018f09801e3576ab827d8ce3
	private=9t7GFqawAbNq8TypfNomisxiLLPiV2VATYvy09zfQ8QqsbfivGnoQKU1ip4=

Alien-----eLhJUOB3Xwku/IPFsG0crG5mA9VqblAkZTPsZpbzK/fE2l2EpVaHsy4CqieJ0A==
	key=BPEFK5sR8i68KxqrEVWhPbLBhjyoc5BhKwB/uqL9RVMGnqdX5C/P0OMT4UWTkEX7pQtnsfqIpTpDXF4rOLLOQ6LVhl2Tf30vuTaqas6i/LW79303rdj4gq/aQt1F
	public=BPEFK5sR8i68KxqrEVWhPbLBhjyoc5BhKwB/uqL9RVMGnqdX5C/P0OMT4UWTkEX7pQtnsfqIpTpDXF4rOLLOQ6LVhl2Tf30vuTaqas6i/LW79303rdj4gq/aQt1F
	private=9997528acee8a68870d4221eb54f56e10ccf5c8e40a24509f9f37f46fdf78b065aa51d3b9084c07c22cbc7ec

Alien_to_Human-----78b84950e0775f092efc83c5b06d1cac6e6603d56a6e50246533ec6696f32bf7c4da5d84a55687b32e02aa2789d0
	key=BPEFK5sR8i68KxqrEVWhPbLBhjyoc5BhKwB/uqL9RVMGnqdX5C/P0OMT4UWTkEX7pQtnsfqIpTpDXF4rOLLOQ6LVhl2Tf30vuTaqas6i/LW79303rdj4gq/aQt1F
	public=BPEFK5sR8i68KxqrEVWhPbLBhjyoc5BhKwB/uqL9RVMGnqdX5C/P0OMT4UWTkEX7pQtnsfqIpTpDXF4rOLLOQ6LVhl2Tf30vuTaqas6i/LW79303rdj4gq/aQt1F
	private=9997528acee8a68870d4221eb54f56e10ccf5c8e40a24509f9f37f46fdf78b065aa51d3b9084c07c22cbc7ec

-----------------------c2tnb191v1-----------------------
Human-----38710e22be0ab21cee7130e07880e11dffc4d88abce3e9b1
	key=03402e252f624e51e41b79666549b81ea30fa76fa809a9be65
	public=03402e252f624e51e41b79666549b81ea30fa76fa809a9be65
	private=HtJMn7LBPsjIQ9JqY+vEZjmA2FMdyMXA

Alien-----OHEOIr4KshzucTDgeIDhHf/E2Iq84+mx
	key=BE27m2EDJNxckntdblcdezW2pYruh1nfaxqvE1/Z5crSaFPBMqX/1sGCa6Bk4PZFNQ==
	public=BE27m2EDJNxckntdblcdezW2pYruh1nfaxqvE1/Z5crSaFPBMqX/1sGCa6Bk4PZFNQ==
	private=2cb54789337523789d6f753f54b6b3f73c46aa42d8adf645

Alien_to_Human-----38710e22be0ab21cee7130e07880e11dffc4d88abce3e9b1
	key=BE27m2EDJNxckntdblcdezW2pYruh1nfaxqvE1/Z5crSaFPBMqX/1sGCa6Bk4PZFNQ==
	public=BE27m2EDJNxckntdblcdezW2pYruh1nfaxqvE1/Z5crSaFPBMqX/1sGCa6Bk4PZFNQ==
	private=2cb54789337523789d6f753f54b6b3f73c46aa42d8adf645

-----------------------c2tnb191v2-----------------------
Human-----73cf7ebed655acd43947ad765ba2b1b023a35698ba3ad42a
	key=0269069a4e2dc7e1fdb266e3d5788febb156f5b128f16b1f3a
	public=0269069a4e2dc7e1fdb266e3d5788febb156f5b128f16b1f3a
	private=CYjVQlIaul6zwgX+a3hi+sGyrg1Ocei9

Alien-----c89+vtZVrNQ5R612W6KxsCOjVpi6OtQq
	key=BGGqSm7KnGSSph+Cqd2iAXnX/oXADVLIMEV/94/pA2bixwFB3s2hvNQPyZ9QlHP/7A==
	public=BGGqSm7KnGSSph+Cqd2iAXnX/oXADVLIMEV/94/pA2bixwFB3s2hvNQPyZ9QlHP/7A==
	private=06795fa331ef25abc116bef5486319fda80c261a1cef4ff6

Alien_to_Human-----73cf7ebed655acd43947ad765ba2b1b023a35698ba3ad42a
	key=BGGqSm7KnGSSph+Cqd2iAXnX/oXADVLIMEV/94/pA2bixwFB3s2hvNQPyZ9QlHP/7A==
	public=BGGqSm7KnGSSph+Cqd2iAXnX/oXADVLIMEV/94/pA2bixwFB3s2hvNQPyZ9QlHP/7A==
	private=06795fa331ef25abc116bef5486319fda80c261a1cef4ff6

-----------------------c2tnb191v3-----------------------
Human-----7face8f98595b5a9d57939c60804674ccf3ccdcb4c451307
	key=027af03db958a8fcb58505d7266b3ee400de215581de3f7ef5
	public=027af03db958a8fcb58505d7266b3ee400de215581de3f7ef5
	private=DU8Ex+0q36eInr8KUWVhjfliCbg1CPYE

Alien-----f6zo+YWVtanVeTnGCARnTM88zctMRRMH
	key=BDBP9KbiUZAM51Feyy75xw4kiE2ZCG/dIzB2z1j11HqWinWu1SgK2BvX/b3JuRn6Tw==
	public=BDBP9KbiUZAM51Feyy75xw4kiE2ZCG/dIzB2z1j11HqWinWu1SgK2BvX/b3JuRn6Tw==
	private=0eab7093b659ec2cdcac066af01f584b9144e49d10589c7b

Alien_to_Human-----7face8f98595b5a9d57939c60804674ccf3ccdcb4c451307
	key=BDBP9KbiUZAM51Feyy75xw4kiE2ZCG/dIzB2z1j11HqWinWu1SgK2BvX/b3JuRn6Tw==
	public=BDBP9KbiUZAM51Feyy75xw4kiE2ZCG/dIzB2z1j11HqWinWu1SgK2BvX/b3JuRn6Tw==
	private=0eab7093b659ec2cdcac066af01f584b9144e49d10589c7b

-----------------------c2tnb239v1-----------------------
Human-----5cd5de15d0b0424c99136aff26547144834ea2398c11fc6b6260f6a1a656
	key=0263a783b31d5bbe78e68ecd41b012c2c5e69410c6f0bb474ef3f999256fa3
	public=0263a783b31d5bbe78e68ecd41b012c2c5e69410c6f0bb474ef3f999256fa3
	private=ES1+ZTXvKW5RPwZ+fHCZIW88MkVVmhGJ8Xm3WJ3R

Alien-----XNXeFdCwQkyZE2r/JlRxRINOojmMEfxrYmD2oaZW
	key=BESjdrwhNYtO3oOZR64pel/U3vums1Ubihrj2b5VlgrdsHjY0V70HLzD36ymTYNEC4HdOQ6Tk7bZ/tazEg==
	public=BESjdrwhNYtO3oOZR64pel/U3vums1Ubihrj2b5VlgrdsHjY0V70HLzD36ymTYNEC4HdOQ6Tk7bZ/tazEg==
	private=18ccfaefc0af8b856b45cf6ba2f5348c761e7e03abcf0f54e72256eff205

Alien_to_Human-----5cd5de15d0b0424c99136aff26547144834ea2398c11fc6b6260f6a1a656
	key=BESjdrwhNYtO3oOZR64pel/U3vums1Ubihrj2b5VlgrdsHjY0V70HLzD36ymTYNEC4HdOQ6Tk7bZ/tazEg==
	public=BESjdrwhNYtO3oOZR64pel/U3vums1Ubihrj2b5VlgrdsHjY0V70HLzD36ymTYNEC4HdOQ6Tk7bZ/tazEg==
	private=18ccfaefc0af8b856b45cf6ba2f5348c761e7e03abcf0f54e72256eff205

-----------------------c2tnb239v2-----------------------
Human-----21e6cf3b87b870a80e5f3e7994573a25d05bb4b04616fdf2b8898f1a420b
	key=0250a54ec1d65922c4ec0a517cb137c67b7918bf334968f6a7fd8e7e383235
	public=0250a54ec1d65922c4ec0a517cb137c67b7918bf334968f6a7fd8e7e383235
	private=BSu0CmsqK0c8kNxkU74GJZ8uXpwAAO+ky5n8InDk

Alien-----IebPO4e4cKgOXz55lFc6JdBbtLBGFv3yuImPGkIL
	key=BBnira02p6mu8XDpZrUEI4gGSnYyDZysPU6LmfdugwqpSD1iyTe2At1Ian8XzOCU9qYAvVAHf7XYwrbgjA==
	public=BBnira02p6mu8XDpZrUEI4gGSnYyDZysPU6LmfdugwqpSD1iyTe2At1Ian8XzOCU9qYAvVAHf7XYwrbgjA==
	private=018914fbf7178b2d6a2ce14b679090babbfef3237a0e81bf3523a740c290

Alien_to_Human-----21e6cf3b87b870a80e5f3e7994573a25d05bb4b04616fdf2b8898f1a420b
	key=BBnira02p6mu8XDpZrUEI4gGSnYyDZysPU6LmfdugwqpSD1iyTe2At1Ian8XzOCU9qYAvVAHf7XYwrbgjA==
	public=BBnira02p6mu8XDpZrUEI4gGSnYyDZysPU6LmfdugwqpSD1iyTe2At1Ian8XzOCU9qYAvVAHf7XYwrbgjA==
	private=018914fbf7178b2d6a2ce14b679090babbfef3237a0e81bf3523a740c290

-----------------------c2tnb239v3-----------------------
Human-----65c4b832190909b3d3552ae49f5204a2e915555dd7f5c5ce4fcbeb08c4a6
	key=034a17950f62e52b365215e5b413280b60702293f09583f669f85368741359
	public=034a17950f62e52b365215e5b413280b60702293f09583f669f85368741359
	private=AQUTXhhmsr6nigkvq0ox8SgCWPsm+aFv2FxtEdQi

Alien-----ZcS4MhkJCbPTVSrkn1IEoukVVV3X9cXOT8vrCMSm
	key=BFaNujjX7qmWxn+aIHIi4morlG3aKdgLrPOQ3jCgeSdxV4Nb6TD5B8om444x2SZmBfTq1Rr0l46uQHA1mw==
	public=BFaNujjX7qmWxn+aIHIi4morlG3aKdgLrPOQ3jCgeSdxV4Nb6TD5B8om444x2SZmBfTq1Rr0l46uQHA1mw==
	private=0beb61f836a94841175cf456409d4e80cb39f0209c8d96dafa4f17d1b904

Alien_to_Human-----65c4b832190909b3d3552ae49f5204a2e915555dd7f5c5ce4fcbeb08c4a6
	key=BFaNujjX7qmWxn+aIHIi4morlG3aKdgLrPOQ3jCgeSdxV4Nb6TD5B8om444x2SZmBfTq1Rr0l46uQHA1mw==
	public=BFaNujjX7qmWxn+aIHIi4morlG3aKdgLrPOQ3jCgeSdxV4Nb6TD5B8om444x2SZmBfTq1Rr0l46uQHA1mw==
	private=0beb61f836a94841175cf456409d4e80cb39f0209c8d96dafa4f17d1b904

-----------------------c2tnb359v1-----------------------
Human-----38c959b6f8537f11d85ab9b77b912fbb19879c5e29c188c893c24f1dad5d0c0afd447abdbafc43d57999cbf065
	key=03641f96e942be6e3a3260368815f54ab20692c5018d8868eb853745eb3bad76c8872ed9bba9f5c3302c1eb60322
	public=03641f96e942be6e3a3260368815f54ab20692c5018d8868eb853745eb3bad76c8872ed9bba9f5c3302c1eb60322
	private=AXqYYLliYLAKMLi4u31nGiALdP5laaIzZID1mDgCnk8/9H++Vxwh7meFthiY

Alien-----OMlZtvhTfxHYWrm3e5EvuxmHnF4pwYjIk8JPHa1dDAr9RHq9uvxD1XmZy/Bl
	key=BHLph2tREjQW0kzitDI4s0EejpV3PrFr4XtLJDM9lMYFYbQLqeb5aP0VgE0RPCcYJBgYCbehpDmApGG507FVN6hbQnahycYKVUAaBnAq8ftX1d7MSsnfgt1G+g==
	public=BHLph2tREjQW0kzitDI4s0EejpV3PrFr4XtLJDM9lMYFYbQLqeb5aP0VgE0RPCcYJBgYCbehpDmApGG507FVN6hbQnahycYKVUAaBnAq8ftX1d7MSsnfgt1G+g==
	private=a4b20b249c4119255c1d7784a82becbffebcdb39c8ce5ccabcb4ca7b729362b203a14af474c40d9833ab7554

Alien_to_Human-----38c959b6f8537f11d85ab9b77b912fbb19879c5e29c188c893c24f1dad5d0c0afd447abdbafc43d57999cbf065
	key=BHLph2tREjQW0kzitDI4s0EejpV3PrFr4XtLJDM9lMYFYbQLqeb5aP0VgE0RPCcYJBgYCbehpDmApGG507FVN6hbQnahycYKVUAaBnAq8ftX1d7MSsnfgt1G+g==
	public=BHLph2tREjQW0kzitDI4s0EejpV3PrFr4XtLJDM9lMYFYbQLqeb5aP0VgE0RPCcYJBgYCbehpDmApGG507FVN6hbQnahycYKVUAaBnAq8ftX1d7MSsnfgt1G+g==
	private=a4b20b249c4119255c1d7784a82becbffebcdb39c8ce5ccabcb4ca7b729362b203a14af474c40d9833ab7554

-----------------------c2tnb431r1-----------------------
Human-----4e321e1cecc696c7c0334faa648aeff8fd9abf0bb9a97eeef221676de56b230fc7307c842e8d6cc2429b2112831ffc086bc7e0e64c6d
	key=0340883679691c78084ec0e09dfc6de467e0fd3e7ca11c4526791360431dab135b7edf8bf0b58db3b5d9a3f94f503b14c7ed3485f24ba2
	public=0340883679691c78084ec0e09dfc6de467e0fd3e7ca11c4526791360431dab135b7edf8bf0b58db3b5d9a3f94f503b14c7ed3485f24ba2
	private=bfrZEmS7PIIeGShQbNrQkygQ0/BqGOIhoiQ2NnsRm43nvlETESOLiUnT13lUnqlKq1PGyQ==

Alien-----TjIeHOzGlsfAM0+qZIrv+P2avwu5qX7u8iFnbeVrIw/HMHyELo1swkKbIRKDH/wIa8fg5kxt
	key=BHx/WBD7e6ioRHDAvDm5vNtlGqRf6mjwd3gZuFW/62pPy54DkEXxjJAwTjHKEr8DVNbpa80P/yjCirgwLa4T19+91n3cGP8iycpsVtGwihlCa+TeVvadArcZdNgLeEYlwghys485wg9LfQ/Wew==
	public=BHx/WBD7e6ioRHDAvDm5vNtlGqRf6mjwd3gZuFW/62pPy54DkEXxjJAwTjHKEr8DVNbpa80P/yjCirgwLa4T19+91n3cGP8iycpsVtGwihlCa+TeVvadArcZdNgLeEYlwghys485wg9LfQ/Wew==
	private=a7a7f2d5470bf468b4f7bc6d2e5183a869c7cb0fd4bf58ecc087182d90c3cc67dfb7722c3292afaf35adbfaf47cd657fc72790c6

Alien_to_Human-----4e321e1cecc696c7c0334faa648aeff8fd9abf0bb9a97eeef221676de56b230fc7307c842e8d6cc2429b2112831ffc086bc7e0e64c6d
	key=BHx/WBD7e6ioRHDAvDm5vNtlGqRf6mjwd3gZuFW/62pPy54DkEXxjJAwTjHKEr8DVNbpa80P/yjCirgwLa4T19+91n3cGP8iycpsVtGwihlCa+TeVvadArcZdNgLeEYlwghys485wg9LfQ/Wew==
	public=BHx/WBD7e6ioRHDAvDm5vNtlGqRf6mjwd3gZuFW/62pPy54DkEXxjJAwTjHKEr8DVNbpa80P/yjCirgwLa4T19+91n3cGP8iycpsVtGwihlCa+TeVvadArcZdNgLeEYlwghys485wg9LfQ/Wew==
	private=a7a7f2d5470bf468b4f7bc6d2e5183a869c7cb0fd4bf58ecc087182d90c3cc67dfb7722c3292afaf35adbfaf47cd657fc72790c6

-----------------------prime192v1-----------------------
Human-----9fdc574d2511623a44cb05f981425eb226728b36559ee5a9
	key=030a3c4bcfca1f21d2b5f981d7513e4dbec8bb3c873f59c280
	public=030a3c4bcfca1f21d2b5f981d7513e4dbec8bb3c873f59c280
	private=4bHLBTqnXfC+h4Gq34tjLKnrOtoKwEjY

Alien-----n9xXTSURYjpEywX5gUJesiZyizZVnuWp
	key=BGt9tVT1H/G2C1apGDjUc4g9EYG2SrRdP992UfbGOuIhUmLZSeixWCzRxiGLqaHBIg==
	public=BGt9tVT1H/G2C1apGDjUc4g9EYG2SrRdP992UfbGOuIhUmLZSeixWCzRxiGLqaHBIg==
	private=603ca831198f7e89555a101fc81299a35104993f3351c543

Alien_to_Human-----9fdc574d2511623a44cb05f981425eb226728b36559ee5a9
	key=BGt9tVT1H/G2C1apGDjUc4g9EYG2SrRdP992UfbGOuIhUmLZSeixWCzRxiGLqaHBIg==
	public=BGt9tVT1H/G2C1apGDjUc4g9EYG2SrRdP992UfbGOuIhUmLZSeixWCzRxiGLqaHBIg==
	private=603ca831198f7e89555a101fc81299a35104993f3351c543

-----------------------prime192v2-----------------------
Human-----8d7fdc8c6dbdbdbd3c5cd8ad625888caf0875123855605dc
	key=03b38fe9d7691f97f62d87551b39aadb746c4a36d5df31eb62
	public=03b38fe9d7691f97f62d87551b39aadb746c4a36d5df31eb62
	private=O9izyvRZVfbn/ETTy8jWFKLTJkjGxTbv

Alien-----jX/cjG29vb08XNitYliIyvCHUSOFVgXc
	key=BP6J7lCuAWVNPRfRjKRdi9+c2JZDkH5x704f46z8y0Vm1afpD7kOcZLUld3+KJAQTA==
	public=BP6J7lCuAWVNPRfRjKRdi9+c2JZDkH5x704f46z8y0Vm1afpD7kOcZLUld3+KJAQTA==
	private=c607a0890b1d792210e6bf433241a13a6d5faee5530dd0ba

Alien_to_Human-----8d7fdc8c6dbdbdbd3c5cd8ad625888caf0875123855605dc
	key=BP6J7lCuAWVNPRfRjKRdi9+c2JZDkH5x704f46z8y0Vm1afpD7kOcZLUld3+KJAQTA==
	public=BP6J7lCuAWVNPRfRjKRdi9+c2JZDkH5x704f46z8y0Vm1afpD7kOcZLUld3+KJAQTA==
	private=c607a0890b1d792210e6bf433241a13a6d5faee5530dd0ba

-----------------------prime192v3-----------------------
Human-----f27f22c88d2db3712249b2f943759a91113740ac99f0112e
	key=032d049e0142ee942edc50f7bd87445641e7f0cf730c35ecc4
	public=032d049e0142ee942edc50f7bd87445641e7f0cf730c35ecc4
	private=kSyRz3NM/8x/UXBE81ESe0EH8So2+muI

Alien-----8n8iyI0ts3EiSbL5Q3WakRE3QKyZ8BEu
	key=BHvSFtyMkJr6Fk1NIps5v2JsCA7cjChLeuTgK4fHelIuncbWFW35y9z0j08jCeQUNQ==
	public=BHvSFtyMkJr6Fk1NIps5v2JsCA7cjChLeuTgK4fHelIuncbWFW35y9z0j08jCeQUNQ==
	private=d028996c63c4d3b8e3127c9b0c3f6ab43770ebc4167f41d9

Alien_to_Human-----f27f22c88d2db3712249b2f943759a91113740ac99f0112e
	key=BHvSFtyMkJr6Fk1NIps5v2JsCA7cjChLeuTgK4fHelIuncbWFW35y9z0j08jCeQUNQ==
	public=BHvSFtyMkJr6Fk1NIps5v2JsCA7cjChLeuTgK4fHelIuncbWFW35y9z0j08jCeQUNQ==
	private=d028996c63c4d3b8e3127c9b0c3f6ab43770ebc4167f41d9

-----------------------prime239v1-----------------------
Human-----431013a35d1d540367c655398b561255112545ebd152d4dddf6a011bb2a6
	key=03278ff36348f2842c14036bcc40b0b2387a43742c35cfbbd046602ee3aa46
	public=03278ff36348f2842c14036bcc40b0b2387a43742c35cfbbd046602ee3aa46
	private=FYuv+KguYh3eXsUj6551ykk4HX9RWkVxntmyq4Gv

Alien-----QxATo10dVANnxlU5i1YSVRElRevRUtTd32oBG7Km
	key=BG7bExJ+n2pVq8K4Y8UCnJ/G/qrOVsBcIrBqFTWjHA9pYin6PzwkUfUswgi9pbkOG8UfJd3TtZsPEcDEjw==
	public=BG7bExJ+n2pVq8K4Y8UCnJ/G/qrOVsBcIrBqFTWjHA9pYin6PzwkUfUswgi9pbkOG8UfJd3TtZsPEcDEjw==
	private=60e6ca89eab3ea68adcbaaa5eb41c95f966dee47a00f37178fdbb92082c8

Alien_to_Human-----431013a35d1d540367c655398b561255112545ebd152d4dddf6a011bb2a6
	key=BG7bExJ+n2pVq8K4Y8UCnJ/G/qrOVsBcIrBqFTWjHA9pYin6PzwkUfUswgi9pbkOG8UfJd3TtZsPEcDEjw==
	public=BG7bExJ+n2pVq8K4Y8UCnJ/G/qrOVsBcIrBqFTWjHA9pYin6PzwkUfUswgi9pbkOG8UfJd3TtZsPEcDEjw==
	private=60e6ca89eab3ea68adcbaaa5eb41c95f966dee47a00f37178fdbb92082c8

-----------------------prime239v2-----------------------
Human-----20f02570881358834f17aebec4b23fecd9c11984dad3525533e6e97783a6
	key=0356030fafe5a435a80779fd4176759929ff20ed6c58107b1f8ace742741bf
	public=0356030fafe5a435a80779fd4176759929ff20ed6c58107b1f8ace742741bf
	private=bqLXNaMqK60EhGIX0dkgik6rUrYSG56MjmDHJJoA

Alien-----IPAlcIgTWINPF66+xLI/7NnBGYTa01JVM+bpd4Om
	key=BHpfp6UOuWSjXfBLuyBcGgRyBEQt7585OuIPjD1SnRL09IvgSTms3tji2QcgAnMHEn5aDTYrojf/IpNrRQ==
	public=BHpfp6UOuWSjXfBLuyBcGgRyBEQt7585OuIPjD1SnRL09IvgSTms3tji2QcgAnMHEn5aDTYrojf/IpNrRQ==
	private=5a17825e9f8d1591d5102cb8ef4c42456181ee5fa08ca409037ac932a2f8

Alien_to_Human-----20f02570881358834f17aebec4b23fecd9c11984dad3525533e6e97783a6
	key=BHpfp6UOuWSjXfBLuyBcGgRyBEQt7585OuIPjD1SnRL09IvgSTms3tji2QcgAnMHEn5aDTYrojf/IpNrRQ==
	public=BHpfp6UOuWSjXfBLuyBcGgRyBEQt7585OuIPjD1SnRL09IvgSTms3tji2QcgAnMHEn5aDTYrojf/IpNrRQ==
	private=5a17825e9f8d1591d5102cb8ef4c42456181ee5fa08ca409037ac932a2f8

-----------------------prime239v3-----------------------
Human-----5cb190f8fc56cd4dedf33ceaca6390ce1b03ba3416c0711d03aa297286fe
	key=034bb7dad3a2cbde42cefee512cc27e2edcf1c73675801dd4c525d144d6103
	public=034bb7dad3a2cbde42cefee512cc27e2edcf1c73675801dd4c525d144d6103
	private=fpZsKx6Ahuk2H+Idem4m8unK8xeQAURVd/0UpfAD

Alien-----XLGQ+PxWzU3t8zzqymOQzhsDujQWwHEdA6opcob+
	key=BHq1WJxM55FiYeYQK9xf10EkwsWryVo2tK2+mi/IKxqi389meKEyfnElBdOQEz2bP6Cc8MF2yRLqN7C+Fw==
	public=BHq1WJxM55FiYeYQK9xf10EkwsWryVo2tK2+mi/IKxqi389meKEyfnElBdOQEz2bP6Cc8MF2yRLqN7C+Fw==
	private=06d1f70d6d5e950934c88453e047d170a2b7c7e4096c507f07644a86233b

Alien_to_Human-----5cb190f8fc56cd4dedf33ceaca6390ce1b03ba3416c0711d03aa297286fe
	key=BHq1WJxM55FiYeYQK9xf10EkwsWryVo2tK2+mi/IKxqi389meKEyfnElBdOQEz2bP6Cc8MF2yRLqN7C+Fw==
	public=BHq1WJxM55FiYeYQK9xf10EkwsWryVo2tK2+mi/IKxqi389meKEyfnElBdOQEz2bP6Cc8MF2yRLqN7C+Fw==
	private=06d1f70d6d5e950934c88453e047d170a2b7c7e4096c507f07644a86233b

-----------------------prime256v1-----------------------
Human-----04b2cfdd18c049541090d70ad6d8a5ab715426db76f265d7fe099930af4d8d4a
	key=030391dcdee3467748000d0e6a5f9e7511f12cc71f0cc1c3487b2bf11dc3526853
	public=030391dcdee3467748000d0e6a5f9e7511f12cc71f0cc1c3487b2bf11dc3526853
	private=EX7XNjxjvbNCN28ph3c1K9RvaQCzT6NOFqg0TscE25k=

Alien-----BLLP3RjASVQQkNcK1tilq3FUJtt28mXX/gmZMK9NjUo=
	key=BECL/xplJ+oCf0bSmQh9vT27tq1deXWWYNNn0Wu9AyDwQxxk++o4QG9/6bx2Uxj6XhU14fvBeg6A+2G+gNk8NgY=
	public=BECL/xplJ+oCf0bSmQh9vT27tq1deXWWYNNn0Wu9AyDwQxxk++o4QG9/6bx2Uxj6XhU14fvBeg6A+2G+gNk8NgY=
	private=1ba01755aa6c19430c88e61c28f52b243127c10bf9108b7a1105e533ddaa0589

Alien_to_Human-----04b2cfdd18c049541090d70ad6d8a5ab715426db76f265d7fe099930af4d8d4a
	key=BECL/xplJ+oCf0bSmQh9vT27tq1deXWWYNNn0Wu9AyDwQxxk++o4QG9/6bx2Uxj6XhU14fvBeg6A+2G+gNk8NgY=
	public=BECL/xplJ+oCf0bSmQh9vT27tq1deXWWYNNn0Wu9AyDwQxxk++o4QG9/6bx2Uxj6XhU14fvBeg6A+2G+gNk8NgY=
	private=1ba01755aa6c19430c88e61c28f52b243127c10bf9108b7a1105e533ddaa0589

-----------------------secp112r1-----------------------
Human-----5daba491b03870d8f4f5bc4b55d6
	key=03b09e47b71d05176ce7027ffedf17
	public=03b09e47b71d05176ce7027ffedf17
	private=W+3xXpHY4wq5m14zA5k=

Alien-----XaukkbA4cNj09bxLVdY=
	key=BAO+0ng/cRON9fvm/5L+wM7aCUJtHV2ajCKCZlU=
	public=BAO+0ng/cRON9fvm/5L+wM7aCUJtHV2ajCKCZlU=
	private=3a14b14189b96f4ee60e03b3437e

Alien_to_Human-----5daba491b03870d8f4f5bc4b55d6
	key=BAO+0ng/cRON9fvm/5L+wM7aCUJtHV2ajCKCZlU=
	public=BAO+0ng/cRON9fvm/5L+wM7aCUJtHV2ajCKCZlU=
	private=3a14b14189b96f4ee60e03b3437e

-----------------------secp112r2-----------------------
Human-----83a5fda5a9c04a7a5a8f1895ab19
	key=032e4a334995c48cadbc6736b088eb
	public=032e4a334995c48cadbc6736b088eb
	private=DWFiOJsxndVFXhTP15A=

Alien-----g6X9panASnpajxiVqxk=
	key=BCqHW/3g05hMzckqeP7WUsHZIz9ES2DbLMFgbh4=
	public=BCqHW/3g05hMzckqeP7WUsHZIz9ES2DbLMFgbh4=
	private=085ce47bc6a7d8b8ca3e36d5a365

Alien_to_Human-----83a5fda5a9c04a7a5a8f1895ab19
	key=BCqHW/3g05hMzckqeP7WUsHZIz9ES2DbLMFgbh4=
	public=BCqHW/3g05hMzckqeP7WUsHZIz9ES2DbLMFgbh4=
	private=085ce47bc6a7d8b8ca3e36d5a365

-----------------------secp128r1-----------------------
Human-----f8719a46fe43d174e0c46b46f022f46f
	key=0231becb5a2295fd7dcd6a78c50e438cd4
	public=0231becb5a2295fd7dcd6a78c50e438cd4
	private=1M39zWqr1uAK+IJo78IW7w==

Alien-----+HGaRv5D0XTgxGtG8CL0bw==
	key=BOM+TthlCk2k3mjD4thEtds92YHHDjozlvLhJUcPNIgt
	public=BOM+TthlCk2k3mjD4thEtds92YHHDjozlvLhJUcPNIgt
	private=df8ffcd4e2a5e6443ca08a365e0eae19

Alien_to_Human-----f8719a46fe43d174e0c46b46f022f46f
	key=BOM+TthlCk2k3mjD4thEtds92YHHDjozlvLhJUcPNIgt
	public=BOM+TthlCk2k3mjD4thEtds92YHHDjozlvLhJUcPNIgt
	private=df8ffcd4e2a5e6443ca08a365e0eae19

-----------------------secp128r2-----------------------
Human-----9adb9a7382535b013cbe85e3fd2e7a2d
	key=0229962dae8ae3fceac3dc1da0e5ed195d
	public=0229962dae8ae3fceac3dc1da0e5ed195d
	private=DEtvmfxs/la5MYxVcm5oaw==

Alien-----mtuac4JTWwE8voXj/S56LQ==
	key=BLuAcaQi9csGoOvxHux5C22vR84mtcJQfo2nhoCtSxP+
	public=BLuAcaQi9csGoOvxHux5C22vR84mtcJQfo2nhoCtSxP+
	private=3a13a57ad343da6310eb3cc07a8da67a

Alien_to_Human-----9adb9a7382535b013cbe85e3fd2e7a2d
	key=BLuAcaQi9csGoOvxHux5C22vR84mtcJQfo2nhoCtSxP+
	public=BLuAcaQi9csGoOvxHux5C22vR84mtcJQfo2nhoCtSxP+
	private=3a13a57ad343da6310eb3cc07a8da67a

-----------------------secp160k1-----------------------
Human-----8586716123ed8c122e0ae49d1ea095bc9204ec10
	key=0308fb33d824ce500a6ea8b10168c7d54f1793bb76
	public=0308fb33d824ce500a6ea8b10168c7d54f1793bb76
	private=iMf6IcO5OvRLtKYLdGfW1oEEI2M=

Alien-----hYZxYSPtjBIuCuSdHqCVvJIE7BA=
	key=BNQhIqZRfH8GAdpxJJcemswWM/tsSq74uyXGRiJEtiT5HYhqXMVP5u4=
	public=BNQhIqZRfH8GAdpxJJcemswWM/tsSq74uyXGRiJEtiT5HYhqXMVP5u4=
	private=bcf2988ac46e1d14cf64742b91e54fcfa33c1668

Alien_to_Human-----8586716123ed8c122e0ae49d1ea095bc9204ec10
	key=BNQhIqZRfH8GAdpxJJcemswWM/tsSq74uyXGRiJEtiT5HYhqXMVP5u4=
	public=BNQhIqZRfH8GAdpxJJcemswWM/tsSq74uyXGRiJEtiT5HYhqXMVP5u4=
	private=bcf2988ac46e1d14cf64742b91e54fcfa33c1668

-----------------------secp160r1-----------------------
Human-----ffcac7f18a165e4a193c526c4173f13b6518e804
	key=02c2be5608e08e0ac50333744638c153e4da8e267e
	public=02c2be5608e08e0ac50333744638c153e4da8e267e
	private=2uDJHWuIkFFQp66rrkSv8CnxsZg=

Alien-----/8rH8YoWXkoZPFJsQXPxO2UY6AQ=
	key=BEQepPbeSFMAzYQN61POtRUv1sTeBFIrMhn5MbSV3n5+vBREspAjMF4=
	public=BEQepPbeSFMAzYQN61POtRUv1sTeBFIrMhn5MbSV3n5+vBREspAjMF4=
	private=e4623cbcb17d16e64596342ee463b77d6c1b7679

Alien_to_Human-----ffcac7f18a165e4a193c526c4173f13b6518e804
	key=BEQepPbeSFMAzYQN61POtRUv1sTeBFIrMhn5MbSV3n5+vBREspAjMF4=
	public=BEQepPbeSFMAzYQN61POtRUv1sTeBFIrMhn5MbSV3n5+vBREspAjMF4=
	private=e4623cbcb17d16e64596342ee463b77d6c1b7679

-----------------------secp160r2-----------------------
Human-----9929bafef4fb3e54e7a63b18b47cdab8eb7c71b8
	key=03cc37b4afe11228cbfd54f14058663b0b7369d747
	public=03cc37b4afe11228cbfd54f14058663b0b7369d747
	private=2Cmev1mEJQkXY8fXrFdtRlqf55Y=

Alien-----mSm6/vT7PlTnpjsYtHzauOt8cbg=
	key=BJdwTQBHKqVF5Hw4Lz5cmvAzTnR5h2Ml5u+QSZ3iZdDwKpvTW4kNIwk=
	public=BJdwTQBHKqVF5Hw4Lz5cmvAzTnR5h2Ml5u+QSZ3iZdDwKpvTW4kNIwk=
	private=85db7f39ec31d890325e960f79630ee769bbeb18

Alien_to_Human-----9929bafef4fb3e54e7a63b18b47cdab8eb7c71b8
	key=BJdwTQBHKqVF5Hw4Lz5cmvAzTnR5h2Ml5u+QSZ3iZdDwKpvTW4kNIwk=
	public=BJdwTQBHKqVF5Hw4Lz5cmvAzTnR5h2Ml5u+QSZ3iZdDwKpvTW4kNIwk=
	private=85db7f39ec31d890325e960f79630ee769bbeb18

-----------------------secp192k1-----------------------
Human-----21856014e3dc2544108874dea152a9e7ce776ce26dabe5c0
	key=03dc86ae5984e0759ecd6042ef865f1b458c1d4f44e412b19f
	public=03dc86ae5984e0759ecd6042ef865f1b458c1d4f44e412b19f
	private=TdakQXRq2c6awBLLpJqg0oqr0FHiXVSe

Alien-----IYVgFOPcJUQQiHTeoVKp5853bOJtq+XA
	key=BDUTVOACuCLDhc5J9kZ+f7F55KqohNvYCBEOtfGS6bzoLetf1ySt+RShhcLVwCeEKQ==
	public=BDUTVOACuCLDhc5J9kZ+f7F55KqohNvYCBEOtfGS6bzoLetf1ySt+RShhcLVwCeEKQ==
	private=1920f2e6ac012815e6168c1d013e0e4bfbf57b27aa2b8299

Alien_to_Human-----21856014e3dc2544108874dea152a9e7ce776ce26dabe5c0
	key=BDUTVOACuCLDhc5J9kZ+f7F55KqohNvYCBEOtfGS6bzoLetf1ySt+RShhcLVwCeEKQ==
	public=BDUTVOACuCLDhc5J9kZ+f7F55KqohNvYCBEOtfGS6bzoLetf1ySt+RShhcLVwCeEKQ==
	private=1920f2e6ac012815e6168c1d013e0e4bfbf57b27aa2b8299

-----------------------secp224k1-----------------------
Human-----739f507c5d6b78ff7e8ad95507bd71b0889e00fcbd17edfcf766400a
	key=0330f603e68a57e01a1a39e6b5e1fb17e584173bcf286df9fc49ad18ba
	public=0330f603e68a57e01a1a39e6b5e1fb17e584173bcf286df9fc49ad18ba
	private=0kBcigIf8vx/U3AkqEU3vUWO9NLwMIbbfdQJoQ==

Alien-----c59QfF1reP9+itlVB71xsIieAPy9F+3892ZACg==
	key=BOXdavOZBbD+sf9Nap4XRKpQ/THguD3u86Ckc82ByQwbJQ5qGbxftMIQy2KNwOYLLcL8AwsUZzET
	public=BOXdavOZBbD+sf9Nap4XRKpQ/THguD3u86Ckc82ByQwbJQ5qGbxftMIQy2KNwOYLLcL8AwsUZzET
	private=d753619f1c348d5543d19cd42c76fe444ce8b9a124878d4edf4180b9

Alien_to_Human-----739f507c5d6b78ff7e8ad95507bd71b0889e00fcbd17edfcf766400a
	key=BOXdavOZBbD+sf9Nap4XRKpQ/THguD3u86Ckc82ByQwbJQ5qGbxftMIQy2KNwOYLLcL8AwsUZzET
	public=BOXdavOZBbD+sf9Nap4XRKpQ/THguD3u86Ckc82ByQwbJQ5qGbxftMIQy2KNwOYLLcL8AwsUZzET
	private=d753619f1c348d5543d19cd42c76fe444ce8b9a124878d4edf4180b9

-----------------------secp224r1-----------------------
Human-----af1e55aafd15b7ca1cb66bb31af2c62b2d3151358368971951ac3fc1
	key=035e1e48ba928ac2f996a129fe80723d89b5faff2b0dbf0ae63f2b5be9
	public=035e1e48ba928ac2f996a129fe80723d89b5faff2b0dbf0ae63f2b5be9
	private=xBSnlLbkT7FBB0SsGRsM/K75QwCT24fuXCMwcA==

Alien-----rx5Vqv0Vt8octmuzGvLGKy0xUTWDaJcZUaw/wQ==
	key=BLh0IpYFeO8SxbQxoKERCSAE4slyju+cX890NaT/+s6lzW6HbVo2qLshULIo7nesjtpqstqaOB4s
	public=BLh0IpYFeO8SxbQxoKERCSAE4slyju+cX890NaT/+s6lzW6HbVo2qLshULIo7nesjtpqstqaOB4s
	private=80542293a0fad381f6e4c9c80b1299808fa40fd543547296bdb54a8e

Alien_to_Human-----af1e55aafd15b7ca1cb66bb31af2c62b2d3151358368971951ac3fc1
	key=BLh0IpYFeO8SxbQxoKERCSAE4slyju+cX890NaT/+s6lzW6HbVo2qLshULIo7nesjtpqstqaOB4s
	public=BLh0IpYFeO8SxbQxoKERCSAE4slyju+cX890NaT/+s6lzW6HbVo2qLshULIo7nesjtpqstqaOB4s
	private=80542293a0fad381f6e4c9c80b1299808fa40fd543547296bdb54a8e

-----------------------secp256k1-----------------------
Human-----726c173f9915ec41fbe1e45967f15fd93952e18b9fe2d84e053e33e554ec6d59
	key=03909ba55e4a9a8ac393cee08df30c80cca2d5ded84846414f349585c725ab2b77
	public=03909ba55e4a9a8ac393cee08df30c80cca2d5ded84846414f349585c725ab2b77
	private=sznXEuS1tRcR5QUjL5S3Hg47LyMu8WFfBOnm3cQwN9U=

Alien-----cmwXP5kV7EH74eRZZ/Ff2TlS4Yuf4thOBT4z5VTsbVk=
	key=BBZPPQ7naAsIxwxIPVtDQG8LzA5FmaDXzCsLF9VfqPNfnWnhpjGvfFeHQH1PzhjlysY+6/shKhntkWr+3slkHSU=
	public=BBZPPQ7naAsIxwxIPVtDQG8LzA5FmaDXzCsLF9VfqPNfnWnhpjGvfFeHQH1PzhjlysY+6/shKhntkWr+3slkHSU=
	private=e3c7cc31ace722410aa95bc134f1e04cce57b15491dda98f3724fb1aa6acba63

Alien_to_Human-----726c173f9915ec41fbe1e45967f15fd93952e18b9fe2d84e053e33e554ec6d59
	key=BBZPPQ7naAsIxwxIPVtDQG8LzA5FmaDXzCsLF9VfqPNfnWnhpjGvfFeHQH1PzhjlysY+6/shKhntkWr+3slkHSU=
	public=BBZPPQ7naAsIxwxIPVtDQG8LzA5FmaDXzCsLF9VfqPNfnWnhpjGvfFeHQH1PzhjlysY+6/shKhntkWr+3slkHSU=
	private=e3c7cc31ace722410aa95bc134f1e04cce57b15491dda98f3724fb1aa6acba63

-----------------------secp384r1-----------------------
Human-----ebf727e4963f17354ab6855832ad0fa0754a8aa87d63bccb81c7155bc413509e767cc9c1652063926c1907c43cf14bbd
	key=034a6188c1701f43ec4fd133c797ea140c2c8ab6be44526f4e630994decc2d4be76a035808ed89f9fa9c93ba03dca86aae
	public=034a6188c1701f43ec4fd133c797ea140c2c8ab6be44526f4e630994decc2d4be76a035808ed89f9fa9c93ba03dca86aae
	private=Ieh3otflaFlJVrfXp0F0vMD8XeyOJ1O4+E6Q3k2Rn7cFp1+AY2XIGc/EhsxNB56H

Alien-----6/cn5JY/FzVKtoVYMq0PoHVKiqh9Y7zLgccVW8QTUJ52fMnBZSBjkmwZB8Q88Uu9
	key=BFiv1G/leCVi/lDSHwidP3KRT4+zIa/sp1xNZxSbuROPkH427yatlmWhSAAT65+wgGrfPhsTdlfv2YR7zf6xkrMBC334SsrvpgdIU1PhpLKJKE2DDrAuFsyhbRJsCmddBQ==
	public=BFiv1G/leCVi/lDSHwidP3KRT4+zIa/sp1xNZxSbuROPkH427yatlmWhSAAT65+wgGrfPhsTdlfv2YR7zf6xkrMBC334SsrvpgdIU1PhpLKJKE2DDrAuFsyhbRJsCmddBQ==
	private=b2614e9457003f6e452f33c8e34180789a5ea959906f10c53e001723264dea392464d98d298a8d24ba1bbd126bd55168

Alien_to_Human-----ebf727e4963f17354ab6855832ad0fa0754a8aa87d63bccb81c7155bc413509e767cc9c1652063926c1907c43cf14bbd
	key=BFiv1G/leCVi/lDSHwidP3KRT4+zIa/sp1xNZxSbuROPkH427yatlmWhSAAT65+wgGrfPhsTdlfv2YR7zf6xkrMBC334SsrvpgdIU1PhpLKJKE2DDrAuFsyhbRJsCmddBQ==
	public=BFiv1G/leCVi/lDSHwidP3KRT4+zIa/sp1xNZxSbuROPkH427yatlmWhSAAT65+wgGrfPhsTdlfv2YR7zf6xkrMBC334SsrvpgdIU1PhpLKJKE2DDrAuFsyhbRJsCmddBQ==
	private=b2614e9457003f6e452f33c8e34180789a5ea959906f10c53e001723264dea392464d98d298a8d24ba1bbd126bd55168

-----------------------secp521r1-----------------------
Human-----01d05c96a9bbc556d7e135e4233431460f6dc4e4511ed960c0a22c8211e35ead7f66205e323578006b19e4cbab1a6b732e2544ef7a9252f67ee997ceeec53cc727e8
	key=0301d9ab178098a9cd856bcea3db162ddfde9f511a22ff6114cbee2acee5963f6372ada9e758e5ecf5624b8349eebb400a5220243eb95445c8e3f59f27611d16019e91
	public=0301d9ab178098a9cd856bcea3db162ddfde9f511a22ff6114cbee2acee5963f6372ada9e758e5ecf5624b8349eebb400a5220243eb95445c8e3f59f27611d16019e91
	private=g3U06N9+pvXShWIuajP9c0k3dZV7jK3Dt4yS56GCZwpmLplB5KdPA+BCPpvJrAfvjGoQYAvWVuJ2p1GChjgPeBk=

Alien-----AdBclqm7xVbX4TXkIzQxRg9txORRHtlgwKIsghHjXq1/ZiBeMjV4AGsZ5MurGmtzLiVE73qSUvZ+6ZfO7sU8xyfo
	key=BAFRJ/RfOnPmRMsFS5mYeyycYNpRky5MjDyYXY9KJ6LP+qHWhqYBzW08JayhEpi8mO0LXYU5qt4De8XwgN7yDqaFawGlOE8koH2/opKHuKzdQMqnOFZWaKU3Yw4KYqDXOgZ86KmOr1dLgbGcsd7q4wPu4InX5k/Bvl+QCpwz9DOta2ZTUw==
	public=BAFRJ/RfOnPmRMsFS5mYeyycYNpRky5MjDyYXY9KJ6LP+qHWhqYBzW08JayhEpi8mO0LXYU5qt4De8XwgN7yDqaFawGlOE8koH2/opKHuKzdQMqnOFZWaKU3Yw4KYqDXOgZ86KmOr1dLgbGcsd7q4wPu4InX5k/Bvl+QCpwz9DOta2ZTUw==
	private=01647d7af2fa195e275a2bf52194b028568ede5af3aeab6d793fec922e5ad2c865d69d10e652e355a01d0aeb6cf500e97daa9ff9baa867c5178c5a8a304a0289751c

Alien_to_Human-----01d05c96a9bbc556d7e135e4233431460f6dc4e4511ed960c0a22c8211e35ead7f66205e323578006b19e4cbab1a6b732e2544ef7a9252f67ee997ceeec53cc727e8
	key=BAFRJ/RfOnPmRMsFS5mYeyycYNpRky5MjDyYXY9KJ6LP+qHWhqYBzW08JayhEpi8mO0LXYU5qt4De8XwgN7yDqaFawGlOE8koH2/opKHuKzdQMqnOFZWaKU3Yw4KYqDXOgZ86KmOr1dLgbGcsd7q4wPu4InX5k/Bvl+QCpwz9DOta2ZTUw==
	public=BAFRJ/RfOnPmRMsFS5mYeyycYNpRky5MjDyYXY9KJ6LP+qHWhqYBzW08JayhEpi8mO0LXYU5qt4De8XwgN7yDqaFawGlOE8koH2/opKHuKzdQMqnOFZWaKU3Yw4KYqDXOgZ86KmOr1dLgbGcsd7q4wPu4InX5k/Bvl+QCpwz9DOta2ZTUw==
	private=01647d7af2fa195e275a2bf52194b028568ede5af3aeab6d793fec922e5ad2c865d69d10e652e355a01d0aeb6cf500e97daa9ff9baa867c5178c5a8a304a0289751c

-----------------------sect113r1-----------------------
Human-----01e79db87cec6f4560abd2af516ffd
	key=02000afe941d64752b2a8e7663b71369
	public=02000afe941d64752b2a8e7663b71369
	private=d/URaGVqz1ds8ckqmlE=

Alien-----AeeduHzsb0Vgq9KvUW/9
	key=BACrhTAORI+FL6G8/f2lvwConBi75umrbwzcN+Yngw==
	public=BACrhTAORI+FL6G8/f2lvwConBi75umrbwzcN+Yngw==
	private=767b4a38d3c9496258be4e8ba6f5

Alien_to_Human-----01e79db87cec6f4560abd2af516ffd
	key=BACrhTAORI+FL6G8/f2lvwConBi75umrbwzcN+Yngw==
	public=BACrhTAORI+FL6G8/f2lvwConBi75umrbwzcN+Yngw==
	private=767b4a38d3c9496258be4e8ba6f5

-----------------------sect113r2-----------------------
Human-----00f6cc332bab9dd771771f370254ef
	key=0300b8625c9b3dd29e83f35d9cdc21ed
	public=0300b8625c9b3dd29e83f35d9cdc21ed
	private=soOJg/NqHp+h9kFnJg8=

Alien-----APbMMyurnddxdx83AlTv
	key=BAEwx0a/G/n8+QQU5kyoeQAB2HP/BqZNppDG1Nl94A==
	public=BAEwx0a/G/n8+QQU5kyoeQAB2HP/BqZNppDG1Nl94A==
	private=ebf1c9ba36904992a480ceb4d242

Alien_to_Human-----00f6cc332bab9dd771771f370254ef
	key=BAEwx0a/G/n8+QQU5kyoeQAB2HP/BqZNppDG1Nl94A==
	public=BAEwx0a/G/n8+QQU5kyoeQAB2HP/BqZNppDG1Nl94A==
	private=ebf1c9ba36904992a480ceb4d242

-----------------------sect131r1-----------------------
Human-----06a190d1dca8d1b7906704e6db60be1342
	key=0307609dc13b620b2bbc66a60391fcced982
	public=0307609dc13b620b2bbc66a60391fcced982
	private=A0CLXhMnRFyeZXoTY0GZ6jc=

Alien-----BqGQ0dyo0beQZwTm22C+E0I=
	key=BAQFJBA2PonKfVHfRJvpcaGTBdKYMMkMrz1YV4TR1CsKAAg=
	public=BAQFJBA2PonKfVHfRJvpcaGTBdKYMMkMrz1YV4TR1CsKAAg=
	private=02119731d55723ab6e09f31339519870d7

Alien_to_Human-----06a190d1dca8d1b7906704e6db60be1342
	key=BAQFJBA2PonKfVHfRJvpcaGTBdKYMMkMrz1YV4TR1CsKAAg=
	public=BAQFJBA2PonKfVHfRJvpcaGTBdKYMMkMrz1YV4TR1CsKAAg=
	private=02119731d55723ab6e09f31339519870d7

-----------------------sect131r2-----------------------
Human-----023819db8a197966deca675853b66014e3
	key=03001cfe148e57ae43d9dca11ec809481ecc
	public=03001cfe148e57ae43d9dca11ec809481ecc
	private=Ar/hvrsBGgoPPKggz8r/2VM=

Alien-----AjgZ24oZeWbeymdYU7ZgFOM=
	key=BAKRsmhFO9/m2x/pmu+KwrgaBCGijWMBRqjKT10aRiJ9wk0=
	public=BAKRsmhFO9/m2x/pmu+KwrgaBCGijWMBRqjKT10aRiJ9wk0=
	private=01d890b145e8d4e2f3b9279504d1c09cde

Alien_to_Human-----023819db8a197966deca675853b66014e3
	key=BAKRsmhFO9/m2x/pmu+KwrgaBCGijWMBRqjKT10aRiJ9wk0=
	public=BAKRsmhFO9/m2x/pmu+KwrgaBCGijWMBRqjKT10aRiJ9wk0=
	private=01d890b145e8d4e2f3b9279504d1c09cde

-----------------------sect163k1-----------------------
Human-----06e9d73552f1f115858451662d1dff3c7fc6ea3632
	key=03056b06060bb68aa1627a936348b20c3e4ab1bfad8c
	public=03056b06060bb68aa1627a936348b20c3e4ab1bfad8c
	private=AhKlVCT2/ciE/idUmHeMaF9DNRL4

Alien-----BunXNVLx8RWFhFFmLR3/PH/G6jYy
	key=BAFRtoqrdS7ocIPECugVy5AXiyLPJwYjFnW68mpGuvbsDqWDpUmXJ86drA==
	public=BAFRtoqrdS7ocIPECugVy5AXiyLPJwYjFnW68mpGuvbsDqWDpUmXJ86drA==
	private=01461f9a4a130699a108639536026456df476be59a

Alien_to_Human-----06e9d73552f1f115858451662d1dff3c7fc6ea3632
	key=BAFRtoqrdS7ocIPECugVy5AXiyLPJwYjFnW68mpGuvbsDqWDpUmXJ86drA==
	public=BAFRtoqrdS7ocIPECugVy5AXiyLPJwYjFnW68mpGuvbsDqWDpUmXJ86drA==
	private=01461f9a4a130699a108639536026456df476be59a

-----------------------sect163r1-----------------------
Human-----058514b4726a7d399dc6b812f913f268505e454dbd
	key=03072e77c13d2fe9bcfff11b89ff30475b53040d71e2
	public=03072e77c13d2fe9bcfff11b89ff30475b53040d71e2
	private=AtUyeqSop/wLTprzJeymjoHudYek

Alien-----BYUUtHJqfTmdxrgS+RPyaFBeRU29
	key=BAMJo+hRRhDxnE2xDzGvYSpDPKiqzwNDeh4zWuHwY9WCbQqUjxKkv8jR3Q==
	public=BAMJo+hRRhDxnE2xDzGvYSpDPKiqzwNDeh4zWuHwY9WCbQqUjxKkv8jR3Q==
	private=0171a187cae98fa1edcd6860bfcb12ae4c4cabdf57

Alien_to_Human-----058514b4726a7d399dc6b812f913f268505e454dbd
	key=BAMJo+hRRhDxnE2xDzGvYSpDPKiqzwNDeh4zWuHwY9WCbQqUjxKkv8jR3Q==
	public=BAMJo+hRRhDxnE2xDzGvYSpDPKiqzwNDeh4zWuHwY9WCbQqUjxKkv8jR3Q==
	private=0171a187cae98fa1edcd6860bfcb12ae4c4cabdf57

-----------------------sect163r2-----------------------
Human-----00d34b34eff7055e9d957aab2ddd35aeec222a4a89
	key=030475181cd39b9e820190f6d491fdc457c61459b6a4
	public=030475181cd39b9e820190f6d491fdc457c61459b6a4
	private=AXMjhJF0tbt7aApicIF3lTxqgw3o

Alien-----ANNLNO/3BV6dlXqrLd01ruwiKkqJ
	key=BAWPrDMhY/Z2v8pR/sEH2INNaVSdbQN5mdVe8dTvTuPEQLtwDpH3Eh70Yg==
	public=BAWPrDMhY/Z2v8pR/sEH2INNaVSdbQN5mdVe8dTvTuPEQLtwDpH3Eh70Yg==
	private=031fa1e633f03a43c8af6965eb8f1854693f10736f

Alien_to_Human-----00d34b34eff7055e9d957aab2ddd35aeec222a4a89
	key=BAWPrDMhY/Z2v8pR/sEH2INNaVSdbQN5mdVe8dTvTuPEQLtwDpH3Eh70Yg==
	public=BAWPrDMhY/Z2v8pR/sEH2INNaVSdbQN5mdVe8dTvTuPEQLtwDpH3Eh70Yg==
	private=031fa1e633f03a43c8af6965eb8f1854693f10736f

-----------------------sect193r1-----------------------
Human-----007eeac70845590d4948dce4a16ba3f14051d4879dad841703
	key=0301bb5e8f13e313993f4f32a0cce91348f670b6d4538c0c0025
	public=0301bb5e8f13e313993f4f32a0cce91348f670b6d4538c0c0025
	private=apH53310hnOomjZwIfF0udJGhisgtOkp

Alien-----AH7qxwhFWQ1JSNzkoWuj8UBR1IedrYQXAw==
	key=BABnI7gxdoFkMIDRbpgZZ1rDAxC8DCTX9skABnl966fdnncapu0kLTDRf6ssQyc0Gu/w
	public=BABnI7gxdoFkMIDRbpgZZ1rDAxC8DCTX9skABnl966fdnncapu0kLTDRf6ssQyc0Gu/w
	private=9e46dab844328f10467ed6c55cda35f10e4f3eafa41cf895

Alien_to_Human-----007eeac70845590d4948dce4a16ba3f14051d4879dad841703
	key=BABnI7gxdoFkMIDRbpgZZ1rDAxC8DCTX9skABnl966fdnncapu0kLTDRf6ssQyc0Gu/w
	public=BABnI7gxdoFkMIDRbpgZZ1rDAxC8DCTX9skABnl966fdnncapu0kLTDRf6ssQyc0Gu/w
	private=9e46dab844328f10467ed6c55cda35f10e4f3eafa41cf895

-----------------------sect193r2-----------------------
Human-----006dcbaa6f7bcc0a4be29c0f1ecce6d56af55c19250eac83ad
	key=0301153a53ea7617d874dbf9a6940deccb25f30774bfc5ed3e25
	public=0301153a53ea7617d874dbf9a6940deccb25f30774bfc5ed3e25
	private=T73J3OdWa/jGabMzr3mjwspF+63gPJTE

Alien-----AG3Lqm97zApL4pwPHszm1Wr1XBklDqyDrQ==
	key=BAGscLxEfDmHh+wnEs0/tHBsdXdJkL0mwaMBeUkYoXZ771gNdAjvBISbtWpDlH0OVH3X
	public=BAGscLxEfDmHh+wnEs0/tHBsdXdJkL0mwaMBeUkYoXZ771gNdAjvBISbtWpDlH0OVH3X
	private=454bfa15ad172f3b7b175d1ffa1e4311fe8e971ce0d18cad

Alien_to_Human-----006dcbaa6f7bcc0a4be29c0f1ecce6d56af55c19250eac83ad
	key=BAGscLxEfDmHh+wnEs0/tHBsdXdJkL0mwaMBeUkYoXZ771gNdAjvBISbtWpDlH0OVH3X
	public=BAGscLxEfDmHh+wnEs0/tHBsdXdJkL0mwaMBeUkYoXZ771gNdAjvBISbtWpDlH0OVH3X
	private=454bfa15ad172f3b7b175d1ffa1e4311fe8e971ce0d18cad

-----------------------sect233k1-----------------------
Human-----012f73e8f923b3c0aee5c56b0aaee28148b17b0e210cfa5bec71b998f36b
	key=0200d2b6e6560d0d942120c150ea0ec3e8e0c5f58c5182437d718a1b118d53
	public=0200d2b6e6560d0d942120c150ea0ec3e8e0c5f58c5182437d718a1b118d53
	private=ay6g2blZLiui/JBQ3vZ0gDZksMV+cBppi7jTNXA=

Alien-----AS9z6Pkjs8Cu5cVrCq7igUixew4hDPpb7HG5mPNr
	key=BAHlyX3bzeAGE5Sp6PpW4yYyrNIt/8enBjEQ2pOYQQCyrsK0HME2GvBO91wCMJmWqCa7sQGHmFwHIyC+PA==
	public=BAHlyX3bzeAGE5Sp6PpW4yYyrNIt/8enBjEQ2pOYQQCyrsK0HME2GvBO91wCMJmWqCa7sQGHmFwHIyC+PA==
	private=385a0f54efe7d95affb77c0d6d326f7374bb91c34a4908af6fa6e0ba2b

Alien_to_Human-----012f73e8f923b3c0aee5c56b0aaee28148b17b0e210cfa5bec71b998f36b
	key=BAHlyX3bzeAGE5Sp6PpW4yYyrNIt/8enBjEQ2pOYQQCyrsK0HME2GvBO91wCMJmWqCa7sQGHmFwHIyC+PA==
	public=BAHlyX3bzeAGE5Sp6PpW4yYyrNIt/8enBjEQ2pOYQQCyrsK0HME2GvBO91wCMJmWqCa7sQGHmFwHIyC+PA==
	private=385a0f54efe7d95affb77c0d6d326f7374bb91c34a4908af6fa6e0ba2b

-----------------------sect233r1-----------------------
Human-----01ba9b37ffc3a25047ca52371a65f6cfe6576679a7e4596a561d70c22c9d
	key=0200da50e3ba79fbfcf5653a6661f1d42ac23ebf3bb67d3fdc3542b8fdb8dd
	public=0200da50e3ba79fbfcf5653a6661f1d42ac23ebf3bb67d3fdc3542b8fdb8dd
	private=o+tXpY1SLBENeo/xCYhGIlOsNlo58iR2jU4FrOU=

Alien-----AbqbN//DolBHylI3GmX2z+ZXZnmn5FlqVh1wwiyd
	key=BAEsp8/ojN9HB22S/OPfCQuotjYnv8SFNOFASamzWAB4/1jmDGCnQ9URqRm7OUX2476N9KSMRuVRbtjbNA==
	public=BAEsp8/ojN9HB22S/OPfCQuotjYnv8SFNOFASamzWAB4/1jmDGCnQ9URqRm7OUX2476N9KSMRuVRbtjbNA==
	private=b374bf677f26cb5c6b14cafd66666cefd986472084c0bd06325bb5aee0

Alien_to_Human-----01ba9b37ffc3a25047ca52371a65f6cfe6576679a7e4596a561d70c22c9d
	key=BAEsp8/ojN9HB22S/OPfCQuotjYnv8SFNOFASamzWAB4/1jmDGCnQ9URqRm7OUX2476N9KSMRuVRbtjbNA==
	public=BAEsp8/ojN9HB22S/OPfCQuotjYnv8SFNOFASamzWAB4/1jmDGCnQ9URqRm7OUX2476N9KSMRuVRbtjbNA==
	private=b374bf677f26cb5c6b14cafd66666cefd986472084c0bd06325bb5aee0

-----------------------sect239k1-----------------------
Human-----29d6414a29848a3a56824b8c5da8e6620eee74c3c049f9be1aaad33b661d
	key=02277cdfb6c72d1094af42ac4d16e0f759f39029c39b786842faf486f6d2b7
	public=02277cdfb6c72d1094af42ac4d16e0f759f39029c39b786842faf486f6d2b7
	private=H0KbX+bSdUQubS8zfIVFebxQE3nMIIjZNXmcogxC

Alien-----KdZBSimEijpWgkuMXajmYg7udMPASfm+GqrTO2Yd
	key=BDlQjZI02Leskc03qYZIgXpzLLHRvMMdPSU+hvbO6235+UPXsS/Twnz7lHRLzgC8OMY0dcro8XDOiWAaOQ==
	public=BDlQjZI02Leskc03qYZIgXpzLLHRvMMdPSU+hvbO6235+UPXsS/Twnz7lHRLzgC8OMY0dcro8XDOiWAaOQ==
	private=03ae3adeaa03ad69963c03f96e3740d7c06e8a1b7cfaafa208deff443310

Alien_to_Human-----29d6414a29848a3a56824b8c5da8e6620eee74c3c049f9be1aaad33b661d
	key=BDlQjZI02Leskc03qYZIgXpzLLHRvMMdPSU+hvbO6235+UPXsS/Twnz7lHRLzgC8OMY0dcro8XDOiWAaOQ==
	public=BDlQjZI02Leskc03qYZIgXpzLLHRvMMdPSU+hvbO6235+UPXsS/Twnz7lHRLzgC8OMY0dcro8XDOiWAaOQ==
	private=03ae3adeaa03ad69963c03f96e3740d7c06e8a1b7cfaafa208deff443310

-----------------------sect283k1-----------------------
Human-----066c2a0b67fb41a1f21126e23998297de85fc1e6f702f731f9433bf1e292bc7cdc5207fc
	key=0201abb03feeb19144cacf39e6f1afc1f76efeafeb617780e9cd23521a9694e680c2c9ec7d
	public=0201abb03feeb19144cacf39e6f1afc1f76efeafeb617780e9cd23521a9694e680c2c9ec7d
	private=7EwGQgpXrzbQJYbIISZGLXSSC74pgBSZYtVRzpVp8XmYq2o=

Alien-----BmwqC2f7QaHyESbiOZgpfehfweb3Avcx+UM78eKSvHzcUgf8
	key=BACMcd/afMAASvfw7Gz+B4N0HE9DpgErxriWx0lKLQoI9fZ2LgL0SGcPjIYfiwvsNi9YNZU6wR17ExSGvze8paVwEhmwBKMh5A==
	public=BACMcd/afMAASvfw7Gz+B4N0HE9DpgErxriWx0lKLQoI9fZ2LgL0SGcPjIYfiwvsNi9YNZU6wR17ExSGvze8paVwEhmwBKMh5A==
	private=01c5f839ed656dd114a9ee6d1879967f35e650a928ccce69d0820339cddced7635a7c94a

Alien_to_Human-----066c2a0b67fb41a1f21126e23998297de85fc1e6f702f731f9433bf1e292bc7cdc5207fc
	key=BACMcd/afMAASvfw7Gz+B4N0HE9DpgErxriWx0lKLQoI9fZ2LgL0SGcPjIYfiwvsNi9YNZU6wR17ExSGvze8paVwEhmwBKMh5A==
	public=BACMcd/afMAASvfw7Gz+B4N0HE9DpgErxriWx0lKLQoI9fZ2LgL0SGcPjIYfiwvsNi9YNZU6wR17ExSGvze8paVwEhmwBKMh5A==
	private=01c5f839ed656dd114a9ee6d1879967f35e650a928ccce69d0820339cddced7635a7c94a

-----------------------sect283r1-----------------------
Human-----01be2bddb72a314660e59fdab0bae8984c7d670ceb9a161915ba5f1a454c86a6ad0ddf2f
	key=030514636e169d0ba0ddcf4fc57bb24495e63b1be424fdc6bad97c2f18a7d19a1f0d5737f9
	public=030514636e169d0ba0ddcf4fc57bb24495e63b1be424fdc6bad97c2f18a7d19a1f0d5737f9
	private=Ax3ieKw0pvJRbxbCtGGmJmzZhfxUFi+lwzx4qaqnSb9FzuqX

Alien-----Ab4r3bcqMUZg5Z/asLromEx9ZwzrmhYZFbpfGkVMhqatDd8v
	key=BAdgi3ArHBq+TK30K1GpU7ClZfBKApB9A024nDEWAegeU1TEIAC0Aeu6bBMFJaCmCv+BlUS+NnclJOS+Z4IFUauRp3/UBYz9VA==
	public=BAdgi3ArHBq+TK30K1GpU7ClZfBKApB9A024nDEWAegeU1TEIAC0Aeu6bBMFJaCmCv+BlUS+NnclJOS+Z4IFUauRp3/UBYz9VA==
	private=0203b0c125cfa60f92eb8ce2740f6c9d6c6be1dd35f8d84539b3ae90c3daf8afd1e63f7c

Alien_to_Human-----01be2bddb72a314660e59fdab0bae8984c7d670ceb9a161915ba5f1a454c86a6ad0ddf2f
	key=BAdgi3ArHBq+TK30K1GpU7ClZfBKApB9A024nDEWAegeU1TEIAC0Aeu6bBMFJaCmCv+BlUS+NnclJOS+Z4IFUauRp3/UBYz9VA==
	public=BAdgi3ArHBq+TK30K1GpU7ClZfBKApB9A024nDEWAegeU1TEIAC0Aeu6bBMFJaCmCv+BlUS+NnclJOS+Z4IFUauRp3/UBYz9VA==
	private=0203b0c125cfa60f92eb8ce2740f6c9d6c6be1dd35f8d84539b3ae90c3daf8afd1e63f7c

-----------------------sect409k1-----------------------
Human-----008b3fb5a077709473a4b2230c1ca9ccbf1cceca18acafab33220071232ec2be474ffaacc11928e8f0011ce6653701a3ebdaafe0
	key=0201e7bfd1576b3c4b7253a13b6ee455bde8cde15b0a9a35abd87ef368f642b512e7fef9511186c81f30d572f9213539e313fb15f8
	public=0201e7bfd1576b3c4b7253a13b6ee455bde8cde15b0a9a35abd87ef368f642b512e7fef9511186c81f30d572f9213539e313fb15f8
	private=cM2lGfVj8PmizX8vFSyk2zhSITViawYXBvulx9NH5TJOc6P6BAyaM0TT6GbmR0XP1vj4

Alien-----AIs/taB3cJRzpLIjDBypzL8czsoYrK+rMyIAcSMuwr5HT/qswRko6PABHOZlNwGj69qv4A==
	key=BAAjSZBhUnPZd8JKy3+I7vldfNHEh+vOF+ZnJoV/PhwjbI0IfrvBlbZN0J3qe5qShnrlMZIABwo7KAcf4UIOi95ZAd9dcI/kN0ToQN8pZitN3oFOftFeBefQb5JGJ6aeX6o5nI+QGe9J
	public=BAAjSZBhUnPZd8JKy3+I7vldfNHEh+vOF+ZnJoV/PhwjbI0IfrvBlbZN0J3qe5qShnrlMZIABwo7KAcf4UIOi95ZAd9dcI/kN0ToQN8pZitN3oFOftFeBefQb5JGJ6aeX6o5nI+QGe9J
	private=6c3d1b96f906d03d4d198adcdc1fb92c032c8a7c4decf213b14e3c695964554bc44337e3b505d61a39da60ffdf224660a0033d

Alien_to_Human-----008b3fb5a077709473a4b2230c1ca9ccbf1cceca18acafab33220071232ec2be474ffaacc11928e8f0011ce6653701a3ebdaafe0
	key=BAAjSZBhUnPZd8JKy3+I7vldfNHEh+vOF+ZnJoV/PhwjbI0IfrvBlbZN0J3qe5qShnrlMZIABwo7KAcf4UIOi95ZAd9dcI/kN0ToQN8pZitN3oFOftFeBefQb5JGJ6aeX6o5nI+QGe9J
	public=BAAjSZBhUnPZd8JKy3+I7vldfNHEh+vOF+ZnJoV/PhwjbI0IfrvBlbZN0J3qe5qShnrlMZIABwo7KAcf4UIOi95ZAd9dcI/kN0ToQN8pZitN3oFOftFeBefQb5JGJ6aeX6o5nI+QGe9J
	private=6c3d1b96f906d03d4d198adcdc1fb92c032c8a7c4decf213b14e3c695964554bc44337e3b505d61a39da60ffdf224660a0033d

-----------------------sect409r1-----------------------
Human-----01ba99c07b9badf0c88c49ae4f4cecc0e969a2da4e194db059b55eba4d252ba5c2a9a2bea3a011e59d09961e2ef46ed2475a63e1
	key=020191cb440a2e06bd8b37cee29e3921bc690d1ed32892574bccd5e732eca1a6edfdc7d678c6b57c9a61865a94c378162d5e933237
	public=020191cb440a2e06bd8b37cee29e3921bc690d1ed32892574bccd5e732eca1a6edfdc7d678c6b57c9a61865a94c378162d5e933237
	private=DO6BtZIYTe+pgx9kCmj4JHKsHwGc9V5heoftjv2kPBbQfFSYqVjNMjnqVTsqvCGxVfUn

Alien-----AbqZwHubrfDIjEmuT0zswOlpotpOGU2wWbVeuk0lK6XCqaK+o6AR5Z0Jlh4u9G7SR1pj4Q==
	key=BAGqztDscfJWG5gM4bW8x0z4e0j5nyPYdMNsCAMEeq60cLkp2eIuWk1xVCqWvOLBm/Af8s0BEeiysml2F09i7nDRaqhLL0Q4szh8g1FtH+uMgH/I0i3iP7FpLUs6vq8u8cWEuJpxN0Su
	public=BAGqztDscfJWG5gM4bW8x0z4e0j5nyPYdMNsCAMEeq60cLkp2eIuWk1xVCqWvOLBm/Af8s0BEeiysml2F09i7nDRaqhLL0Q4szh8g1FtH+uMgH/I0i3iP7FpLUs6vq8u8cWEuJpxN0Su
	private=41981492d8ccdbb938adae635845ba8178028ab2e9cc2fc6570e3d63c00fc5c2ec9f7312b619a9225e3c1227ece2c2bd9ce0be

Alien_to_Human-----01ba99c07b9badf0c88c49ae4f4cecc0e969a2da4e194db059b55eba4d252ba5c2a9a2bea3a011e59d09961e2ef46ed2475a63e1
	key=BAGqztDscfJWG5gM4bW8x0z4e0j5nyPYdMNsCAMEeq60cLkp2eIuWk1xVCqWvOLBm/Af8s0BEeiysml2F09i7nDRaqhLL0Q4szh8g1FtH+uMgH/I0i3iP7FpLUs6vq8u8cWEuJpxN0Su
	public=BAGqztDscfJWG5gM4bW8x0z4e0j5nyPYdMNsCAMEeq60cLkp2eIuWk1xVCqWvOLBm/Af8s0BEeiysml2F09i7nDRaqhLL0Q4szh8g1FtH+uMgH/I0i3iP7FpLUs6vq8u8cWEuJpxN0Su
	private=41981492d8ccdbb938adae635845ba8178028ab2e9cc2fc6570e3d63c00fc5c2ec9f7312b619a9225e3c1227ece2c2bd9ce0be

-----------------------sect571k1-----------------------
Human-----004185619a614cf4f8cd51184a43cdb9bf277c9df127277ec84ccb41bfd280c1e2375aefea07896bb6fb710641887b54f93324520cfe4632d12551291ddd65c6d2b43a28918a20e2
	key=03062c1fed98522301202ee364965686f39c0363f4343f14ee428ace6f0303db508377533f3c64fe0470910d5153f244710ac142db792cabccfe3f7d3a1aaa6f406ab4f868e62f7aa7
	public=03062c1fed98522301202ee364965686f39c0363f4343f14ee428ace6f0303db508377533f3c64fe0470910d5153f244710ac142db792cabccfe3f7d3a1aaa6f406ab4f868e62f7aa7
	private=AVvaDWKHkrj/XrtcbkusK/WB8Aoo/NMVhEaMKnRaWUKypRTJRMzekUyBpO4CZZEpUofvjGSMDcqh3d39GT0qqf6Wnn9xEQuD

Alien-----AEGFYZphTPT4zVEYSkPNub8nfJ3xJyd+yEzLQb/SgMHiN1rv6geJa7b7cQZBiHtU+TMkUgz+RjLRJVEpHd1lxtK0OiiRiiDi
	key=BAUEH823ZeKLXdYKTAFN0+3XITRwtq9f/mzeptYCKTSQ6bkQztEAm4hI+n21Atkg44D5+AeZpP2/Wm8E6efnUvPxyAwSiKwZUAe4e1Ar+KvL1vMYT8cscqf5V1USD6qr6PP6HeQVqGLsZsgE28+CvreHbvds4bcjc51vpD46gmY1PQIp38RfJZQc9R0dxHfPtw==
	public=BAUEH823ZeKLXdYKTAFN0+3XITRwtq9f/mzeptYCKTSQ6bkQztEAm4hI+n21Atkg44D5+AeZpP2/Wm8E6efnUvPxyAwSiKwZUAe4e1Ar+KvL1vMYT8cscqf5V1USD6qr6PP6HeQVqGLsZsgE28+CvreHbvds4bcjc51vpD46gmY1PQIp38RfJZQc9R0dxHfPtw==
	private=468726bfbcb4cb92d0e6a1a9cc23fd5acc41d90d5bf3cd1314fd37f818025e9b9b799f37052c0bfaf9450c95148d2db50c60bd2523362dae60aad3a1bf7321fbaa2945f32fc64f

Alien_to_Human-----004185619a614cf4f8cd51184a43cdb9bf277c9df127277ec84ccb41bfd280c1e2375aefea07896bb6fb710641887b54f93324520cfe4632d12551291ddd65c6d2b43a28918a20e2
	key=BAUEH823ZeKLXdYKTAFN0+3XITRwtq9f/mzeptYCKTSQ6bkQztEAm4hI+n21Atkg44D5+AeZpP2/Wm8E6efnUvPxyAwSiKwZUAe4e1Ar+KvL1vMYT8cscqf5V1USD6qr6PP6HeQVqGLsZsgE28+CvreHbvds4bcjc51vpD46gmY1PQIp38RfJZQc9R0dxHfPtw==
	public=BAUEH823ZeKLXdYKTAFN0+3XITRwtq9f/mzeptYCKTSQ6bkQztEAm4hI+n21Atkg44D5+AeZpP2/Wm8E6efnUvPxyAwSiKwZUAe4e1Ar+KvL1vMYT8cscqf5V1USD6qr6PP6HeQVqGLsZsgE28+CvreHbvds4bcjc51vpD46gmY1PQIp38RfJZQc9R0dxHfPtw==
	private=468726bfbcb4cb92d0e6a1a9cc23fd5acc41d90d5bf3cd1314fd37f818025e9b9b799f37052c0bfaf9450c95148d2db50c60bd2523362dae60aad3a1bf7321fbaa2945f32fc64f

-----------------------sect571r1-----------------------
Human-----0086a3eb1e626acc274fbe23c60c99376f3b49735a4393571933e325150f896132e2d4fb1e267e216bd22c2119feeb6915310ad566fee550ba8dec79332b400c52bcef263cd7276c
	key=02029dd2fb25edbdfc398fd4d76145bad88c98ee9f2f887a8170baccb70c576d9b54c671c790260697ea7f581a78cbd66affe6a233ad02dacce7da17ec36e8999469b269bf99642762
	public=02029dd2fb25edbdfc398fd4d76145bad88c98ee9f2f887a8170baccb70c576d9b54c671c790260697ea7f581a78cbd66affe6a233ad02dacce7da17ec36e8999469b269bf99642762
	private=j8pg05bDQn5B5HK8bn9RYqElnFDNkwZpyyRdt2IKJAURt/IyUsX4/5CvJ+TTEXd8oUVqLfTnzS+kgxBrrqUGfzsyYiqyyJw=

Alien-----AIaj6x5iaswnT74jxgyZN287SXNaQ5NXGTPjJRUPiWEy4tT7HiZ+IWvSLCEZ/utpFTEK1Wb+5VC6jex5MytADFK87yY81yds
	key=BAPMhpw4HhP2MjccionKN9zyoAF2iURCkh11AvrIdu6qudpZax+oKDeZB2EgW/d2ARxZdO3h+tLxYGqfDnA17lA8Oz27tWuNjgUI57sJyDY3ewbquJPnF104yh6CFHP0vnh1Gvrm+w9nyX48Ja0krv4BzdqhCyRmISx9pNXW4/8GaYg7q7n0VaxzllOeAxLrCg==
	public=BAPMhpw4HhP2MjccionKN9zyoAF2iURCkh11AvrIdu6qudpZax+oKDeZB2EgW/d2ARxZdO3h+tLxYGqfDnA17lA8Oz27tWuNjgUI57sJyDY3ewbquJPnF104yh6CFHP0vnh1Gvrm+w9nyX48Ja0krv4BzdqhCyRmISx9pNXW4/8GaYg7q7n0VaxzllOeAxLrCg==
	private=02e2700bad6c62eddd557b58760ce29ec38544a3db887f329271a6b0d4a0e76ac465834b19c137554661e1e48970aedee420f29c9882b6ca3a827eb87caac5ed652b94aa70d43b20

Alien_to_Human-----0086a3eb1e626acc274fbe23c60c99376f3b49735a4393571933e325150f896132e2d4fb1e267e216bd22c2119feeb6915310ad566fee550ba8dec79332b400c52bcef263cd7276c
	key=BAPMhpw4HhP2MjccionKN9zyoAF2iURCkh11AvrIdu6qudpZax+oKDeZB2EgW/d2ARxZdO3h+tLxYGqfDnA17lA8Oz27tWuNjgUI57sJyDY3ewbquJPnF104yh6CFHP0vnh1Gvrm+w9nyX48Ja0krv4BzdqhCyRmISx9pNXW4/8GaYg7q7n0VaxzllOeAxLrCg==
	public=BAPMhpw4HhP2MjccionKN9zyoAF2iURCkh11AvrIdu6qudpZax+oKDeZB2EgW/d2ARxZdO3h+tLxYGqfDnA17lA8Oz27tWuNjgUI57sJyDY3ewbquJPnF104yh6CFHP0vnh1Gvrm+w9nyX48Ja0krv4BzdqhCyRmISx9pNXW4/8GaYg7q7n0VaxzllOeAxLrCg==
	private=02e2700bad6c62eddd557b58760ce29ec38544a3db887f329271a6b0d4a0e76ac465834b19c137554661e1e48970aedee420f29c9882b6ca3a827eb87caac5ed652b94aa70d43b20

-----------------------wap-wsg-idm-ecid-wtls1-----------------------
Human-----007058ac3ecb899d2411879faf28ab
	key=0200562d41406695ee6a1f6eb9172257
	public=0200562d41406695ee6a1f6eb9172257
	private=54ZxQ9gxnuF4e2jEyjw=

Alien-----AHBYrD7LiZ0kEYefryir
	key=BAFFJHsN8Y17L6TWNtHzMwC6KBpKVkGh4fXWGNqL6A==
	public=BAFFJHsN8Y17L6TWNtHzMwC6KBpKVkGh4fXWGNqL6A==
	private=446c727233c9e41c7faad322c450

Alien_to_Human-----007058ac3ecb899d2411879faf28ab
	key=BAFFJHsN8Y17L6TWNtHzMwC6KBpKVkGh4fXWGNqL6A==
	public=BAFFJHsN8Y17L6TWNtHzMwC6KBpKVkGh4fXWGNqL6A==
	private=446c727233c9e41c7faad322c450

-----------------------wap-wsg-idm-ecid-wtls10-----------------------
Human-----01a672059fe008e5226bc9b4a8dc3656060d3020cf932c2b98a9da0fa829
	key=0301a61681db603912f471efcfa61c0f5ef5da74aaf46d0b6572b4dd74cabf
	public=0301a61681db603912f471efcfa61c0f5ef5da74aaf46d0b6572b4dd74cabf
	private=CzqMPUDI8blxmv3vdPS9YQRJYcLzdUJn24gDltI=

Alien-----AaZyBZ/gCOUia8m0qNw2VgYNMCDPkywrmKnaD6gp
	key=BAABkMdz4tbiV1KSOvfVka8y5HyaZiU8AiQKcrQtuwDjZPyFQP9w+WHNYPB3dmqPC1kP2QG+ndGpftCN8A==
	public=BAABkMdz4tbiV1KSOvfVka8y5HyaZiU8AiQKcrQtuwDjZPyFQP9w+WHNYPB3dmqPC1kP2QG+ndGpftCN8A==
	private=6fb19bc6edd64a8a053152a1cab7f1b83c122b813db5830e8b052c944d

Alien_to_Human-----01a672059fe008e5226bc9b4a8dc3656060d3020cf932c2b98a9da0fa829
	key=BAABkMdz4tbiV1KSOvfVka8y5HyaZiU8AiQKcrQtuwDjZPyFQP9w+WHNYPB3dmqPC1kP2QG+ndGpftCN8A==
	public=BAABkMdz4tbiV1KSOvfVka8y5HyaZiU8AiQKcrQtuwDjZPyFQP9w+WHNYPB3dmqPC1kP2QG+ndGpftCN8A==
	private=6fb19bc6edd64a8a053152a1cab7f1b83c122b813db5830e8b052c944d

-----------------------wap-wsg-idm-ecid-wtls11-----------------------
Human-----01b3c6f3ecb4d6aff96e818e063a3a52aa975f8e8892565801aa85423f5a
	key=0200b8949e76887f9c88bd839d35289dd29dc3179120ffea8af4f80b882c44
	public=0200b8949e76887f9c88bd839d35289dd29dc3179120ffea8af4f80b882c44
	private=yR+BSgDg5KNW+1/Jle6JDvID1Wl1jb52X+ZmrTU=

Alien-----AbPG8+y01q/5boGOBjo6UqqXX46IklZYAaqFQj9a
	key=BACq3ctb4PsYJC12NpadTgyuwCYIUbNCiO8UkpMM3wB0Ds8HC9k7+6edoq7HnB0YhbLu47pTdeDlcWLc+A==
	public=BACq3ctb4PsYJC12NpadTgyuwCYIUbNCiO8UkpMM3wB0Ds8HC9k7+6edoq7HnB0YhbLu47pTdeDlcWLc+A==
	private=61497397ce9e2144de0e0f3984faacfccfb690d950c2c0f820d9d43f37

Alien_to_Human-----01b3c6f3ecb4d6aff96e818e063a3a52aa975f8e8892565801aa85423f5a
	key=BACq3ctb4PsYJC12NpadTgyuwCYIUbNCiO8UkpMM3wB0Ds8HC9k7+6edoq7HnB0YhbLu47pTdeDlcWLc+A==
	public=BACq3ctb4PsYJC12NpadTgyuwCYIUbNCiO8UkpMM3wB0Ds8HC9k7+6edoq7HnB0YhbLu47pTdeDlcWLc+A==
	private=61497397ce9e2144de0e0f3984faacfccfb690d950c2c0f820d9d43f37

-----------------------wap-wsg-idm-ecid-wtls12-----------------------
Human-----388f4c8b2b10032bb2aefa761ed6fca4504a3a6037b67c5d7bcffc3e
	key=03b1df7b66c97ac8c03392ecea7478e1b8fd32e21c81545cb6bab1c67e
	public=03b1df7b66c97ac8c03392ecea7478e1b8fd32e21c81545cb6bab1c67e
	private=CKIWJwJ9AjNte2ibdBDHZ3nM3AeXcu7yuxogHw==

Alien-----OI9MiysQAyuyrvp2Htb8pFBKOmA3tnxde8/8Pg==
	key=BJ2y50MtbdOzi7ZLx1mZcjK4DvZuvdluTCYfcWOddyrgrMWmsbP3VbIqUQjGIYcjadXurNKpce24
	public=BJ2y50MtbdOzi7ZLx1mZcjK4DvZuvdluTCYfcWOddyrgrMWmsbP3VbIqUQjGIYcjadXurNKpce24
	private=ebdc867de7d406d5e4fc058786d33faa1f66cf96617d48f7c34c17b6

Alien_to_Human-----388f4c8b2b10032bb2aefa761ed6fca4504a3a6037b67c5d7bcffc3e
	key=BJ2y50MtbdOzi7ZLx1mZcjK4DvZuvdluTCYfcWOddyrgrMWmsbP3VbIqUQjGIYcjadXurNKpce24
	public=BJ2y50MtbdOzi7ZLx1mZcjK4DvZuvdluTCYfcWOddyrgrMWmsbP3VbIqUQjGIYcjadXurNKpce24
	private=ebdc867de7d406d5e4fc058786d33faa1f66cf96617d48f7c34c17b6

-----------------------wap-wsg-idm-ecid-wtls3-----------------------
Human-----00e5517f26a07fcf700527b789103a11adb9dcdf72
	key=0201825d8103b8fbce0c1bbbfb4827c4786c2281c3e5
	public=0201825d8103b8fbce0c1bbbfb4827c4786c2281c3e5
	private=fHiLdCfOe/DoSVUOi9D9QlnOv4M=

Alien-----AOVRfyagf89wBSe3iRA6Ea253N9y
	key=BAWiISOyhA32oK9FJg7e02Ftn/tUmgdxqruZTep0DXCABfwtmvQhC5F/ag==
	public=BAWiISOyhA32oK9FJg7e02Ftn/tUmgdxqruZTep0DXCABfwtmvQhC5F/ag==
	private=dc62ae00ebe05972a1440611992adbf9f57c19d6

Alien_to_Human-----00e5517f26a07fcf700527b789103a11adb9dcdf72
	key=BAWiISOyhA32oK9FJg7e02Ftn/tUmgdxqruZTep0DXCABfwtmvQhC5F/ag==
	public=BAWiISOyhA32oK9FJg7e02Ftn/tUmgdxqruZTep0DXCABfwtmvQhC5F/ag==
	private=dc62ae00ebe05972a1440611992adbf9f57c19d6

-----------------------wap-wsg-idm-ecid-wtls4-----------------------
Human-----019069af12fc79e1d901fe4f7d2f99
	key=030124ebcd09e9078514519541f0e9f9
	public=030124ebcd09e9078514519541f0e9f9
	private=1CbJH+X3ceE37zYOaLM=

Alien-----AZBprxL8eeHZAf5PfS+Z
	key=BAESW18ZxrKnvwJTmOgOSwBjKa/J/C4/FPpelK8ePw==
	public=BAESW18ZxrKnvwJTmOgOSwBjKa/J/C4/FPpelK8ePw==
	private=73ee4a2fa2106533bf0cdd928706

Alien_to_Human-----019069af12fc79e1d901fe4f7d2f99
	key=BAESW18ZxrKnvwJTmOgOSwBjKa/J/C4/FPpelK8ePw==
	public=BAESW18ZxrKnvwJTmOgOSwBjKa/J/C4/FPpelK8ePw==
	private=73ee4a2fa2106533bf0cdd928706

-----------------------wap-wsg-idm-ecid-wtls5-----------------------
Human-----01f967be1e8f58ebaaf7391f4234bf5b395aa97dca
	key=030504089b58798c4b6bb06aaf3fa3b717f17e819479
	public=030504089b58798c4b6bb06aaf3fa3b717f17e819479
	private=XSPRyHcTZ+oQL38Dq9F1fzn4mZw=

Alien-----Aflnvh6PWOuq9zkfQjS/WzlaqX3K
	key=BAdKxO5o7JyOM8HRL7Nu8Q5ef+D50wXG0u/KvINUkimSgM9Ycds9i6qx6Q==
	public=BAdKxO5o7JyOM8HRL7Nu8Q5ef+D50wXG0u/KvINUkimSgM9Ycds9i6qx6Q==
	private=45751b221ef8577f96f74064a1050607f89c4c95

Alien_to_Human-----01f967be1e8f58ebaaf7391f4234bf5b395aa97dca
	key=BAdKxO5o7JyOM8HRL7Nu8Q5ef+D50wXG0u/KvINUkimSgM9Ycds9i6qx6Q==
	public=BAdKxO5o7JyOM8HRL7Nu8Q5ef+D50wXG0u/KvINUkimSgM9Ycds9i6qx6Q==
	private=45751b221ef8577f96f74064a1050607f89c4c95

-----------------------wap-wsg-idm-ecid-wtls6-----------------------
Human-----70dfb0349a1ff9c8833bff44b94b
	key=02587fed8be1879cc8b6581bd2d502
	public=02587fed8be1879cc8b6581bd2d502
	private=WLzlblc5B+ap6rhiu88=

Alien-----cN+wNJof+ciDO/9EuUs=
	key=BGEvOlAeX+CRqgIiJ3JOXsrhqT7t7A5xNTMTwjM=
	public=BGEvOlAeX+CRqgIiJ3JOXsrhqT7t7A5xNTMTwjM=
	private=c71626024be12967a1dc063c3495

Alien_to_Human-----70dfb0349a1ff9c8833bff44b94b
	key=BGEvOlAeX+CRqgIiJ3JOXsrhqT7t7A5xNTMTwjM=
	public=BGEvOlAeX+CRqgIiJ3JOXsrhqT7t7A5xNTMTwjM=
	private=c71626024be12967a1dc063c3495

-----------------------wap-wsg-idm-ecid-wtls7-----------------------
Human-----1561e4ff827d140728f0e086a5994e8dd158145c
	key=021efef53ef8c0dc09ed725410367eea983c5eafe7
	public=021efef53ef8c0dc09ed725410367eea983c5eafe7
	private=9/NrnqVt4ClpcJaeski/R1Y0QVw=

Alien-----FWHk/4J9FAco8OCGpZlOjdFYFFw=
	key=BFbPriQUAJ8ULT0LM6G9eK6EdqUsH2quL2dY7K0ustdwJpe5aJ1fR60=
	public=BFbPriQUAJ8ULT0LM6G9eK6EdqUsH2quL2dY7K0ustdwJpe5aJ1fR60=
	private=b37144b8822bb0fb57d12f9b23ecde1978acdfaa

Alien_to_Human-----1561e4ff827d140728f0e086a5994e8dd158145c
	key=BFbPriQUAJ8ULT0LM6G9eK6EdqUsH2quL2dY7K0ustdwJpe5aJ1fR60=
	public=BFbPriQUAJ8ULT0LM6G9eK6EdqUsH2quL2dY7K0ustdwJpe5aJ1fR60=
	private=b37144b8822bb0fb57d12f9b23ecde1978acdfaa

-----------------------wap-wsg-idm-ecid-wtls8-----------------------
Human-----27b7018abc86ad4d354273461b3b
	key=03615a3fb0458fa40d7e6d2fd92bc5
	public=03615a3fb0458fa40d7e6d2fd92bc5
	private=xoBA6+lG394d2MHl68k=

Alien-----J7cBiryGrU01QnNGGzs=
	key=BJYzGYoVHkDZO1snnz48vlcQ08EeVvv2+YGDKOs=
	public=BJYzGYoVHkDZO1snnz48vlcQ08EeVvv2+YGDKOs=
	private=1bf89bb734ac480625b8debdf2df

Alien_to_Human-----27b7018abc86ad4d354273461b3b
	key=BJYzGYoVHkDZO1snnz48vlcQ08EeVvv2+YGDKOs=
	public=BJYzGYoVHkDZO1snnz48vlcQ08EeVvv2+YGDKOs=
	private=1bf89bb734ac480625b8debdf2df

-----------------------wap-wsg-idm-ecid-wtls9-----------------------
Human-----83275814e4ffd73bad5d9c98964e0b5bbe06a9e4
	key=03a8b61f97b3f1f032400ac8b1b88417e3af4a8c9b
	public=03a8b61f97b3f1f032400ac8b1b88417e3af4a8c9b
	private=OUcNHLpF0vm0MarQTHvbqo+mxvk=

Alien-----gydYFOT/1zutXZyYlk4LW74GqeQ=
	key=BHe/qd7dkxSzgHRY8JrLrsCDP8gsd1ABhZmqWFNfKIO6UGZpBLcJ27w=
	public=BHe/qd7dkxSzgHRY8JrLrsCDP8gsd1ABhZmqWFNfKIO6UGZpBLcJ27w=
	private=e56439addc8243768c629298517077310149abf6

Alien_to_Human-----83275814e4ffd73bad5d9c98964e0b5bbe06a9e4
	key=BHe/qd7dkxSzgHRY8JrLrsCDP8gsd1ABhZmqWFNfKIO6UGZpBLcJ27w=
	public=BHe/qd7dkxSzgHRY8JrLrsCDP8gsd1ABhZmqWFNfKIO6UGZpBLcJ27w=
	private=e56439addc8243768c629298517077310149abf6

