0    DSA    hex    691670a4a4034f378cfc4a512b9a6381438fe339

1    DSA-SHA    hex    691670a4a4034f378cfc4a512b9a6381438fe339

2    DSA-SHA1    hex    691670a4a4034f378cfc4a512b9a6381438fe339

3    DSA-SHA1-old    hex    691670a4a4034f378cfc4a512b9a6381438fe339

4    RSA-MD4    hex    7aa3dffb8aed2bdfd38af0dd674560c8

5    RSA-MD5    hex    f1c846d9a6ccefdb3c20f2907acf51ee

6    RSA-MDC2    hex    8908276f9c37fa73ac4c9ca5143a2ddf

7    RSA-RIPEMD160    hex    e802e6f8aaeebb8eba0ee0917b34ba24bf760040

8    RSA-SHA    hex    f89c6d7b2c86d02a40aa92400bb00485f0c8ff6b

9    RSA-SHA1    hex    691670a4a4034f378cfc4a512b9a6381438fe339

10    RSA-SHA1-2    hex    691670a4a4034f378cfc4a512b9a6381438fe339

11    RSA-SHA224    hex    4319264d126988aea4758f4984ff41dc478f34fb73279a997be64f74

12    RSA-SHA256    hex    786bf78f1e5faf3fb8e8704e2b42ce9456350337e0f478be3c1f10396ecf1fde

13    RSA-SHA384    hex    8cd756919791138e213a275f5004bc2ac0fc9de10a77141334ee63478adfcb74dee3cf28ddfb872e22db1ffe03a6f4ec

14    RSA-SHA512    hex    7a7cfacb5d2590aa3583013eb992da2836c1257f9793c71124be9e91c84ebf543f113723109fc92de82743e7ea6aa425e135c9d8de1b95d868b1556757b65275

15    dsaEncryption    hex    691670a4a4034f378cfc4a512b9a6381438fe339

16    dsaWithSHA    hex    691670a4a4034f378cfc4a512b9a6381438fe339

17    dsaWithSHA1    hex    691670a4a4034f378cfc4a512b9a6381438fe339

18    dss1    hex    691670a4a4034f378cfc4a512b9a6381438fe339

19    ecdsa-with-SHA1    hex    691670a4a4034f378cfc4a512b9a6381438fe339

20    md4    hex    7aa3dffb8aed2bdfd38af0dd674560c8

21    md4WithRSAEncryption    hex    7aa3dffb8aed2bdfd38af0dd674560c8

22    md5    hex    f1c846d9a6ccefdb3c20f2907acf51ee

23    md5WithRSAEncryption    hex    f1c846d9a6ccefdb3c20f2907acf51ee

24    mdc2    hex    8908276f9c37fa73ac4c9ca5143a2ddf

25    mdc2WithRSA    hex    8908276f9c37fa73ac4c9ca5143a2ddf

26    ripemd    hex    e802e6f8aaeebb8eba0ee0917b34ba24bf760040

27    ripemd160    hex    e802e6f8aaeebb8eba0ee0917b34ba24bf760040

28    ripemd160WithRSA    hex    e802e6f8aaeebb8eba0ee0917b34ba24bf760040

29    rmd160    hex    e802e6f8aaeebb8eba0ee0917b34ba24bf760040

30    sha    hex    f89c6d7b2c86d02a40aa92400bb00485f0c8ff6b

31    sha1    hex    691670a4a4034f378cfc4a512b9a6381438fe339

32    sha1WithRSAEncryption    hex    691670a4a4034f378cfc4a512b9a6381438fe339

33    sha224    hex    4319264d126988aea4758f4984ff41dc478f34fb73279a997be64f74

34    sha224WithRSAEncryption    hex    4319264d126988aea4758f4984ff41dc478f34fb73279a997be64f74

35    sha256    hex    786bf78f1e5faf3fb8e8704e2b42ce9456350337e0f478be3c1f10396ecf1fde

36    sha256WithRSAEncryption    hex    786bf78f1e5faf3fb8e8704e2b42ce9456350337e0f478be3c1f10396ecf1fde

37    sha384    hex    8cd756919791138e213a275f5004bc2ac0fc9de10a77141334ee63478adfcb74dee3cf28ddfb872e22db1ffe03a6f4ec

38    sha384WithRSAEncryption    hex    8cd756919791138e213a275f5004bc2ac0fc9de10a77141334ee63478adfcb74dee3cf28ddfb872e22db1ffe03a6f4ec

39    sha512    hex    7a7cfacb5d2590aa3583013eb992da2836c1257f9793c71124be9e91c84ebf543f113723109fc92de82743e7ea6aa425e135c9d8de1b95d868b1556757b65275

40    sha512WithRSAEncryption    hex    7a7cfacb5d2590aa3583013eb992da2836c1257f9793c71124be9e91c84ebf543f113723109fc92de82743e7ea6aa425e135c9d8de1b95d868b1556757b65275

41    shaWithRSAEncryption    hex    f89c6d7b2c86d02a40aa92400bb00485f0c8ff6b

42    ssl2-md5    hex    f1c846d9a6ccefdb3c20f2907acf51ee

43    ssl3-md5    hex    f1c846d9a6ccefdb3c20f2907acf51ee

44    ssl3-sha1    hex    691670a4a4034f378cfc4a512b9a6381438fe339

45    whirlpool    hex    8ea8daad78df88dd314baed0536a6172ed71b4c06100cb7452fb96a2a74e550f0be1fb6e389fa2945830e0db9ee7da32c50ba19ecf746ba5683b19bb1abbec21

