69###13:45:27:703---a
72###13:45:27:812---b
78###13:45:27:865---c
32###13:45:27:917---d
50###13:45:27:975---e
52###13:45:28:28---f
72###13:45:28:81---g
70###13:45:28:134---h
82###13:45:28:187---i
53###13:45:28:241---j
10###13:45:28:293---k
89###13:45:28:347---l
80###13:45:28:407---m
58###13:45:28:458---n
91###13:45:28:510---o
65###13:45:28:561---p
71###13:45:28:614---q
52###13:45:28:683---r
24###13:45:28:734---s
87###13:45:28:786---t
6###13:45:28:836---u
28###13:45:28:892---v
3###13:45:28:954---w
2###13:45:29:4---x
44###13:45:29:54---y
29###13:45:29:105---z
---------------------------------
13:46:29:83---a
13:46:29:184---b
13:46:29:236---c
13:46:29:288---d
13:46:29:342---e
13:46:29:394---f
13:46:29:444---g
13:46:29:496---h
13:46:29:548---i
13:46:29:600---j
13:46:29:651---k
13:46:29:701---l
13:46:29:751---m
13:46:29:801---n
13:46:29:851---o
13:46:29:918---p
13:46:29:968---q
13:46:30:20---r
13:46:30:70---s
13:46:30:166---t
13:46:30:216---u
13:46:30:266---v
13:46:30:318---w
13:46:30:367---x
13:46:30:418---y
13:46:30:468---z
---------------------------------
