push-block-1
push-block-2
ReadableState {
  objectMode: false,
  highWaterMark: 16384,
  buffer: [ 'push-block-1\n', 'push-block-2\n' ],
  length: 26,
  pipes: null,
  pipesCount: 0,
  flowing: null,
  ended: false,
  endEmitted: false,
  reading: false,
  sync: true,
  needReadable: false,
  emittedReadable: false,
  readableListening: false,
  resumeScheduled: false,
  defaultEncoding: 'utf8',
  ranOut: false,
  awaitDrain: 0,
  readingMore: true,
  decoder: 
   { encoding: 'utf8',
     surrogateSize: 3,
     charBuffer: <Buffer 58 53 4c 00 70 8b>,
     charReceived: 0,
     charLength: 0 },
  encoding: 'utf8' }
function (n) {
  this.emit('error', new Error('not implemented'));
}