-----------------------Oakley-EC2N-3-----------------------
Human-----0787d10cebcc2aba8aaec5dbadcb813e035a099a
	key=0206e5282a3c1f028092e31e9748bf98582efee06e
	public=0206e5282a3c1f028092e31e9748bf98582efee06e
	private=AVVQyhC/uvkz2Q1ocA/pLM/dJj4=

Alien-----B4fRDOvMKrqKrsXbrcuBPgNaCZo=
	key=BAPRWvrL78S6q013uX2AbaPuE8xjA7TuTTT+VkJcbV5YiRsusOBzjac=
	public=BAPRWvrL78S6q013uX2AbaPuE8xjA7TuTTT+VkJcbV5YiRsusOBzjac=
	private=0265ce3b7d618e1afe1c4598b5dc607d61c9ffcc

Alien_to_Human-----0787d10cebcc2aba8aaec5dbadcb813e035a099a
	key=BAPRWvrL78S6q013uX2AbaPuE8xjA7TuTTT+VkJcbV5YiRsusOBzjac=
	public=BAPRWvrL78S6q013uX2AbaPuE8xjA7TuTTT+VkJcbV5YiRsusOBzjac=
	private=0265ce3b7d618e1afe1c4598b5dc607d61c9ffcc

-----------------------Oakley-EC2N-4-----------------------
Human-----01d0da0089592440a0901cbb3cd458dd8a0fcafe82842876
	key=03018cdb8794b244693ca4062ed92766c0ab10b23d4c3c6472
	public=03018cdb8794b244693ca4062ed92766c0ab10b23d4c3c6472
	private=99LBBuYdZaXh0rg9r54vjnxZuk3P1VQ=

Alien-----AdDaAIlZJECgkBy7PNRY3YoPyv6ChCh2
	key=BAFa4HqcwPnDUcxpuyIk9+t5IcpvfRMqUgGy14mh88xCs8/42ZKgkijWfrE9AdCq5g==
	public=BAFa4HqcwPnDUcxpuyIk9+t5IcpvfRMqUgGy14mh88xCs8/42ZKgkijWfrE9AdCq5g==
	private=0b8af4751b27d059a859c484fc3d88aeed0859b2699e0d

Alien_to_Human-----01d0da0089592440a0901cbb3cd458dd8a0fcafe82842876
	key=BAFa4HqcwPnDUcxpuyIk9+t5IcpvfRMqUgGy14mh88xCs8/42ZKgkijWfrE9AdCq5g==
	public=BAFa4HqcwPnDUcxpuyIk9+t5IcpvfRMqUgGy14mh88xCs8/42ZKgkijWfrE9AdCq5g==
	private=0b8af4751b27d059a859c484fc3d88aeed0859b2699e0d

-----------------------brainpoolP160r1-----------------------
Human-----2376f9da2894c5f367ee1f2cc85df303acaa946b
	key=03bd9a8a614758f263918e4c4749cfcb9365120337
	public=03bd9a8a614758f263918e4c4749cfcb9365120337
	private=IQZ0iQr8hrxnqrfa8y6wynu3ftY=

Alien-----I3b52iiUxfNn7h8syF3zA6yqlGs=
	key=BDJngjUus7ME3wznbE4uA0Whp0oAUp4cntVePao/iMGtF3FGRdASFkk=
	public=BDJngjUus7ME3wznbE4uA0Whp0oAUp4cntVePao/iMGtF3FGRdASFkk=
	private=2f2c3c5bf0819b2513a493557f560a87162907fe

Alien_to_Human-----2376f9da2894c5f367ee1f2cc85df303acaa946b
	key=BDJngjUus7ME3wznbE4uA0Whp0oAUp4cntVePao/iMGtF3FGRdASFkk=
	public=BDJngjUus7ME3wznbE4uA0Whp0oAUp4cntVePao/iMGtF3FGRdASFkk=
	private=2f2c3c5bf0819b2513a493557f560a87162907fe

-----------------------brainpoolP160t1-----------------------
Human-----60304a547eabf27cbed817f229c17e0dddafd3c6
	key=03d305860b34a6508646901efbc6b87e51057c7960
	public=03d305860b34a6508646901efbc6b87e51057c7960
	private=OQcrqV7N2rrFXsfgRjJUJ8dkC4U=

Alien-----YDBKVH6r8ny+2BfyKcF+Dd2v08Y=
	key=BIiLadNr6d84q3NCojSHWS85O3P+f50ZrmoEbG6g+drf4eJBuz8ONBc=
	public=BIiLadNr6d84q3NCojSHWS85O3P+f50ZrmoEbG6g+drf4eJBuz8ONBc=
	private=65ab15637178de337ee730a98846e84e237db4d5

Alien_to_Human-----60304a547eabf27cbed817f229c17e0dddafd3c6
	key=BIiLadNr6d84q3NCojSHWS85O3P+f50ZrmoEbG6g+drf4eJBuz8ONBc=
	public=BIiLadNr6d84q3NCojSHWS85O3P+f50ZrmoEbG6g+drf4eJBuz8ONBc=
	private=65ab15637178de337ee730a98846e84e237db4d5

-----------------------brainpoolP192r1-----------------------
Human-----4405b4e5577edc55f97c2af73ba04a7cca98f5fa59122e63
	key=0213dd79d70bdb6dadd4ca47f8e2d56071fd5e62889310a8e0
	public=0213dd79d70bdb6dadd4ca47f8e2d56071fd5e62889310a8e0
	private=VA+56iAdqqxFwi1gQv7jpUSZSeMLK3CV

Alien-----RAW05Vd+3FX5fCr3O6BKfMqY9fpZEi5j
	key=BCU+kbNwQq3eTcOcUcJcpnF552Hdp2N2zpVgeLKObWMPZL1Z0sEDfBTEcAkpnGPRqA==
	public=BCU+kbNwQq3eTcOcUcJcpnF552Hdp2N2zpVgeLKObWMPZL1Z0sEDfBTEcAkpnGPRqA==
	private=2b106acf4d5facac0000fc6b8a1499ec958534242ac9e878

Alien_to_Human-----4405b4e5577edc55f97c2af73ba04a7cca98f5fa59122e63
	key=BCU+kbNwQq3eTcOcUcJcpnF552Hdp2N2zpVgeLKObWMPZL1Z0sEDfBTEcAkpnGPRqA==
	public=BCU+kbNwQq3eTcOcUcJcpnF552Hdp2N2zpVgeLKObWMPZL1Z0sEDfBTEcAkpnGPRqA==
	private=2b106acf4d5facac0000fc6b8a1499ec958534242ac9e878

-----------------------brainpoolP192t1-----------------------
Human-----10a3000d754627ad269029b74380f56de4120061c597f2bf
	key=03c2a3c3b6c653586106af83c019ac3b3c3c6d9376846571c1
	public=03c2a3c3b6c653586106af83c019ac3b3c3c6d9376846571c1
	private=WG9/Io1xNNYmPdn0v4YJDya8XHMSHd+O

Alien-----EKMADXVGJ60mkCm3Q4D1beQSAGHFl/K/
	key=BEFfhD+QndyEmWZPoUijHZpFx5Nl4mR3Nx8ACakiMbW2+VpPxRYaCt2kLDZiIRH4gA==
	public=BEFfhD+QndyEmWZPoUijHZpFx5Nl4mR3Nx8ACakiMbW2+VpPxRYaCt2kLDZiIRH4gA==
	private=27a56897ac27e775f3a67e8fbcd78f19ce812c912eb7d097

Alien_to_Human-----10a3000d754627ad269029b74380f56de4120061c597f2bf
	key=BEFfhD+QndyEmWZPoUijHZpFx5Nl4mR3Nx8ACakiMbW2+VpPxRYaCt2kLDZiIRH4gA==
	public=BEFfhD+QndyEmWZPoUijHZpFx5Nl4mR3Nx8ACakiMbW2+VpPxRYaCt2kLDZiIRH4gA==
	private=27a56897ac27e775f3a67e8fbcd78f19ce812c912eb7d097

-----------------------brainpoolP224r1-----------------------
Human-----a11fc998bcdae2ad8fefbd34f08714433515e6b454d9ac911d6fb25c
	key=03bb35be0bb18186e8595da533214109f546edec44a2208e9268db634e
	public=03bb35be0bb18186e8595da533214109f546edec44a2208e9268db634e
	private=YQyQ4Fijk5+3GB1hhTKsGGtrNsCfuoHgUpmq4g==

Alien-----oR/JmLza4q2P77008IcUQzUV5rRU2ayRHW+yXA==
	key=BKXLn4WQETQV4e3K2vkfvlqDA46L6F3sIDgroh26uvygJQMIPB5m4chOTAAPSrVIJaf/MxXjVRrj
	public=BKXLn4WQETQV4e3K2vkfvlqDA46L6F3sIDgroh26uvygJQMIPB5m4chOTAAPSrVIJaf/MxXjVRrj
	private=b10282554ba6040b8a090f5cbfdee30a813a47bba87e2de6d3c1f89e

Alien_to_Human-----a11fc998bcdae2ad8fefbd34f08714433515e6b454d9ac911d6fb25c
	key=BKXLn4WQETQV4e3K2vkfvlqDA46L6F3sIDgroh26uvygJQMIPB5m4chOTAAPSrVIJaf/MxXjVRrj
	public=BKXLn4WQETQV4e3K2vkfvlqDA46L6F3sIDgroh26uvygJQMIPB5m4chOTAAPSrVIJaf/MxXjVRrj
	private=b10282554ba6040b8a090f5cbfdee30a813a47bba87e2de6d3c1f89e

-----------------------brainpoolP224t1-----------------------
Human-----98da44debe6e7165092d7e7bfb104da1fb34cbf172b9b02df01a689f
	key=03a3915180fad7468021d432349cd3fdafb55525c3bfde76c9179bd72d
	public=03a3915180fad7468021d432349cd3fdafb55525c3bfde76c9179bd72d
	private=PUhAddmpL3jI5C7Z+cP3rBDTwkUG5FiOhXniQQ==

Alien-----mNpE3r5ucWUJLX57+xBNofs0y/FyubAt8Bponw==
	key=BLO9VPSN8fAXMti3XEaxIPsYIdLXlYFoZrJdmSJUYX3H0Udq9Azm43Z69xzAvRMbC9t/BoIADBWR
	public=BLO9VPSN8fAXMti3XEaxIPsYIdLXlYFoZrJdmSJUYX3H0Udq9Azm43Z69xzAvRMbC9t/BoIADBWR
	private=ac2632e45fc5b3f80bfb753f1e91d908a18faa9266bfdc64f73dc7a1

Alien_to_Human-----98da44debe6e7165092d7e7bfb104da1fb34cbf172b9b02df01a689f
	key=BLO9VPSN8fAXMti3XEaxIPsYIdLXlYFoZrJdmSJUYX3H0Udq9Azm43Z69xzAvRMbC9t/BoIADBWR
	public=BLO9VPSN8fAXMti3XEaxIPsYIdLXlYFoZrJdmSJUYX3H0Udq9Azm43Z69xzAvRMbC9t/BoIADBWR
	private=ac2632e45fc5b3f80bfb753f1e91d908a18faa9266bfdc64f73dc7a1

-----------------------brainpoolP256r1-----------------------
Human-----33d307915819c2178e4fd78124b9ba3ded4ec45369d42e7683ea8c9b1a455f4b
	key=033e195b6bc556fcc1f19d74f208ff29fc41c58a061c7c9c38e258c3a6a2b89215
	public=033e195b6bc556fcc1f19d74f208ff29fc41c58a061c7c9c38e258c3a6a2b89215
	private=eyPruMyt8H4W+sP3D8uvEIaQzHLYWMDIvilpKFcQg0s=

Alien-----M9MHkVgZwheOT9eBJLm6Pe1OxFNp1C52g+qMmxpFX0s=
	key=BEMKPY4u19gWvGxCMInaK5Cw2oUw84JyhdZCBqTuMlb3RseLj50nVOWrjzoW5ZwWVyxNwvadTa879rtzxHVznNw=
	public=BEMKPY4u19gWvGxCMInaK5Cw2oUw84JyhdZCBqTuMlb3RseLj50nVOWrjzoW5ZwWVyxNwvadTa879rtzxHVznNw=
	private=02835d5b39542c22ec7d231f1ec99f454d1ac8473eb79af820a23ddf1d8e748b

Alien_to_Human-----33d307915819c2178e4fd78124b9ba3ded4ec45369d42e7683ea8c9b1a455f4b
	key=BEMKPY4u19gWvGxCMInaK5Cw2oUw84JyhdZCBqTuMlb3RseLj50nVOWrjzoW5ZwWVyxNwvadTa879rtzxHVznNw=
	public=BEMKPY4u19gWvGxCMInaK5Cw2oUw84JyhdZCBqTuMlb3RseLj50nVOWrjzoW5ZwWVyxNwvadTa879rtzxHVznNw=
	private=02835d5b39542c22ec7d231f1ec99f454d1ac8473eb79af820a23ddf1d8e748b

-----------------------brainpoolP256t1-----------------------
Human-----435675f42e1739966a43eb3df3087e9a18e7c15af7fccfcb5f160627d37f78ca
	key=035b8b4c18767befab5af428bdfcb398b43622d41c43dc3c7a9e7e4860bf0007a2
	public=035b8b4c18767befab5af428bdfcb398b43622d41c43dc3c7a9e7e4860bf0007a2
	private=axavNUhoyEdjZtd/VBNjOHJU9fVqtgVcDIQf9fnbkPc=

Alien-----Q1Z19C4XOZZqQ+s98wh+mhjnwVr3/M/LXxYGJ9N/eMo=
	key=BGylP7tWpiZ3EJljwhrnwpd74nhqObQQxjrgf/rg7bhmc1HNhp4OPgpc86vzLnNhS5UQCFeXd+t/HmOwrZccDo4=
	public=BGylP7tWpiZ3EJljwhrnwpd74nhqObQQxjrgf/rg7bhmc1HNhp4OPgpc86vzLnNhS5UQCFeXd+t/HmOwrZccDo4=
	private=a1f92b4184e28ee5e414cef1bf4e958facb6bd10bb08e170b25b67539cfd1bac

Alien_to_Human-----435675f42e1739966a43eb3df3087e9a18e7c15af7fccfcb5f160627d37f78ca
	key=BGylP7tWpiZ3EJljwhrnwpd74nhqObQQxjrgf/rg7bhmc1HNhp4OPgpc86vzLnNhS5UQCFeXd+t/HmOwrZccDo4=
	public=BGylP7tWpiZ3EJljwhrnwpd74nhqObQQxjrgf/rg7bhmc1HNhp4OPgpc86vzLnNhS5UQCFeXd+t/HmOwrZccDo4=
	private=a1f92b4184e28ee5e414cef1bf4e958facb6bd10bb08e170b25b67539cfd1bac

-----------------------brainpoolP320r1-----------------------
Human-----500485fad0f0af9cd28775c94309982ffc9279da04bc8d06697272f75f49a5b9e645acfba8251995
	key=03072724dc8e487b03383f46ea153e4308d68fdbb6f3351c04ebd9661ff25b1b9a9f9d7800d373e9d7
	public=03072724dc8e487b03383f46ea153e4308d68fdbb6f3351c04ebd9661ff25b1b9a9f9d7800d373e9d7
	private=fi35h11rNc2/AZ8RxRAgpNTPs8yDyCfPLpwiIq51DnrmpErua1D4sA==

Alien-----UASF+tDwr5zSh3XJQwmYL/ySedoEvI0GaXJy919JpbnmRaz7qCUZlQ==
	key=BHqKdtyTp2qnxCG+Xk/zGM83bKKCfS8/Q4Aj/jV6AjLmHDm5JQd9kNKqNdwRECgbXPLvXP/ZNHvHvf98ERH3b0ScM1sJMRFv4pjnlB9S9V+Z
	public=BHqKdtyTp2qnxCG+Xk/zGM83bKKCfS8/Q4Aj/jV6AjLmHDm5JQd9kNKqNdwRECgbXPLvXP/ZNHvHvf98ERH3b0ScM1sJMRFv4pjnlB9S9V+Z
	private=5ff336ba15422ba1c5c4445531140ec14682c61cccd8fa806cd160be555a5b566f016f429e816b47

Alien_to_Human-----500485fad0f0af9cd28775c94309982ffc9279da04bc8d06697272f75f49a5b9e645acfba8251995
	key=BHqKdtyTp2qnxCG+Xk/zGM83bKKCfS8/Q4Aj/jV6AjLmHDm5JQd9kNKqNdwRECgbXPLvXP/ZNHvHvf98ERH3b0ScM1sJMRFv4pjnlB9S9V+Z
	public=BHqKdtyTp2qnxCG+Xk/zGM83bKKCfS8/Q4Aj/jV6AjLmHDm5JQd9kNKqNdwRECgbXPLvXP/ZNHvHvf98ERH3b0ScM1sJMRFv4pjnlB9S9V+Z
	private=5ff336ba15422ba1c5c4445531140ec14682c61cccd8fa806cd160be555a5b566f016f429e816b47

-----------------------brainpoolP320t1-----------------------
Human-----17801ff418e23e957d8c9e1b5e822f7f926a8bef3ed8ece9e79ec3af63ed1e45747350a9b29d2994
	key=027d1dff86816cefa119adab2fd6bd308275008e79dbe901fef9611c79d005cb90b4a9fa5957c57856
	public=027d1dff86816cefa119adab2fd6bd308275008e79dbe901fef9611c79d005cb90b4a9fa5957c57856
	private=uF5aMgj/EYa7nhIpQCXQwCw2V2HgqSxVNgwxH6ZKn42IHw99+6kAtg==

Alien-----F4Af9BjiPpV9jJ4bXoIvf5Jqi+8+2Ozp557Dr2PtHkV0c1Cpsp0plA==
	key=BD022ot+fs+X/KFJyCtsWZv8tG8DkAucKfwWrsNZinDMXDS87h41rD1Ppeo+wnkTFN0t0aX1DZOkyHvXqyov7whkY1iKBib68SG9teYuqflB
	public=BD022ot+fs+X/KFJyCtsWZv8tG8DkAucKfwWrsNZinDMXDS87h41rD1Ppeo+wnkTFN0t0aX1DZOkyHvXqyov7whkY1iKBib68SG9teYuqflB
	private=3016ca4573b8d8661ebd3197eef108366dfdbb075f3695fbc7a140f843d6321e2d662a5a5e59600b

Alien_to_Human-----17801ff418e23e957d8c9e1b5e822f7f926a8bef3ed8ece9e79ec3af63ed1e45747350a9b29d2994
	key=BD022ot+fs+X/KFJyCtsWZv8tG8DkAucKfwWrsNZinDMXDS87h41rD1Ppeo+wnkTFN0t0aX1DZOkyHvXqyov7whkY1iKBib68SG9teYuqflB
	public=BD022ot+fs+X/KFJyCtsWZv8tG8DkAucKfwWrsNZinDMXDS87h41rD1Ppeo+wnkTFN0t0aX1DZOkyHvXqyov7whkY1iKBib68SG9teYuqflB
	private=3016ca4573b8d8661ebd3197eef108366dfdbb075f3695fbc7a140f843d6321e2d662a5a5e59600b

-----------------------brainpoolP384r1-----------------------
Human-----7c8454cd1d3323e5cf05388a183ea789a97ba62a113ab8f8a33c28cb7ca4027b8cde5c46df692794b1c2c05d0347222b
	key=036d17d1bab67e45dda4b22b0af3507d86e2bd9cc4281e1cc48d00947ef3161d3736cca1adbac28e1a01522b0de1343db5
	public=036d17d1bab67e45dda4b22b0af3507d86e2bd9cc4281e1cc48d00947ef3161d3736cca1adbac28e1a01522b0de1343db5
	private=LiIWBH2KmBFCODyNtT5ZsSUY5uDN8xZ/uws2W+tFFaC3HOLN2TaxN+QIb26M9Irx

Alien-----fIRUzR0zI+XPBTiKGD6nial7pioROrj4ozwoy3ykAnuM3lxG32knlLHCwF0DRyIr
	key=BGgVluIAYfNpZo8RZdS9XTLU4Hwyuu9Ky7sSJLt4BA7+L6e1qJbR7lLuZKFzoal9ZAIZitVExV0tFbGsvIA0N2A7utlbwlKGoirqopnoqTnPkflKHsoh1FNBsEiUWVP8Rg==
	public=BGgVluIAYfNpZo8RZdS9XTLU4Hwyuu9Ky7sSJLt4BA7+L6e1qJbR7lLuZKFzoal9ZAIZitVExV0tFbGsvIA0N2A7utlbwlKGoirqopnoqTnPkflKHsoh1FNBsEiUWVP8Rg==
	private=031b7c2dc5130bdb17c13b2242e4de6f8fcd4ecd737bdda0131ae3daab0fc8971094dfd37cc6e7cf7a1c9e6e0a6c8c77

Alien_to_Human-----7c8454cd1d3323e5cf05388a183ea789a97ba62a113ab8f8a33c28cb7ca4027b8cde5c46df692794b1c2c05d0347222b
	key=BGgVluIAYfNpZo8RZdS9XTLU4Hwyuu9Ky7sSJLt4BA7+L6e1qJbR7lLuZKFzoal9ZAIZitVExV0tFbGsvIA0N2A7utlbwlKGoirqopnoqTnPkflKHsoh1FNBsEiUWVP8Rg==
	public=BGgVluIAYfNpZo8RZdS9XTLU4Hwyuu9Ky7sSJLt4BA7+L6e1qJbR7lLuZKFzoal9ZAIZitVExV0tFbGsvIA0N2A7utlbwlKGoirqopnoqTnPkflKHsoh1FNBsEiUWVP8Rg==
	private=031b7c2dc5130bdb17c13b2242e4de6f8fcd4ecd737bdda0131ae3daab0fc8971094dfd37cc6e7cf7a1c9e6e0a6c8c77

-----------------------brainpoolP384t1-----------------------
Human-----390a5b4cd3084c8bf1665c8710730465142f9ea0cef0d4ca13f628b9d549d92f01c0fff40cc501d7f8da9a7888add678
	key=0300f6d3f2d3001d5ef3c44b6a7ed8f9b0413bb652a6fce2402232192c00fe43f0a41cd4f8d27b3f8796a560aefcec524c
	public=0300f6d3f2d3001d5ef3c44b6a7ed8f9b0413bb652a6fce2402232192c00fe43f0a41cd4f8d27b3f8796a560aefcec524c
	private=LMSpMisyySYOjDLp+z63b9c24ea2NffUhCba2Hqo0f2b5Hv8/5arVKXUydiqLrEY

Alien-----OQpbTNMITIvxZlyHEHMEZRQvnqDO8NTKE/YoudVJ2S8BwP/0DMUB1/jamniIrdZ4
	key=BFMKf8wbvehELTC0lB92Nz8JyFjFRXvgZEo3Dkhs2kapKlkKjITr2HD3ldT59Q1oHUi49CbKuuehPkDZYR0363u83+Tu1nstiw87OZFF65xxpWvhMLEYqtEUXKrqoZdC2Q==
	public=BFMKf8wbvehELTC0lB92Nz8JyFjFRXvgZEo3Dkhs2kapKlkKjITr2HD3ldT59Q1oHUi49CbKuuehPkDZYR0363u83+Tu1nstiw87OZFF65xxpWvhMLEYqtEUXKrqoZdC2Q==
	private=84bc1681f270192c9a3f73536ee30f5abd83f04103df5e94f78ebddcf6d2fd5d2b960c152384da3b1736edc6e8292621

Alien_to_Human-----390a5b4cd3084c8bf1665c8710730465142f9ea0cef0d4ca13f628b9d549d92f01c0fff40cc501d7f8da9a7888add678
	key=BFMKf8wbvehELTC0lB92Nz8JyFjFRXvgZEo3Dkhs2kapKlkKjITr2HD3ldT59Q1oHUi49CbKuuehPkDZYR0363u83+Tu1nstiw87OZFF65xxpWvhMLEYqtEUXKrqoZdC2Q==
	public=BFMKf8wbvehELTC0lB92Nz8JyFjFRXvgZEo3Dkhs2kapKlkKjITr2HD3ldT59Q1oHUi49CbKuuehPkDZYR0363u83+Tu1nstiw87OZFF65xxpWvhMLEYqtEUXKrqoZdC2Q==
	private=84bc1681f270192c9a3f73536ee30f5abd83f04103df5e94f78ebddcf6d2fd5d2b960c152384da3b1736edc6e8292621

-----------------------brainpoolP512r1-----------------------
Human-----05ec612c82e0e8e552919589b3e012d7fa41c6524c46376a8e0478f49f1e596d16cd12449a8f09be86c4c25be56b1a8fc14465697f54027a2b86ab22c825de1a
	key=034cda5b779821d09c4cc42436855144ecd2b078aecd87f13d73720643bf4bb81ed1e22d1a237055fbe908d1b7a1002421abcf6740f60cd31d5578e493c050c78f
	public=034cda5b779821d09c4cc42436855144ecd2b078aecd87f13d73720643bf4bb81ed1e22d1a237055fbe908d1b7a1002421abcf6740f60cd31d5578e493c050c78f
	private=PrSuph9Raxsp1B7H3g5NTGcXxOeDdlbjkyFzvd19dH+MQVfYWBpM8xaTAzUtmZLqYMfkco8QYWclmADIC9GrhA==

Alien-----BexhLILg6OVSkZWJs+AS1/pBxlJMRjdqjgR49J8eWW0WzRJEmo8JvobEwlvlaxqPwURlaX9UAnorhqsiyCXeGg==
	key=BAEiKlAgbqM8ZXa2mAcTo5G0FUPcKqVH/L3tS6KvtfJ7PZ2kmlblx0L6BEyPIhO44PUHwhEIXE5ODvRiWPcIBsERzIAIMgB4OBGni4PdZB8W4T0KWT1E6smvRm87q9CZxzbfRmJ0QpQpccj/xRz2mK+EVWqib5pMlr+uFrOGDRTn
	public=BAEiKlAgbqM8ZXa2mAcTo5G0FUPcKqVH/L3tS6KvtfJ7PZ2kmlblx0L6BEyPIhO44PUHwhEIXE5ODvRiWPcIBsERzIAIMgB4OBGni4PdZB8W4T0KWT1E6smvRm87q9CZxzbfRmJ0QpQpccj/xRz2mK+EVWqib5pMlr+uFrOGDRTn
	private=42964a4cf04b11ab1423e1dafa2fce5e3c88053f1f944121ec9ef04719e6c01ec981d06efff8cb6d052c1a90150904e290cf3170afb02b1cc12d25b8c19eea6b

Alien_to_Human-----05ec612c82e0e8e552919589b3e012d7fa41c6524c46376a8e0478f49f1e596d16cd12449a8f09be86c4c25be56b1a8fc14465697f54027a2b86ab22c825de1a
	key=BAEiKlAgbqM8ZXa2mAcTo5G0FUPcKqVH/L3tS6KvtfJ7PZ2kmlblx0L6BEyPIhO44PUHwhEIXE5ODvRiWPcIBsERzIAIMgB4OBGni4PdZB8W4T0KWT1E6smvRm87q9CZxzbfRmJ0QpQpccj/xRz2mK+EVWqib5pMlr+uFrOGDRTn
	public=BAEiKlAgbqM8ZXa2mAcTo5G0FUPcKqVH/L3tS6KvtfJ7PZ2kmlblx0L6BEyPIhO44PUHwhEIXE5ODvRiWPcIBsERzIAIMgB4OBGni4PdZB8W4T0KWT1E6smvRm87q9CZxzbfRmJ0QpQpccj/xRz2mK+EVWqib5pMlr+uFrOGDRTn
	private=42964a4cf04b11ab1423e1dafa2fce5e3c88053f1f944121ec9ef04719e6c01ec981d06efff8cb6d052c1a90150904e290cf3170afb02b1cc12d25b8c19eea6b

-----------------------brainpoolP512t1-----------------------
Human-----6900e8a1b706a09613e889a11695f110adff402f5cdb9f369c2142a34816ef2d151b5b344e7bae93e414c66f0f44cde2984871098ff7766fd15866fe8473b5c4
	key=029087a63453c9542074f2a2d8a145546c219e5f8a381583bf227a201e6bbc146be80154452778c1f7cf9f5610f15fb89b4dc3b776d066b88e6275dedd74f382db
	public=029087a63453c9542074f2a2d8a145546c219e5f8a381583bf227a201e6bbc146be80154452778c1f7cf9f5610f15fb89b4dc3b776d066b88e6275dedd74f382db
	private=mGuUS+thS3rxY6MVA0D9Do3mXG1ASAm1C6Sk0pgsa9HRzg++2hmRUjHVLvMBSp1Xcl9p+4KjLEnZeeX8YYUYJA==

Alien-----aQDoobcGoJYT6ImhFpXxEK3/QC9c2582nCFCo0gW7y0VG1s0Tnuuk+QUxm8PRM3imEhxCY/3dm/RWGb+hHO1xA==
	key=BGD5ZU1Ypu/MtiULDb6HQf/gYGK8t8ED8PYUKtkhVf4Re2/jdWl6ZwFcTtaM5zT2TodjTFv3rNO2RvRM3sbhB7x6+snNQx7zdN+M0aluFSLeTpkLn0WY8N3IhDkqiP7WFXMwEgjwLNci0LL6Lo/aJ/ydAgT+OSkre43RDV8PtfqG
	public=BGD5ZU1Ypu/MtiULDb6HQf/gYGK8t8ED8PYUKtkhVf4Re2/jdWl6ZwFcTtaM5zT2TodjTFv3rNO2RvRM3sbhB7x6+snNQx7zdN+M0aluFSLeTpkLn0WY8N3IhDkqiP7WFXMwEgjwLNci0LL6Lo/aJ/ydAgT+OSkre43RDV8PtfqG
	private=67f17f248888d700bc38b9a97f50ddda49e1f90f5cea998e3b663fa3ba4625fc4da6ab23e4dcd9179d5f44e8f56aa83b677bacd5fb3b7e29d1115b0b6c162887

Alien_to_Human-----6900e8a1b706a09613e889a11695f110adff402f5cdb9f369c2142a34816ef2d151b5b344e7bae93e414c66f0f44cde2984871098ff7766fd15866fe8473b5c4
	key=BGD5ZU1Ypu/MtiULDb6HQf/gYGK8t8ED8PYUKtkhVf4Re2/jdWl6ZwFcTtaM5zT2TodjTFv3rNO2RvRM3sbhB7x6+snNQx7zdN+M0aluFSLeTpkLn0WY8N3IhDkqiP7WFXMwEgjwLNci0LL6Lo/aJ/ydAgT+OSkre43RDV8PtfqG
	public=BGD5ZU1Ypu/MtiULDb6HQf/gYGK8t8ED8PYUKtkhVf4Re2/jdWl6ZwFcTtaM5zT2TodjTFv3rNO2RvRM3sbhB7x6+snNQx7zdN+M0aluFSLeTpkLn0WY8N3IhDkqiP7WFXMwEgjwLNci0LL6Lo/aJ/ydAgT+OSkre43RDV8PtfqG
	private=67f17f248888d700bc38b9a97f50ddda49e1f90f5cea998e3b663fa3ba4625fc4da6ab23e4dcd9179d5f44e8f56aa83b677bacd5fb3b7e29d1115b0b6c162887

-----------------------c2pnb163v1-----------------------
Human-----01ac22b83e1ac83259c643efc80db9b7455e8715f8
	key=030395218f7e59057ef9e320dc742951917eb9691258
	public=030395218f7e59057ef9e320dc742951917eb9691258
	private=ectn2mUwsU2kdwBPQegEWSq548w=

Alien-----AawiuD4ayDJZxkPvyA25t0VehxX4
	key=BAGKema0RWrRWCCvWydmE8CdR4saugO3EM1vGCi6M76XYvOBmf7GB5gYaA==
	public=BAGKema0RWrRWCCvWydmE8CdR4saugO3EM1vGCi6M76XYvOBmf7GB5gYaA==
	private=c08be835e2860de8237d315c1ca66cd14170ebff

Alien_to_Human-----01ac22b83e1ac83259c643efc80db9b7455e8715f8
	key=BAGKema0RWrRWCCvWydmE8CdR4saugO3EM1vGCi6M76XYvOBmf7GB5gYaA==
	public=BAGKema0RWrRWCCvWydmE8CdR4saugO3EM1vGCi6M76XYvOBmf7GB5gYaA==
	private=c08be835e2860de8237d315c1ca66cd14170ebff

-----------------------c2pnb163v2-----------------------
Human-----0259293d3757d726291c7be4ad5798d826576bea2f
	key=03031e44d3520dda605ead393b03bd7aa39c8ffed8ef
	public=03031e44d3520dda605ead393b03bd7aa39c8ffed8ef
	private=AXAKQBuqiVmSRXgHZNn6Eyw1ILBp

Alien-----AlkpPTdX1yYpHHvkrVeY2CZXa+ov
	key=BAP2LgMFpr+HutkUKpxUZ8qtUKTvegLgD9MgZygyKpF6vLrKtwb8IIwspw==
	public=BAP2LgMFpr+HutkUKpxUZ8qtUKTvegLgD9MgZygyKpF6vLrKtwb8IIwspw==
	private=0301b5ff3a34895da9ebbcca5ab2afe65ae86ee7d7

Alien_to_Human-----0259293d3757d726291c7be4ad5798d826576bea2f
	key=BAP2LgMFpr+HutkUKpxUZ8qtUKTvegLgD9MgZygyKpF6vLrKtwb8IIwspw==
	public=BAP2LgMFpr+HutkUKpxUZ8qtUKTvegLgD9MgZygyKpF6vLrKtwb8IIwspw==
	private=0301b5ff3a34895da9ebbcca5ab2afe65ae86ee7d7

-----------------------c2pnb163v3-----------------------
Human-----06eca6789ed609c9f145039f1dd50df728c3d12a21
	key=0206f512c75e5b3e3d3b15a3679b1b26b72bd1c02cf2
	public=0206f512c75e5b3e3d3b15a3679b1b26b72bd1c02cf2
	private=cUiwqO+JclwOUxFnGr7zedkKcWY=

Alien-----BuymeJ7WCcnxRQOfHdUN9yjD0Soh
	key=BATmPZXbYHJ0RD5x/Kg6ITHR+GF4ewVhfquXk9HwuIeMUl6CwE+sxyrv0A==
	public=BATmPZXbYHJ0RD5x/Kg6ITHR+GF4ewVhfquXk9HwuIeMUl6CwE+sxyrv0A==
	private=ca7eb0e8ddeb202582e292db58edc6981f0b6d38

Alien_to_Human-----06eca6789ed609c9f145039f1dd50df728c3d12a21
	key=BATmPZXbYHJ0RD5x/Kg6ITHR+GF4ewVhfquXk9HwuIeMUl6CwE+sxyrv0A==
	public=BATmPZXbYHJ0RD5x/Kg6ITHR+GF4ewVhfquXk9HwuIeMUl6CwE+sxyrv0A==
	private=ca7eb0e8ddeb202582e292db58edc6981f0b6d38

-----------------------c2pnb176v1-----------------------
Human-----c5d8ca0aa745e5ab77fdfe7a530f71dbd8368f1aba3d
	key=021c8174d8997d096f7ce64fe7ee89367f220a5b96e6d6
	public=021c8174d8997d096f7ce64fe7ee89367f220a5b96e6d6
	private=0wZmQex7JG7o8LtHiv8ULVW7AP0=

Alien-----xdjKCqdF5at3/f56Uw9x29g2jxq6PQ==
	key=BO4asOdzHOrapwSPBs9fEIXgZPhPL8l2ORI02WU6enim1n51teqiRab5CrzQ
	public=BO4asOdzHOrapwSPBs9fEIXgZPhPL8l2ORI02WU6enim1n51teqiRab5CrzQ
	private=24c69a0e497c0af947710cd20669a9777d873175

Alien_to_Human-----c5d8ca0aa745e5ab77fdfe7a530f71dbd8368f1aba3d
	key=BO4asOdzHOrapwSPBs9fEIXgZPhPL8l2ORI02WU6enim1n51teqiRab5CrzQ
	public=BO4asOdzHOrapwSPBs9fEIXgZPhPL8l2ORI02WU6enim1n51teqiRab5CrzQ
	private=24c69a0e497c0af947710cd20669a9777d873175

-----------------------c2pnb208w1-----------------------
Human-----3118fc5ced5b2d0e1f0b98dd0b8f84ad8a0628ebab1f5b04006a
	key=03d9183cc97ce4df5e01a5338ed75fbeb0b6b02f6fe535f10b21bd
	public=03d9183cc97ce4df5e01a5338ed75fbeb0b6b02f6fe535f10b21bd
	private=YLgpxyaSvINFJf5dmpD8ZLusYmSLK5+w

Alien-----MRj8XO1bLQ4fC5jdC4+ErYoGKOurH1sEAGo=
	key=BG0C3X19dNw9Cf1GcQMeNzdQGBNjOJO25SC/fnEDEwgJex2laAsA1k5HiyBmLHO1jbFv9rM=
	public=BG0C3X19dNw9Cf1GcQMeNzdQGBNjOJO25SC/fnEDEwgJex2laAsA1k5HiyBmLHO1jbFv9rM=
	private=f9458e9d7b362f79862a2f1a3756bfa14e2d78670b37745c

Alien_to_Human-----3118fc5ced5b2d0e1f0b98dd0b8f84ad8a0628ebab1f5b04006a
	key=BG0C3X19dNw9Cf1GcQMeNzdQGBNjOJO25SC/fnEDEwgJex2laAsA1k5HiyBmLHO1jbFv9rM=
	public=BG0C3X19dNw9Cf1GcQMeNzdQGBNjOJO25SC/fnEDEwgJex2laAsA1k5HiyBmLHO1jbFv9rM=
	private=f9458e9d7b362f79862a2f1a3756bfa14e2d78670b37745c

-----------------------c2pnb272w1-----------------------
Human-----662099466e2d58f2379ff7537454f91ed6e81d18a5e7410ade7108372a663f6b0885
	key=03da23fd765f6ba40c3d71335bd7fb25a279aa68244107b1376fd72eb39bdb3a41fc48
	public=03da23fd765f6ba40c3d71335bd7fb25a279aa68244107b1376fd72eb39bdb3a41fc48
	private=zsB89k1GQIHWB9wrkdh/YDN7ysBlgNgCUQHeCRdFK3M=

Alien-----ZiCZRm4tWPI3n/dTdFT5HtboHRil50EK3nEINypmP2sIhQ==
	key=BI7o/p6gkW/GX2Ffg8VhfEYqS9uRjCdfCthTbXd2QYQ3PFSUerAVrYeGKoUaUfk2YjcY2WSuzwx3OcaGRwSyVyw3bKH1
	public=BI7o/p6gkW/GX2Ffg8VhfEYqS9uRjCdfCthTbXd2QYQ3PFSUerAVrYeGKoUaUfk2YjcY2WSuzwx3OcaGRwSyVyw3bKH1
	private=5169e8082dea1dae0805e940eca8418595868ae21bd218fcefd06c7a580ad524

Alien_to_Human-----662099466e2d58f2379ff7537454f91ed6e81d18a5e7410ade7108372a663f6b0885
	key=BI7o/p6gkW/GX2Ffg8VhfEYqS9uRjCdfCthTbXd2QYQ3PFSUerAVrYeGKoUaUfk2YjcY2WSuzwx3OcaGRwSyVyw3bKH1
	public=BI7o/p6gkW/GX2Ffg8VhfEYqS9uRjCdfCthTbXd2QYQ3PFSUerAVrYeGKoUaUfk2YjcY2WSuzwx3OcaGRwSyVyw3bKH1
	private=5169e8082dea1dae0805e940eca8418595868ae21bd218fcefd06c7a580ad524

-----------------------c2pnb304w1-----------------------
Human-----944606f28f482d9147a9b5cd111655602251e54489fe76eea6e606666ef8bced4aa09c26dc0b
	key=0249e474eecd4070190b9ef48e85a6b18f8371bb14b9838cd648f31500fcbaa1bfa346263cc7a0
	public=0249e474eecd4070190b9ef48e85a6b18f8371bb14b9838cd648f31500fcbaa1bfa346263cc7a0
	private=B1qHpmPU+CYjpWwEcaAZXFM6YRYDUvbbQ/hkDpblmRnMCJMK

Alien-----lEYG8o9ILZFHqbXNERZVYCJR5USJ/nbupuYGZm74vO1KoJwm3As=
	key=BJgGs4w9gMrHnoHksA/GptgCK5qLh6pTX0SX82YXgIzxESnthkTQTwB2MCuWcvDd/XCAc/5VSJPNeIVwBV9r8BhqgRnZtRIrUuu1au4=
	public=BJgGs4w9gMrHnoHksA/GptgCK5qLh6pTX0SX82YXgIzxESnthkTQTwB2MCuWcvDd/XCAc/5VSJPNeIVwBV9r8BhqgRnZtRIrUuu1au4=
	private=8f4f18ef6f2bc0c389e67fec91d861b1c6e00940fd9dd2da81183b13be59027b7a048b96

Alien_to_Human-----944606f28f482d9147a9b5cd111655602251e54489fe76eea6e606666ef8bced4aa09c26dc0b
	key=BJgGs4w9gMrHnoHksA/GptgCK5qLh6pTX0SX82YXgIzxESnthkTQTwB2MCuWcvDd/XCAc/5VSJPNeIVwBV9r8BhqgRnZtRIrUuu1au4=
	public=BJgGs4w9gMrHnoHksA/GptgCK5qLh6pTX0SX82YXgIzxESnthkTQTwB2MCuWcvDd/XCAc/5VSJPNeIVwBV9r8BhqgRnZtRIrUuu1au4=
	private=8f4f18ef6f2bc0c389e67fec91d861b1c6e00940fd9dd2da81183b13be59027b7a048b96

-----------------------c2pnb368w1-----------------------
Human-----d1d7f9ab5a308b22e5192c457cf8488ce8f7fdf5b6c21736f2399c45154fa2a5e4f94a89130493cda89e5d6afc58
	key=020f51cc46bb561116c01a42cc86291267d53e1da17fefd03498af577dd6242ecee57aebf3ada1f81cec7fef0bf2e6
	public=020f51cc46bb561116c01a42cc86291267d53e1da17fefd03498af577dd6242ecee57aebf3ada1f81cec7fef0bf2e6
	private=UzQgG7ZBdUtM/Jy0bSgFTbYdcbQK9kp75OYMbA0mdq/zoZQzQyv6dGEdSKk=

Alien-----0df5q1owiyLlGSxFfPhIjOj3/fW2whc28jmcRRVPoqXk+UqJEwSTzaieXWr8WA==
	key=BEoLP/kCmjPE1EIzlhQCiYHoUREouu6EDEEbKMy6ShzJupY5ci36vEI6LDEQl2Nd4eMYkl+3dCQGYdIi0ZZPUV6MQI4+TzwVHTy3hYzmZlFCGLx4QpbiddLRojVP
	public=BEoLP/kCmjPE1EIzlhQCiYHoUREouu6EDEEbKMy6ShzJupY5ci36vEI6LDEQl2Nd4eMYkl+3dCQGYdIi0ZZPUV6MQI4+TzwVHTy3hYzmZlFCGLx4QpbiddLRojVP
	private=6f380c0694d5fca8ff4bd8c4e0c228f053f958cad775d2797a7f0e1e126c3266323c5cfd1cd289cb1d55bc48

Alien_to_Human-----d1d7f9ab5a308b22e5192c457cf8488ce8f7fdf5b6c21736f2399c45154fa2a5e4f94a89130493cda89e5d6afc58
	key=BEoLP/kCmjPE1EIzlhQCiYHoUREouu6EDEEbKMy6ShzJupY5ci36vEI6LDEQl2Nd4eMYkl+3dCQGYdIi0ZZPUV6MQI4+TzwVHTy3hYzmZlFCGLx4QpbiddLRojVP
	public=BEoLP/kCmjPE1EIzlhQCiYHoUREouu6EDEEbKMy6ShzJupY5ci36vEI6LDEQl2Nd4eMYkl+3dCQGYdIi0ZZPUV6MQI4+TzwVHTy3hYzmZlFCGLx4QpbiddLRojVP
	private=6f380c0694d5fca8ff4bd8c4e0c228f053f958cad775d2797a7f0e1e126c3266323c5cfd1cd289cb1d55bc48

-----------------------c2tnb191v1-----------------------
Human-----0a0c471f73b313cfacd1df8914eb9a64aedf8e299b003fdb
	key=03096f3db02e0063f19393650689a877fbf911186d9b524aab
	public=03096f3db02e0063f19393650689a877fbf911186d9b524aab
	private=KWE9G4jPJvZ6V8DtvjfXMzB7JT3enPmd

Alien-----CgxHH3OzE8+s0d+JFOuaZK7fjimbAD/b
	key=BAgwn3yA3jx7BxyLSrADM+KtgGJvZXJvtV4rmCeQshtJpdhT4X44412QEZVtLbWEIA==
	public=BAgwn3yA3jx7BxyLSrADM+KtgGJvZXJvtV4rmCeQshtJpdhT4X44412QEZVtLbWEIA==
	private=09daca470ecbef79d1feccad678e3247e920ca689f82d886

Alien_to_Human-----0a0c471f73b313cfacd1df8914eb9a64aedf8e299b003fdb
	key=BAgwn3yA3jx7BxyLSrADM+KtgGJvZXJvtV4rmCeQshtJpdhT4X44412QEZVtLbWEIA==
	public=BAgwn3yA3jx7BxyLSrADM+KtgGJvZXJvtV4rmCeQshtJpdhT4X44412QEZVtLbWEIA==
	private=09daca470ecbef79d1feccad678e3247e920ca689f82d886

-----------------------c2tnb191v2-----------------------
Human-----5cb18f694f97b2877119c2c095d60a832c176b9782b7c2c4
	key=03023b6441fc85c7ffebb4a0a86f82254dc51919feaf67c6fe
	public=03023b6441fc85c7ffebb4a0a86f82254dc51919feaf67c6fe
	private=FMZCXE+TfMVdjdOn4ymZcxN5EPRCr8Qw

Alien-----XLGPaU+XsodxGcLAldYKgywXa5eCt8LE
	key=BCB2HhiGtOiLJu6DCrzn9kPUtA/A1yR8qnmyIH2gkZBC19+qpy72soH+rD2ZAutHyA==
	public=BCB2HhiGtOiLJu6DCrzn9kPUtA/A1yR8qnmyIH2gkZBC19+qpy72soH+rD2ZAutHyA==
	private=11e857f1bbe0d0485b0d1fdd5e5c2f445a5ae03d934a972c

Alien_to_Human-----5cb18f694f97b2877119c2c095d60a832c176b9782b7c2c4
	key=BCB2HhiGtOiLJu6DCrzn9kPUtA/A1yR8qnmyIH2gkZBC19+qpy72soH+rD2ZAutHyA==
	public=BCB2HhiGtOiLJu6DCrzn9kPUtA/A1yR8qnmyIH2gkZBC19+qpy72soH+rD2ZAutHyA==
	private=11e857f1bbe0d0485b0d1fdd5e5c2f445a5ae03d934a972c

-----------------------c2tnb191v3-----------------------
Human-----623379e59ed2fcaf550ecd0f9ea0d5ad5c26972bc3f1a461
	key=0246a71f34aa2a57dd13afc669164deb7d2e32d367034a9453
	public=0246a71f34aa2a57dd13afc669164deb7d2e32d367034a9453
	private=BTN8MW+TvQ4NrezoVomrsqacvU4JD7BU

Alien-----YjN55Z7S/K9VDs0PnqDVrVwmlyvD8aRh
	key=BHTpSvl4X7SYx8TC/qC6UZTM853EcY7bvxC/hcdfHCXV8llWxg9tz9/zkfqVg1HB+A==
	public=BHTpSvl4X7SYx8TC/qC6UZTM853EcY7bvxC/hcdfHCXV8llWxg9tz9/zkfqVg1HB+A==
	private=113914cf0b711791d0b816671b54e558e67c504f794b2c54

Alien_to_Human-----623379e59ed2fcaf550ecd0f9ea0d5ad5c26972bc3f1a461
	key=BHTpSvl4X7SYx8TC/qC6UZTM853EcY7bvxC/hcdfHCXV8llWxg9tz9/zkfqVg1HB+A==
	public=BHTpSvl4X7SYx8TC/qC6UZTM853EcY7bvxC/hcdfHCXV8llWxg9tz9/zkfqVg1HB+A==
	private=113914cf0b711791d0b816671b54e558e67c504f794b2c54

-----------------------c2tnb239v1-----------------------
Human-----2cfbfabaa013542099f02eb3d7e54550a5e08d8e56806037333f2769f2b8
	key=0308b75aed943c2386fcca72b82df484b8c0dd3c826174971882e9bbe0fac6
	public=0308b75aed943c2386fcca72b82df484b8c0dd3c826174971882e9bbe0fac6
	private=AiWw3AiiRjuambkBAkiw7EpE+b3/tdIfa9bLN+oX

Alien-----LPv6uqATVCCZ8C6z1+VFUKXgjY5WgGA3Mz8nafK4
	key=BFoyPzK17THJRGuHxNjqeTpsYzV546HUEtt8s8f7KkMdHbMpX9hnuwBsSGfQBSKul8QUuxE4ghXNAzBwwA==
	public=BFoyPzK17THJRGuHxNjqeTpsYzV546HUEtt8s8f7KkMdHbMpX9hnuwBsSGfQBSKul8QUuxE4ghXNAzBwwA==
	private=0bd55975f6ae45eec24f162f56678a2590a066168e405a36de491cbab6d8

Alien_to_Human-----2cfbfabaa013542099f02eb3d7e54550a5e08d8e56806037333f2769f2b8
	key=BFoyPzK17THJRGuHxNjqeTpsYzV546HUEtt8s8f7KkMdHbMpX9hnuwBsSGfQBSKul8QUuxE4ghXNAzBwwA==
	public=BFoyPzK17THJRGuHxNjqeTpsYzV546HUEtt8s8f7KkMdHbMpX9hnuwBsSGfQBSKul8QUuxE4ghXNAzBwwA==
	private=0bd55975f6ae45eec24f162f56678a2590a066168e405a36de491cbab6d8

-----------------------c2tnb239v2-----------------------
Human-----25f16d2572786adfe96fda6d3c368c74c8c3989e853f31d99d593f49dc5b
	key=021c33e379728f01b0ac8b530945a354573f1e8f164735be6efe14676f9b8d
	public=021c33e379728f01b0ac8b530945a354573f1e8f164735be6efe14676f9b8d
	private=CvO2urWby6Psy0nDMFxcyQXEy+Ce0HH2Ut6Jo/o/

Alien-----JfFtJXJ4at/pb9ptPDaMdMjDmJ6FPzHZnVk/Sdxb
	key=BDWrlC/aDIlPu9tYEAHZHhUxjDpiUHuRP5Qq7k4+ikf1l3+T0j7hzn+E8p38tyD+04hzCL7sWlGeL9qvnA==
	public=BDWrlC/aDIlPu9tYEAHZHhUxjDpiUHuRP5Qq7k4+ikf1l3+T0j7hzn+E8p38tyD+04hzCL7sWlGeL9qvnA==
	private=0d951ebda6eee9a596de8025bea2604f9c8497ca14fa7ff7f3f594521e52

Alien_to_Human-----25f16d2572786adfe96fda6d3c368c74c8c3989e853f31d99d593f49dc5b
	key=BDWrlC/aDIlPu9tYEAHZHhUxjDpiUHuRP5Qq7k4+ikf1l3+T0j7hzn+E8p38tyD+04hzCL7sWlGeL9qvnA==
	public=BDWrlC/aDIlPu9tYEAHZHhUxjDpiUHuRP5Qq7k4+ikf1l3+T0j7hzn+E8p38tyD+04hzCL7sWlGeL9qvnA==
	private=0d951ebda6eee9a596de8025bea2604f9c8497ca14fa7ff7f3f594521e52

-----------------------c2tnb239v3-----------------------
Human-----16c566a332dd6e3e97f0298b3e5b7e44084bdf1cb48aa0c9eb61b616554b
	key=0231360dc951f5273af00e118d50e10ae40f66c60e2e99d2c0ae96fad774bd
	public=0231360dc951f5273af00e118d50e10ae40f66c60e2e99d2c0ae96fad774bd
	private=CYEB6Pfur9U2HF6PvxXns+UrJ1QlJsOQlueEVFf+

Alien-----FsVmozLdbj6X8CmLPlt+RAhL3xy0iqDJ62G2FlVL
	key=BC7UgOms9CIDzhrWGUJp4FekJ2iFAyb+BGkS5U47SkGAswEPzUsRE2gKVsPwVVvTS3Vv/1PhMZMWHf9hzQ==
	public=BC7UgOms9CIDzhrWGUJp4FekJ2iFAyb+BGkS5U47SkGAswEPzUsRE2gKVsPwVVvTS3Vv/1PhMZMWHf9hzQ==
	private=0a4e722e3971c5e0d83b4f66c1793db5e82adda55eb708b6397cb8c1f536

Alien_to_Human-----16c566a332dd6e3e97f0298b3e5b7e44084bdf1cb48aa0c9eb61b616554b
	key=BC7UgOms9CIDzhrWGUJp4FekJ2iFAyb+BGkS5U47SkGAswEPzUsRE2gKVsPwVVvTS3Vv/1PhMZMWHf9hzQ==
	public=BC7UgOms9CIDzhrWGUJp4FekJ2iFAyb+BGkS5U47SkGAswEPzUsRE2gKVsPwVVvTS3Vv/1PhMZMWHf9hzQ==
	private=0a4e722e3971c5e0d83b4f66c1793db5e82adda55eb708b6397cb8c1f536

-----------------------c2tnb359v1-----------------------
Human-----6859c1b3b26f48d512f2642a42183e199247120144abae812630dec94c1e034712bc085750b6d808ad2b85aa3c
	key=025cb5d46a8591ad4c4a1ceb5fdea11c86341d4000f1c42c4c58523d8200df4af99e7dc166a5b30edef51c04ba57
	public=025cb5d46a8591ad4c4a1ceb5fdea11c86341d4000f1c42c4c58523d8200df4af99e7dc166a5b30edef51c04ba57
	private=Lw0KrUtO5mxoqszYep25FoiHwkl4P99adoRx8wieJQ3zPI4L9HbwAS1tqds=

Alien-----aFnBs7JvSNUS8mQqQhg+GZJHEgFEq66BJjDeyUweA0cSvAhXULbYCK0rhao8
	key=BAuUAswg53CrdAKrXU7UDdbJPE35pRAwfbGukBpgxLHnNLPkXQYIzzlj0dQGan57/o9l6l1EQ8/ud7reuFpTeSjMbS3TaaS4HLRnvaUoMb3Xuw0ifm9xitKxcA==
	public=BAuUAswg53CrdAKrXU7UDdbJPE35pRAwfbGukBpgxLHnNLPkXQYIzzlj0dQGan57/o9l6l1EQ8/ud7reuFpTeSjMbS3TaaS4HLRnvaUoMb3Xuw0ifm9xitKxcA==
	private=5d0d70cd3a8831fbebc1cadee3348a6e2601ad39d9d8be48c28ae7dc9a9ba34dca28ae19445dd7193e866684

Alien_to_Human-----6859c1b3b26f48d512f2642a42183e199247120144abae812630dec94c1e034712bc085750b6d808ad2b85aa3c
	key=BAuUAswg53CrdAKrXU7UDdbJPE35pRAwfbGukBpgxLHnNLPkXQYIzzlj0dQGan57/o9l6l1EQ8/ud7reuFpTeSjMbS3TaaS4HLRnvaUoMb3Xuw0ifm9xitKxcA==
	public=BAuUAswg53CrdAKrXU7UDdbJPE35pRAwfbGukBpgxLHnNLPkXQYIzzlj0dQGan57/o9l6l1EQ8/ud7reuFpTeSjMbS3TaaS4HLRnvaUoMb3Xuw0ifm9xitKxcA==
	private=5d0d70cd3a8831fbebc1cadee3348a6e2601ad39d9d8be48c28ae7dc9a9ba34dca28ae19445dd7193e866684

-----------------------c2tnb431r1-----------------------
Human-----5e54622f4c5ed6a1e1983b1c7396198c0b6ffd2522762f9695fef274be25ae231e42e4c3b8282531ef09965756bf0973f2b512169cd1
	key=0206575428353169db5fa65128989dd41b4b191b504acaac280fcb9efa9cd074ea1a535c52832a96778b22f099e7026df311ca845d24a2
	public=0206575428353169db5fa65128989dd41b4b191b504acaac280fcb9efa9cd074ea1a535c52832a96778b22f099e7026df311ca845d24a2
	private=AQM440BuIE4CViF/sbriyfhTDgXUNZDd+ka38TjnShbiQy0pEdvfpLi+XYXzXGje6bAlFfU=

Alien-----XlRiL0xe1qHhmDscc5YZjAtv/SUidi+Wlf7ydL4lriMeQuTDuCglMe8JlldWvwlz8rUSFpzR
	key=BB+q/obnGo0WHI+bFqHmD6QGC0s4Sxf8oc4K6kqSEvYX2MDUukoC9HPmH0dZa+U+t8zLRfUnR2j7r3dCXwytro9NX9seNq9Z6e90Xyp/3vHNuXqXKlRgbwA2VKoWMMyo8Ct4Xy52XjgZW9Oo2g==
	public=BB+q/obnGo0WHI+bFqHmD6QGC0s4Sxf8oc4K6kqSEvYX2MDUukoC9HPmH0dZa+U+t8zLRfUnR2j7r3dCXwytro9NX9seNq9Z6e90Xyp/3vHNuXqXKlRgbwA2VKoWMMyo8Ct4Xy52XjgZW9Oo2g==
	private=027a14441cf1b9378754df731cd7f43c2299c74006c0374fdfbce24495d51b227e2f56c9a150a7eaf55ff08a098f9355927d80fb30

Alien_to_Human-----5e54622f4c5ed6a1e1983b1c7396198c0b6ffd2522762f9695fef274be25ae231e42e4c3b8282531ef09965756bf0973f2b512169cd1
	key=BB+q/obnGo0WHI+bFqHmD6QGC0s4Sxf8oc4K6kqSEvYX2MDUukoC9HPmH0dZa+U+t8zLRfUnR2j7r3dCXwytro9NX9seNq9Z6e90Xyp/3vHNuXqXKlRgbwA2VKoWMMyo8Ct4Xy52XjgZW9Oo2g==
	public=BB+q/obnGo0WHI+bFqHmD6QGC0s4Sxf8oc4K6kqSEvYX2MDUukoC9HPmH0dZa+U+t8zLRfUnR2j7r3dCXwytro9NX9seNq9Z6e90Xyp/3vHNuXqXKlRgbwA2VKoWMMyo8Ct4Xy52XjgZW9Oo2g==
	private=027a14441cf1b9378754df731cd7f43c2299c74006c0374fdfbce24495d51b227e2f56c9a150a7eaf55ff08a098f9355927d80fb30

-----------------------prime192v1-----------------------
Human-----335e3a2a282c1a069aa78d3e025516b84a28850a1ec8f022
	key=023229a4cc4a75afd79bea35f5d7996ac0a3df36bd711dfb87
	public=023229a4cc4a75afd79bea35f5d7996ac0a3df36bd711dfb87
	private=JRL83iww53xpJnmQ8C2FiM1kzReoPG6p

Alien-----M146KigsGgaap40+AlUWuEoohQoeyPAi
	key=BK9cYPJ7SdTOHk5zQViIFJljPCiCc7EoaiWbusYEsYmgKBw1H6hB2j0KxOqP7UUamw==
	public=BK9cYPJ7SdTOHk5zQViIFJljPCiCc7EoaiWbusYEsYmgKBw1H6hB2j0KxOqP7UUamw==
	private=cc1075bb42d2e170ba33ed6a18e7bb4e4aa757b0d93a9e17

Alien_to_Human-----335e3a2a282c1a069aa78d3e025516b84a28850a1ec8f022
	key=BK9cYPJ7SdTOHk5zQViIFJljPCiCc7EoaiWbusYEsYmgKBw1H6hB2j0KxOqP7UUamw==
	public=BK9cYPJ7SdTOHk5zQViIFJljPCiCc7EoaiWbusYEsYmgKBw1H6hB2j0KxOqP7UUamw==
	private=cc1075bb42d2e170ba33ed6a18e7bb4e4aa757b0d93a9e17

-----------------------prime192v2-----------------------
Human-----b0de84208b37d09d85c71d8009c2f347781538aa978e0acd
	key=028f7cd932c3fcc0f3fa32202dd08a242d80b238e8a40bf179
	public=028f7cd932c3fcc0f3fa32202dd08a242d80b238e8a40bf179
	private=4TUExDKU3uzKGyyRxXnpjnu9p4IlKarb

Alien-----sN6EIIs30J2Fxx2ACcLzR3gVOKqXjgrN
	key=BIE89qZjYClHuoUEb8p4we/zvzXTsgGhF52hr08p0Q9WDv3HyN6duAmj5oZz1YKpsg==
	public=BIE89qZjYClHuoUEb8p4we/zvzXTsgGhF52hr08p0Q9WDv3HyN6duAmj5oZz1YKpsg==
	private=b9b33e126846127d6aa7bd5801e54b0e1e8b7e54fe1a5947

Alien_to_Human-----b0de84208b37d09d85c71d8009c2f347781538aa978e0acd
	key=BIE89qZjYClHuoUEb8p4we/zvzXTsgGhF52hr08p0Q9WDv3HyN6duAmj5oZz1YKpsg==
	public=BIE89qZjYClHuoUEb8p4we/zvzXTsgGhF52hr08p0Q9WDv3HyN6duAmj5oZz1YKpsg==
	private=b9b33e126846127d6aa7bd5801e54b0e1e8b7e54fe1a5947

-----------------------prime192v3-----------------------
Human-----28d89a05976886c92df1e9fe3ddf948d14c1b957de3498b9
	key=0313248efb7f676d3bb049a70caf1d1737fd0dd206ef0572fb
	public=0313248efb7f676d3bb049a70caf1d1737fd0dd206ef0572fb
	private=BXXHh45iK9nI++vVZg29T651VH0gtmuc

Alien-----KNiaBZdohskt8en+Pd+UjRTBuVfeNJi5
	key=BMSbZiX4HJjhUkUXbOP1UGEXg/IhJ51+68OOc69IVs6csi+komLDEpPpdqbsS6Fqdw==
	public=BMSbZiX4HJjhUkUXbOP1UGEXg/IhJ51+68OOc69IVs6csi+komLDEpPpdqbsS6Fqdw==
	private=06587dac9ee9c2f031c6a5ebf2a6010a1bf0c87b192ad4b7

Alien_to_Human-----28d89a05976886c92df1e9fe3ddf948d14c1b957de3498b9
	key=BMSbZiX4HJjhUkUXbOP1UGEXg/IhJ51+68OOc69IVs6csi+komLDEpPpdqbsS6Fqdw==
	public=BMSbZiX4HJjhUkUXbOP1UGEXg/IhJ51+68OOc69IVs6csi+komLDEpPpdqbsS6Fqdw==
	private=06587dac9ee9c2f031c6a5ebf2a6010a1bf0c87b192ad4b7

-----------------------prime239v1-----------------------
Human-----640a74caaa1a1f43eb36dcb4a71307c641aa9b282d5dee870fed6b57abeb
	key=0377e8e032df63ace264b3e0726ebfc73d15e57bfec89a6494afaa0c02ea78
	public=0377e8e032df63ace264b3e0726ebfc73d15e57bfec89a6494afaa0c02ea78
	private=HYcULY51dOG31xc3wdNaZamS9F2FMQ8yNW131qHM

Alien-----ZAp0yqoaH0PrNty0pxMHxkGqmygtXe6HD+1rV6vr
	key=BE22cvIZ7DQ58RMtqIgYbZOxdy8fgX/qJZirkDlVUxkuPOVItVjD8J7osEgYyGeRUQ8uTKlyfkAwcd44Dw==
	public=BE22cvIZ7DQ58RMtqIgYbZOxdy8fgX/qJZirkDlVUxkuPOVItVjD8J7osEgYyGeRUQ8uTKlyfkAwcd44Dw==
	private=3a8138b397083341a59c5bbffd4edb5248e8307c534d2cedba281f26f444

Alien_to_Human-----640a74caaa1a1f43eb36dcb4a71307c641aa9b282d5dee870fed6b57abeb
	key=BE22cvIZ7DQ58RMtqIgYbZOxdy8fgX/qJZirkDlVUxkuPOVItVjD8J7osEgYyGeRUQ8uTKlyfkAwcd44Dw==
	public=BE22cvIZ7DQ58RMtqIgYbZOxdy8fgX/qJZirkDlVUxkuPOVItVjD8J7osEgYyGeRUQ8uTKlyfkAwcd44Dw==
	private=3a8138b397083341a59c5bbffd4edb5248e8307c534d2cedba281f26f444

-----------------------prime239v2-----------------------
Human-----43911c09eb2439030978878aca90cd1e4395e03b757de8e2ef2bc336a699
	key=031bc68f48bf13b45520563bd02d8941c5a822c76d070ea51276fbfff03e97
	public=031bc68f48bf13b45520563bd02d8941c5a822c76d070ea51276fbfff03e97
	private=KwgzksNg44zXH4332xlgyWVhYxu80R46uHZ/n1MX

Alien-----Q5EcCeskOQMJeIeKypDNHkOV4Dt1feji7yvDNqaZ
	key=BCcIEYMJI30sZPLF0VtHHyIs68ikYpquqewlTsbEwxmcFDTnUcXwQeV4NSTsjvrRyeMllvnykFOgc0pKkQ==
	public=BCcIEYMJI30sZPLF0VtHHyIs68ikYpquqewlTsbEwxmcFDTnUcXwQeV4NSTsjvrRyeMllvnykFOgc0pKkQ==
	private=19f75a4f662e2dddffb72fcd1ec422cb75a6d71cd5c30b1da97547529f47

Alien_to_Human-----43911c09eb2439030978878aca90cd1e4395e03b757de8e2ef2bc336a699
	key=BCcIEYMJI30sZPLF0VtHHyIs68ikYpquqewlTsbEwxmcFDTnUcXwQeV4NSTsjvrRyeMllvnykFOgc0pKkQ==
	public=BCcIEYMJI30sZPLF0VtHHyIs68ikYpquqewlTsbEwxmcFDTnUcXwQeV4NSTsjvrRyeMllvnykFOgc0pKkQ==
	private=19f75a4f662e2dddffb72fcd1ec422cb75a6d71cd5c30b1da97547529f47

-----------------------prime239v3-----------------------
Human-----0753e41f273bb4824c9db805b33e9c5ff77a16ec9eb4c426a788e70c7db0
	key=02462707c252f0d617ee11b654b03ccad21ccbc41986cf761a450f1c8e4e46
	public=02462707c252f0d617ee11b654b03ccad21ccbc41986cf761a450f1c8e4e46
	private=ZzeLbdu6SQfoPBnC3nj+jl29fNMWNAxmAes6YuUv

Alien-----B1PkHyc7tIJMnbgFsz6cX/d6FuyetMQmp4jnDH2w
	key=BEr24GE4bFI8CvlrSaWM/or0SCCGvi0rIxQolzad/wGTxj6i9T4xDi0mwDk2aVgLaj8JShxcGUJTMmyR1w==
	public=BEr24GE4bFI8CvlrSaWM/or0SCCGvi0rIxQolzad/wGTxj6i9T4xDi0mwDk2aVgLaj8JShxcGUJTMmyR1w==
	private=1f8a2d21d28e0dc9d18b8a130e4bba0542d4af6ba24a476b7d305792567b

Alien_to_Human-----0753e41f273bb4824c9db805b33e9c5ff77a16ec9eb4c426a788e70c7db0
	key=BEr24GE4bFI8CvlrSaWM/or0SCCGvi0rIxQolzad/wGTxj6i9T4xDi0mwDk2aVgLaj8JShxcGUJTMmyR1w==
	public=BEr24GE4bFI8CvlrSaWM/or0SCCGvi0rIxQolzad/wGTxj6i9T4xDi0mwDk2aVgLaj8JShxcGUJTMmyR1w==
	private=1f8a2d21d28e0dc9d18b8a130e4bba0542d4af6ba24a476b7d305792567b

-----------------------prime256v1-----------------------
Human-----cdab49d96c8e4697dbd5a39f8cdc865ea53e279fdf2e88714a907844e5bcfe89
	key=03853071832d46738aa544c4dc292b80dd15dff58e0f826e1f0bf543b8ddc06d23
	public=03853071832d46738aa544c4dc292b80dd15dff58e0f826e1f0bf543b8ddc06d23
	private=aUAo+ClIVs8E04Ws2rznoXhttACnx+p2vCOZbJNpgd8=

Alien-----zatJ2WyORpfb1aOfjNyGXqU+J5/fLohxSpB4ROW8/ok=
	key=BPt2/kNlkFcZ9WbVKj2HhoERNMRj/6QwUM6fKTyVEEJd1lvujLZW/yX4/4fiEgorHYrkmb63Nw++HBSiCAq81V4=
	public=BPt2/kNlkFcZ9WbVKj2HhoERNMRj/6QwUM6fKTyVEEJd1lvujLZW/yX4/4fiEgorHYrkmb63Nw++HBSiCAq81V4=
	private=dda7271a6e9d8e5394002330747114d0549464acc3f11a629d1703aec2d995e4

Alien_to_Human-----cdab49d96c8e4697dbd5a39f8cdc865ea53e279fdf2e88714a907844e5bcfe89
	key=BPt2/kNlkFcZ9WbVKj2HhoERNMRj/6QwUM6fKTyVEEJd1lvujLZW/yX4/4fiEgorHYrkmb63Nw++HBSiCAq81V4=
	public=BPt2/kNlkFcZ9WbVKj2HhoERNMRj/6QwUM6fKTyVEEJd1lvujLZW/yX4/4fiEgorHYrkmb63Nw++HBSiCAq81V4=
	private=dda7271a6e9d8e5394002330747114d0549464acc3f11a629d1703aec2d995e4

-----------------------secp112r1-----------------------
Human-----a8aa5f331c12efe2fbec3523c30b
	key=030596e35f51b6e81c223c0bdcb922
	public=030596e35f51b6e81c223c0bdcb922
	private=fRnlFdnOBYb/TIunzZI=

Alien-----qKpfMxwS7+L77DUjwws=
	key=BEqcUQ87PfyEmw2EFixQOOagwNTNvwHdq0og+rY=
	public=BEqcUQ87PfyEmw2EFixQOOagwNTNvwHdq0og+rY=
	private=4854b9e51e56e22889d14287fdff

Alien_to_Human-----a8aa5f331c12efe2fbec3523c30b
	key=BEqcUQ87PfyEmw2EFixQOOagwNTNvwHdq0og+rY=
	public=BEqcUQ87PfyEmw2EFixQOOagwNTNvwHdq0og+rY=
	private=4854b9e51e56e22889d14287fdff

-----------------------secp112r2-----------------------
Human-----8868082d0def353c8a0b4ac730b2
	key=0259fc2354d49b2a3f63775a37ea5d
	public=0259fc2354d49b2a3f63775a37ea5d
	private=ECBVtbtrg7piT+fwK8M=

Alien-----iGgILQ3vNTyKC0rHMLI=
	key=BI5m7SKBCHrvqRjQvKM1dFdCXzZW0k0T3fFTZ48=
	public=BI5m7SKBCHrvqRjQvKM1dFdCXzZW0k0T3fFTZ48=
	private=2ca136f54e0c922091e96d3bfad5

Alien_to_Human-----8868082d0def353c8a0b4ac730b2
	key=BI5m7SKBCHrvqRjQvKM1dFdCXzZW0k0T3fFTZ48=
	public=BI5m7SKBCHrvqRjQvKM1dFdCXzZW0k0T3fFTZ48=
	private=2ca136f54e0c922091e96d3bfad5

-----------------------secp128r1-----------------------
Human-----c79488f3cfa16f41b3962259192c063b
	key=03ea83ad714dc0f45f0a140ac9f3679c65
	public=03ea83ad714dc0f45f0a140ac9f3679c65
	private=N69+mZC4Oe0ke4rh4OC74g==

Alien-----x5SI88+hb0GzliJZGSwGOw==
	key=BGEgSzmdezvzNowzg2dQ2FlPZFRK6CTQsP+1+I2YRJu3
	public=BGEgSzmdezvzNowzg2dQ2FlPZFRK6CTQsP+1+I2YRJu3
	private=99dfa9ac33a48755150c53bed9be2587

Alien_to_Human-----c79488f3cfa16f41b3962259192c063b
	key=BGEgSzmdezvzNowzg2dQ2FlPZFRK6CTQsP+1+I2YRJu3
	public=BGEgSzmdezvzNowzg2dQ2FlPZFRK6CTQsP+1+I2YRJu3
	private=99dfa9ac33a48755150c53bed9be2587

-----------------------secp128r2-----------------------
Human-----c06b3399f3dff126eebb363d84704699
	key=02dac3a5cf3f91094853b4265025f685ef
	public=02dac3a5cf3f91094853b4265025f685ef
	private=LT6en3iszjjEbXlolRKfNQ==

Alien-----wGszmfPf8SbuuzY9hHBGmQ==
	key=BHPMeXH+2cfdHYkV6jjZL3Ixf29bAbHX8BO3v4uaPFiH
	public=BHPMeXH+2cfdHYkV6jjZL3Ixf29bAbHX8BO3v4uaPFiH
	private=21e5c28824bb993d2af977d3d0130c15

Alien_to_Human-----c06b3399f3dff126eebb363d84704699
	key=BHPMeXH+2cfdHYkV6jjZL3Ixf29bAbHX8BO3v4uaPFiH
	public=BHPMeXH+2cfdHYkV6jjZL3Ixf29bAbHX8BO3v4uaPFiH
	private=21e5c28824bb993d2af977d3d0130c15

-----------------------secp160k1-----------------------
Human-----a4adae857ad5bfae29b66e40fc1ce813a38be53b
	key=03b94eb5e9ebff4b60ab02c890663de6a945638d85
	public=03b94eb5e9ebff4b60ab02c890663de6a945638d85
	private=dBGG4zita+uaAgTSssWVtpCY8Y4=

Alien-----pK2uhXrVv64ptm5A/BzoE6OL5Ts=
	key=BPFW71uyELWQgke7Hw2FHBxGMxTiUIxvqMTZGA/FNMjn1TiVVgFaPHs=
	public=BPFW71uyELWQgke7Hw2FHBxGMxTiUIxvqMTZGA/FNMjn1TiVVgFaPHs=
	private=ccedbdbd0f517033181b64728ab8855a6f893256

Alien_to_Human-----a4adae857ad5bfae29b66e40fc1ce813a38be53b
	key=BPFW71uyELWQgke7Hw2FHBxGMxTiUIxvqMTZGA/FNMjn1TiVVgFaPHs=
	public=BPFW71uyELWQgke7Hw2FHBxGMxTiUIxvqMTZGA/FNMjn1TiVVgFaPHs=
	private=ccedbdbd0f517033181b64728ab8855a6f893256

-----------------------secp160r1-----------------------
Human-----97ed135045ec793b5508f51a6cf4f4f54d79609a
	key=02b1ab923d32c6ba6d285bc4b86e8b5362db8516bf
	public=02b1ab923d32c6ba6d285bc4b86e8b5362db8516bf
	private=xlewlhRcevqdRg3Ge/ZKJt6EQME=

Alien-----l+0TUEXseTtVCPUabPT09U15YJo=
	key=BL4Mi8X94jOBarkcLmVzE5G4MKTSpiXEhkq07tW9gPZNtSXd+IIcTMo=
	public=BL4Mi8X94jOBarkcLmVzE5G4MKTSpiXEhkq07tW9gPZNtSXd+IIcTMo=
	private=311ced4e89dde4b0b74358d92c9791452eb04c81

Alien_to_Human-----97ed135045ec793b5508f51a6cf4f4f54d79609a
	key=BL4Mi8X94jOBarkcLmVzE5G4MKTSpiXEhkq07tW9gPZNtSXd+IIcTMo=
	public=BL4Mi8X94jOBarkcLmVzE5G4MKTSpiXEhkq07tW9gPZNtSXd+IIcTMo=
	private=311ced4e89dde4b0b74358d92c9791452eb04c81

-----------------------secp160r2-----------------------
Human-----2e7b18fec54d40055c35322bef858d3dd720c761
	key=03682f5e749de737c988bb922a4b2eaa0e200fa758
	public=03682f5e749de737c988bb922a4b2eaa0e200fa758
	private=+MkNmtGoRNC/SIPLOpCFLJ6sfo8=

Alien-----LnsY/sVNQAVcNTIr74WNPdcgx2E=
	key=BHiPURoRlmwFqpQKJEGf7yB8+TcisyvRKEWsSxPNzpzgBkSisDEiTnI=
	public=BHiPURoRlmwFqpQKJEGf7yB8+TcisyvRKEWsSxPNzpzgBkSisDEiTnI=
	private=4da2a5f5c6a703f2b149998ea4c2c2577c7913cc

Alien_to_Human-----2e7b18fec54d40055c35322bef858d3dd720c761
	key=BHiPURoRlmwFqpQKJEGf7yB8+TcisyvRKEWsSxPNzpzgBkSisDEiTnI=
	public=BHiPURoRlmwFqpQKJEGf7yB8+TcisyvRKEWsSxPNzpzgBkSisDEiTnI=
	private=4da2a5f5c6a703f2b149998ea4c2c2577c7913cc

-----------------------secp192k1-----------------------
Human-----e87540d398403f350e51e26317a386ec58cc714059362701
	key=03ada71de4232c107dcd4742e3ecc27b3cbceee89512a35838
	public=03ada71de4232c107dcd4742e3ecc27b3cbceee89512a35838
	private=GKiJI8gY2WDbr2GKrr0G22bO+ykShj/o

Alien-----6HVA05hAPzUOUeJjF6OG7FjMcUBZNicB
	key=BEHCSzv6HhLx2xH8hhciVMSDywsSLGNx+vU7QA41cW+J2HzbOD84YZJLh1ypnVO8OA==
	public=BEHCSzv6HhLx2xH8hhciVMSDywsSLGNx+vU7QA41cW+J2HzbOD84YZJLh1ypnVO8OA==
	private=ddaf48655cfc740c07945fdf95f08387ec2ef50359fbe0f1

Alien_to_Human-----e87540d398403f350e51e26317a386ec58cc714059362701
	key=BEHCSzv6HhLx2xH8hhciVMSDywsSLGNx+vU7QA41cW+J2HzbOD84YZJLh1ypnVO8OA==
	public=BEHCSzv6HhLx2xH8hhciVMSDywsSLGNx+vU7QA41cW+J2HzbOD84YZJLh1ypnVO8OA==
	private=ddaf48655cfc740c07945fdf95f08387ec2ef50359fbe0f1

-----------------------secp224k1-----------------------
Human-----c9b83ab08d7367ddde587ba56110129bcbf8b8235dff6ef0e082e318
	key=02da89923614a368e2e3446ab862d691aad5a9fa6794d8f858629ac6d1
	public=02da89923614a368e2e3446ab862d691aad5a9fa6794d8f858629ac6d1
	private=OE9626xhBt3vuSgd002M6xxtAyqrLp7y5DHkOQ==

Alien-----ybg6sI1zZ93eWHulYRASm8v4uCNd/27w4ILjGA==
	key=BAEQm7KYDjWq7ijZRr43PKHvcq4pEHyHaXTYIad+McbnWW7b13DXrToNa/FZxnvCCWBFr9nullCU
	public=BAEQm7KYDjWq7ijZRr43PKHvcq4pEHyHaXTYIad+McbnWW7b13DXrToNa/FZxnvCCWBFr9nullCU
	private=57e5b15e97a646e9f1f770bbb7cf2ea370850435d8ab18cf69ffd33d

Alien_to_Human-----c9b83ab08d7367ddde587ba56110129bcbf8b8235dff6ef0e082e318
	key=BAEQm7KYDjWq7ijZRr43PKHvcq4pEHyHaXTYIad+McbnWW7b13DXrToNa/FZxnvCCWBFr9nullCU
	public=BAEQm7KYDjWq7ijZRr43PKHvcq4pEHyHaXTYIad+McbnWW7b13DXrToNa/FZxnvCCWBFr9nullCU
	private=57e5b15e97a646e9f1f770bbb7cf2ea370850435d8ab18cf69ffd33d

-----------------------secp224r1-----------------------
Human-----03a9256fdefb4ae2cfe3c8666f37de8bdb5d9ce046865f977fc7cfc1
	key=03bdf09058a52e102588c5dc32f3fb01856b96f50b8a5a063631c8a744
	public=03bdf09058a52e102588c5dc32f3fb01856b96f50b8a5a063631c8a744
	private=SKQVw8/R4dnp+1wKcgnAxXSuyBfTI9tTK7RXUQ==

Alien-----A6klb977SuLP48hmbzfei9tdnOBGhl+Xf8fPwQ==
	key=BJxKSGYwM9tGvlRkwQT+lu0DkPdJFLSBhZ6a7qTSlMP59ugh6pXxSb0MjwJbNH3dbWf6EjRn1R4W
	public=BJxKSGYwM9tGvlRkwQT+lu0DkPdJFLSBhZ6a7qTSlMP59ugh6pXxSb0MjwJbNH3dbWf6EjRn1R4W
	private=9c3f8cc4a80c7ab1c6b36b03da4d3f14e097efd1e06a29d5f0e508ca

Alien_to_Human-----03a9256fdefb4ae2cfe3c8666f37de8bdb5d9ce046865f977fc7cfc1
	key=BJxKSGYwM9tGvlRkwQT+lu0DkPdJFLSBhZ6a7qTSlMP59ugh6pXxSb0MjwJbNH3dbWf6EjRn1R4W
	public=BJxKSGYwM9tGvlRkwQT+lu0DkPdJFLSBhZ6a7qTSlMP59ugh6pXxSb0MjwJbNH3dbWf6EjRn1R4W
	private=9c3f8cc4a80c7ab1c6b36b03da4d3f14e097efd1e06a29d5f0e508ca

-----------------------secp256k1-----------------------
Human-----93bb6bee254d472f51605584fda05f97de38d1ca97fc58657f7727fed54da648
	key=026c38278d054d458051c002d99323f0854c19752d606955f23ea537529081367b
	public=026c38278d054d458051c002d99323f0854c19752d606955f23ea537529081367b
	private=B3lUGk5mcWfCvTkVJZc2OCqLhWvoUOyVXgmQs74tE5Y=

Alien-----k7tr7iVNRy9RYFWE/aBfl9440cqX/Fhlf3cn/tVNpkg=
	key=BNmKLGZ76zq4qliWFQKIMuCHDFWcEJzfyMEC9lB3Kb6t8tlmi7vqLb6jvCOP1MSdihm1+jV2TjXAYQfxwW+HKOs=
	public=BNmKLGZ76zq4qliWFQKIMuCHDFWcEJzfyMEC9lB3Kb6t8tlmi7vqLb6jvCOP1MSdihm1+jV2TjXAYQfxwW+HKOs=
	private=1639aa5af9d3ce46b70741c518ebd358e8e5a1432924322a18616ed52a5baa89

Alien_to_Human-----93bb6bee254d472f51605584fda05f97de38d1ca97fc58657f7727fed54da648
	key=BNmKLGZ76zq4qliWFQKIMuCHDFWcEJzfyMEC9lB3Kb6t8tlmi7vqLb6jvCOP1MSdihm1+jV2TjXAYQfxwW+HKOs=
	public=BNmKLGZ76zq4qliWFQKIMuCHDFWcEJzfyMEC9lB3Kb6t8tlmi7vqLb6jvCOP1MSdihm1+jV2TjXAYQfxwW+HKOs=
	private=1639aa5af9d3ce46b70741c518ebd358e8e5a1432924322a18616ed52a5baa89

-----------------------secp384r1-----------------------
Human-----7256a280cb2cda367df2fb63f0a0bee6527a3008dbb8730f7400a210124a462e080b24028c25d0a02ba9db3b161654a9
	key=0238fd1647c39d6fa67165086e3a24e060bae73f109d65cd3858bc0d188034b43b383966bc6a7689f79c93be890c1ece22
	public=0238fd1647c39d6fa67165086e3a24e060bae73f109d65cd3858bc0d188034b43b383966bc6a7689f79c93be890c1ece22
	private=n6FIVp7D3Ct+9Bs9pjK0FGvQ46NVk0opEwrInxEEG3NoXh0a3ziQcsp5grLPRR9a

Alien-----claigMss2jZ98vtj8KC+5lJ6MAjbuHMPdACiEBJKRi4ICyQCjCXQoCup2zsWFlSp
	key=BJf99VqqcPUl/xwNyPWFA6FZC4aKu7fSWAnvN4S3Cu3D0D8eG7dMV1lpiyZ+8vYC5sqLwrWug3E4iadWsp0hwYGH87SlV4rQNPPCsWygL4+PKmSYnCJEW6jyuQweD+12jA==
	public=BJf99VqqcPUl/xwNyPWFA6FZC4aKu7fSWAnvN4S3Cu3D0D8eG7dMV1lpiyZ+8vYC5sqLwrWug3E4iadWsp0hwYGH87SlV4rQNPPCsWygL4+PKmSYnCJEW6jyuQweD+12jA==
	private=9c0077a9704b5b05656fbfc583121e3725c8361295b86adf60ba2316de08d7fcdd67f3b6a8fce33646aa2884dbf9517a

Alien_to_Human-----7256a280cb2cda367df2fb63f0a0bee6527a3008dbb8730f7400a210124a462e080b24028c25d0a02ba9db3b161654a9
	key=BJf99VqqcPUl/xwNyPWFA6FZC4aKu7fSWAnvN4S3Cu3D0D8eG7dMV1lpiyZ+8vYC5sqLwrWug3E4iadWsp0hwYGH87SlV4rQNPPCsWygL4+PKmSYnCJEW6jyuQweD+12jA==
	public=BJf99VqqcPUl/xwNyPWFA6FZC4aKu7fSWAnvN4S3Cu3D0D8eG7dMV1lpiyZ+8vYC5sqLwrWug3E4iadWsp0hwYGH87SlV4rQNPPCsWygL4+PKmSYnCJEW6jyuQweD+12jA==
	private=9c0077a9704b5b05656fbfc583121e3725c8361295b86adf60ba2316de08d7fcdd67f3b6a8fce33646aa2884dbf9517a

-----------------------secp521r1-----------------------
Human-----0100a76f26d084d1023ac9e015abe5e84fd1f50aa43a97aba964d3ce8a57859aea6641eff1db242b643db2aeb8b298d8318634d3a7b2cf129dc2de2231e018d73fac
	key=020143d1327922be018de80f3421d71c6ea6e73fa34e06f7f5a21f22bfd3068c02681297a2ab1b14945e1e29eb813d15123824a96418a462ffa167cf765f61af46d8a8
	public=020143d1327922be018de80f3421d71c6ea6e73fa34e06f7f5a21f22bfd3068c02681297a2ab1b14945e1e29eb813d15123824a96418a462ffa167cf765f61af46d8a8
	private=44Rkuefl7J5VtoTyh2HeeHyxNyuLb3dDG/oe7NY0XJu/BNAjnhiMhqjjAzVJUg0M8Tm1cCfStA7n3F6eSv6akyE=

Alien-----AQCnbybQhNECOsngFavl6E/R9QqkOperqWTTzopXhZrqZkHv8dskK2Q9sq64spjYMYY006eyzxKdwt4iMeAY1z+s
	key=BAGcTAD7kTonfDiqVuwekhSYx/hcxKmBcH75wNhzUojD/exbt5aNuxEmtq4gzJ4tHqkSXLJADC6He4NoWzeRXjYqBwE1sNjV0Rl16J3Ona/RZSSil6YS/L4FpKjIyF9oBZP9prxevL+aEPbYDX0HOi4RzphzYgj+hUZ4Q6LYrcHinYnEcQ==
	public=BAGcTAD7kTonfDiqVuwekhSYx/hcxKmBcH75wNhzUojD/exbt5aNuxEmtq4gzJ4tHqkSXLJADC6He4NoWzeRXjYqBwE1sNjV0Rl16J3Ona/RZSSil6YS/L4FpKjIyF9oBZP9prxevL+aEPbYDX0HOi4RzphzYgj+hUZ4Q6LYrcHinYnEcQ==
	private=47ae5bc3c6f53ad68151328e53ea55d753b8eeb2d75d5dc4035ccde5aa8f09edd1bacb91c6f353d760145fe41bd5820eb2b009de5c7e58dd07d3af12a81fb65b41

Alien_to_Human-----0100a76f26d084d1023ac9e015abe5e84fd1f50aa43a97aba964d3ce8a57859aea6641eff1db242b643db2aeb8b298d8318634d3a7b2cf129dc2de2231e018d73fac
	key=BAGcTAD7kTonfDiqVuwekhSYx/hcxKmBcH75wNhzUojD/exbt5aNuxEmtq4gzJ4tHqkSXLJADC6He4NoWzeRXjYqBwE1sNjV0Rl16J3Ona/RZSSil6YS/L4FpKjIyF9oBZP9prxevL+aEPbYDX0HOi4RzphzYgj+hUZ4Q6LYrcHinYnEcQ==
	public=BAGcTAD7kTonfDiqVuwekhSYx/hcxKmBcH75wNhzUojD/exbt5aNuxEmtq4gzJ4tHqkSXLJADC6He4NoWzeRXjYqBwE1sNjV0Rl16J3Ona/RZSSil6YS/L4FpKjIyF9oBZP9prxevL+aEPbYDX0HOi4RzphzYgj+hUZ4Q6LYrcHinYnEcQ==
	private=47ae5bc3c6f53ad68151328e53ea55d753b8eeb2d75d5dc4035ccde5aa8f09edd1bacb91c6f353d760145fe41bd5820eb2b009de5c7e58dd07d3af12a81fb65b41

-----------------------sect113r1-----------------------
Human-----01801a503c2bef4906e945ae42eabd
	key=02004e46afd7d5d752d0735d2de3464b
	public=02004e46afd7d5d752d0735d2de3464b
	private=W6e9F9IvYQaWik4Cqoc=

Alien-----AYAaUDwr70kG6UWuQuq9
	key=BACgSMOVLFOBWD5l6FiVewFU0qCXu0HBo6Wb+0S3yg==
	public=BACgSMOVLFOBWD5l6FiVewFU0qCXu0HBo6Wb+0S3yg==
	private=8e66044dbe94e0f3b1f62e70a085

Alien_to_Human-----01801a503c2bef4906e945ae42eabd
	key=BACgSMOVLFOBWD5l6FiVewFU0qCXu0HBo6Wb+0S3yg==
	public=BACgSMOVLFOBWD5l6FiVewFU0qCXu0HBo6Wb+0S3yg==
	private=8e66044dbe94e0f3b1f62e70a085

-----------------------sect113r2-----------------------
Human-----0052272292a8a9acf8b9a1f1aece91
	key=030102f96ef080db5ea02df36d5441cb
	public=030102f96ef080db5ea02df36d5441cb
	private=gtObnn5wzFNdR5vj6Hk=

Alien-----AFInIpKoqaz4uaHxrs6R
	key=BAGxdT8bY1InbLiaosm1awAmOxIToBo9ugJmwZH/bA==
	public=BAGxdT8bY1InbLiaosm1awAmOxIToBo9ugJmwZH/bA==
	private=43db82430517a9bdb8b66299c16b

Alien_to_Human-----0052272292a8a9acf8b9a1f1aece91
	key=BAGxdT8bY1InbLiaosm1awAmOxIToBo9ugJmwZH/bA==
	public=BAGxdT8bY1InbLiaosm1awAmOxIToBo9ugJmwZH/bA==
	private=43db82430517a9bdb8b66299c16b

-----------------------sect131r1-----------------------
Human-----051d9d67add95a2442d9b05cadbf7642a8
	key=020085ee3e6ca76586688644d9a15c133dc3
	public=020085ee3e6ca76586688644d9a15c133dc3
	private=dOy11SIiz9dwlXRBkcoRgw==

Alien-----BR2dZ63ZWiRC2bBcrb92Qqg=
	key=BAMioUI5jTV+9X2cupEizpXYA9KkvbrOzioXXYhMORb8MK8=
	public=BAMioUI5jTV+9X2cupEizpXYA9KkvbrOzioXXYhMORb8MK8=
	private=f53b53c0b2511dc391ddc53bd2bc5142

Alien_to_Human-----051d9d67add95a2442d9b05cadbf7642a8
	key=BAMioUI5jTV+9X2cupEizpXYA9KkvbrOzioXXYhMORb8MK8=
	public=BAMioUI5jTV+9X2cupEizpXYA9KkvbrOzioXXYhMORb8MK8=
	private=f53b53c0b2511dc391ddc53bd2bc5142

-----------------------sect131r2-----------------------
Human-----067d891fc8f0990d534336e0eafda99ccb
	key=0306115ec0662567f8e833ec7e33cd5a86b8
	public=0306115ec0662567f8e833ec7e33cd5a86b8
	private=QTEMlAB68UaV2Do3gImTNA==

Alien-----Bn2JH8jwmQ1TQzbg6v2pnMs=
	key=BAcqQZ+zmf0MsgOvSk4IzDV1A5TnrzFz1ca3b27FujQ4JKA=
	public=BAcqQZ+zmf0MsgOvSk4IzDV1A5TnrzFz1ca3b27FujQ4JKA=
	private=01b4d83126827a1def4607226883c18144

Alien_to_Human-----067d891fc8f0990d534336e0eafda99ccb
	key=BAcqQZ+zmf0MsgOvSk4IzDV1A5TnrzFz1ca3b27FujQ4JKA=
	public=BAcqQZ+zmf0MsgOvSk4IzDV1A5TnrzFz1ca3b27FujQ4JKA=
	private=01b4d83126827a1def4607226883c18144

-----------------------sect163k1-----------------------
Human-----06ee694897b937782da783feb541f9d7adfe56ad38
	key=02044961d6d2b609fb17fe20f324d6d8e0e2597c4957
	public=02044961d6d2b609fb17fe20f324d6d8e0e2597c4957
	private=AciNCsqEtGGE1PGwxoD4k988TENO

Alien-----Bu5pSJe5N3gtp4P+tUH5163+Vq04
	key=BANDVqfq/EAGf5W/n/qV2YId8NdkCwea1F92p67vnxgiq2iiluBUWhpGjA==
	public=BANDVqfq/EAGf5W/n/qV2YId8NdkCwea1F92p67vnxgiq2iiluBUWhpGjA==
	private=039b87027a05257469f90d56212804b00c455a7a21

Alien_to_Human-----06ee694897b937782da783feb541f9d7adfe56ad38
	key=BANDVqfq/EAGf5W/n/qV2YId8NdkCwea1F92p67vnxgiq2iiluBUWhpGjA==
	public=BANDVqfq/EAGf5W/n/qV2YId8NdkCwea1F92p67vnxgiq2iiluBUWhpGjA==
	private=039b87027a05257469f90d56212804b00c455a7a21

-----------------------sect163r1-----------------------
Human-----07fe5340b654cf27a7ea46f3d1f1006a178e00b420
	key=0207e19c76d26af3c6b6ad609781b10c97b5d7b07690
	public=0207e19c76d26af3c6b6ad609781b10c97b5d7b07690
	private=AX0FFUrL6aNrcmbyizzmLgDJqUrA

Alien-----B/5TQLZUzyen6kbz0fEAaheOALQg
	key=BAIC87SPQMDHHwLUd4PQfFhRPnkxYQe856POpEDGtHHa3NnO1d1Q0N8LfQ==
	public=BAIC87SPQMDHHwLUd4PQfFhRPnkxYQe856POpEDGtHHa3NnO1d1Q0N8LfQ==
	private=0356939ef84f10f1a728d14b08fd8059d3fc2da5a3

Alien_to_Human-----07fe5340b654cf27a7ea46f3d1f1006a178e00b420
	key=BAIC87SPQMDHHwLUd4PQfFhRPnkxYQe856POpEDGtHHa3NnO1d1Q0N8LfQ==
	public=BAIC87SPQMDHHwLUd4PQfFhRPnkxYQe856POpEDGtHHa3NnO1d1Q0N8LfQ==
	private=0356939ef84f10f1a728d14b08fd8059d3fc2da5a3

-----------------------sect163r2-----------------------
Human-----0178605d5e0d185385d17b336f5102178cabd0dc72
	key=020083ea8c15e0c4d98ac667434af418ba776b709c7d
	public=020083ea8c15e0c4d98ac667434af418ba776b709c7d
	private=A4sGJv+Kz/seeCXI2cuPTt2jhOaY

Alien-----AXhgXV4NGFOF0Xszb1ECF4yr0Nxy
	key=BAA+V4jcIC21NFJSMZgGl9vIizLOBAAmlqqLTMGeoCqIvSfp969yMU4nhg==
	public=BAA+V4jcIC21NFJSMZgGl9vIizLOBAAmlqqLTMGeoCqIvSfp969yMU4nhg==
	private=018401263ee2128a7178fdc38660fc3c2f16fe17e6

Alien_to_Human-----0178605d5e0d185385d17b336f5102178cabd0dc72
	key=BAA+V4jcIC21NFJSMZgGl9vIizLOBAAmlqqLTMGeoCqIvSfp969yMU4nhg==
	public=BAA+V4jcIC21NFJSMZgGl9vIizLOBAAmlqqLTMGeoCqIvSfp969yMU4nhg==
	private=018401263ee2128a7178fdc38660fc3c2f16fe17e6

-----------------------sect193r1-----------------------
Human-----00ea8c363b665f8917b51fa662034d1e9f8b4bcc49994da7a7
	key=0301712a3201b4cd80eefa7ecbb05c11b0f968df043375139b65
	public=0301712a3201b4cd80eefa7ecbb05c11b0f968df043375139b65
	private=9WH/wPfJM2eAdNCmBYFJ0nKDiH1zIr2t

Alien-----AOqMNjtmX4kXtR+mYgNNHp+LS8xJmU2npw==
	key=BADrmQEPoC6IZtckhpWX2P8o8MBGwDPYyncBHvXbz/ETDCHsll+bq0IZgbB3EsA9lFm5
	public=BADrmQEPoC6IZtckhpWX2P8o8MBGwDPYyncBHvXbz/ETDCHsll+bq0IZgbB3EsA9lFm5
	private=28a2d766c8db1768ec3ed622c34071c6a0df244d5a673be0

Alien_to_Human-----00ea8c363b665f8917b51fa662034d1e9f8b4bcc49994da7a7
	key=BADrmQEPoC6IZtckhpWX2P8o8MBGwDPYyncBHvXbz/ETDCHsll+bq0IZgbB3EsA9lFm5
	public=BADrmQEPoC6IZtckhpWX2P8o8MBGwDPYyncBHvXbz/ETDCHsll+bq0IZgbB3EsA9lFm5
	private=28a2d766c8db1768ec3ed622c34071c6a0df244d5a673be0

-----------------------sect193r2-----------------------
Human-----002684c17933c379348997998210733793241909ae072e48e7
	key=02006d4d113d7dfb5a7525b9ffa09b643db3dd77957732113a75
	public=02006d4d113d7dfb5a7525b9ffa09b643db3dd77957732113a75
	private=NlBntxdWs3X7U65l6ZC9siUwRuxA/ZdD

Alien-----ACaEwXkzw3k0iZeZghBzN5MkGQmuBy5I5w==
	key=BAG3oeeOWJhbXJpgq4iy2wv+04j7jljVVX8A/6Rb1Bjkqf9ydUv8wa4xud8w5aj0giPp
	public=BAG3oeeOWJhbXJpgq4iy2wv+04j7jljVVX8A/6Rb1Bjkqf9ydUv8wa4xud8w5aj0giPp
	private=dca3f8452d98a5b01a62f4b4a1278cfa72487a8b1b81e3da

Alien_to_Human-----002684c17933c379348997998210733793241909ae072e48e7
	key=BAG3oeeOWJhbXJpgq4iy2wv+04j7jljVVX8A/6Rb1Bjkqf9ydUv8wa4xud8w5aj0giPp
	public=BAG3oeeOWJhbXJpgq4iy2wv+04j7jljVVX8A/6Rb1Bjkqf9ydUv8wa4xud8w5aj0giPp
	private=dca3f8452d98a5b01a62f4b4a1278cfa72487a8b1b81e3da

-----------------------sect233k1-----------------------
Human-----00630375555587b9189d78caf109d8a13d32406838760fb5f7e987870d1a
	key=030164e15471bd4192a38a8110079cc267263789c660c0ad61faa10797699d
	public=030164e15471bd4192a38a8110079cc267263789c660c0ad61faa10797699d
	private=fExo+sgGxHnWHR92v3Qm8IJpdjXONU/L2tw5KZI=

Alien-----AGMDdVVVh7kYnXjK8QnYoT0yQGg4dg+19+mHhw0a
	key=BAAethi8N+Fj08lZIM2wNOxDVqGxpuCEZ16cdNXd3AG/MmbpwHdvWPpNSK5CtelkdCIq4dItR42TaFl2Sw==
	public=BAAethi8N+Fj08lZIM2wNOxDVqGxpuCEZ16cdNXd3AG/MmbpwHdvWPpNSK5CtelkdCIq4dItR42TaFl2Sw==
	private=58d4f29ec8d2f5d0369d07a29795540b075889b59ac35b4a0b14f99122

Alien_to_Human-----00630375555587b9189d78caf109d8a13d32406838760fb5f7e987870d1a
	key=BAAethi8N+Fj08lZIM2wNOxDVqGxpuCEZ16cdNXd3AG/MmbpwHdvWPpNSK5CtelkdCIq4dItR42TaFl2Sw==
	public=BAAethi8N+Fj08lZIM2wNOxDVqGxpuCEZ16cdNXd3AG/MmbpwHdvWPpNSK5CtelkdCIq4dItR42TaFl2Sw==
	private=58d4f29ec8d2f5d0369d07a29795540b075889b59ac35b4a0b14f99122

-----------------------sect233r1-----------------------
Human-----00864ce9a5d86a88675cca86f3b31e3f01dfe36f0113a9f02150df350f0e
	key=0201e5f8b8e163ee3fd4656de73db7da5e8c7c3a138793d09448aaffcbd3e7
	public=0201e5f8b8e163ee3fd4656de73db7da5e8c7c3a138793d09448aaffcbd3e7
	private=0fBDceDmAbuziLM8MRK/BlJt49tnnj0Sr1TH9LI=

Alien-----AIZM6aXYaohnXMqG87MePwHf428BE6nwIVDfNQ8O
	key=BAHbJsf/byG9g9Kr5H7Icc5IZqGfUgiSUY1LXew6FgDMVl+zXubP5yI/Pea7kDo79hKnfZMpdYsYcqa9EA==
	public=BAHbJsf/byG9g9Kr5H7Icc5IZqGfUgiSUY1LXew6FgDMVl+zXubP5yI/Pea7kDo79hKnfZMpdYsYcqa9EA==
	private=7c5a033b621808565b69d68b516e0679d79e45ea1753fbfd5f9a40cc69

Alien_to_Human-----00864ce9a5d86a88675cca86f3b31e3f01dfe36f0113a9f02150df350f0e
	key=BAHbJsf/byG9g9Kr5H7Icc5IZqGfUgiSUY1LXew6FgDMVl+zXubP5yI/Pea7kDo79hKnfZMpdYsYcqa9EA==
	public=BAHbJsf/byG9g9Kr5H7Icc5IZqGfUgiSUY1LXew6FgDMVl+zXubP5yI/Pea7kDo79hKnfZMpdYsYcqa9EA==
	private=7c5a033b621808565b69d68b516e0679d79e45ea1753fbfd5f9a40cc69

-----------------------sect239k1-----------------------
Human-----1359828191c8371af50ca7ac778b7b3ae797fbc8f2943bf8781834192c0d
	key=036acd667f2aec3d35984b107fda64a806dca0c1ad91a71f01b258d5fa4f66
	public=036acd667f2aec3d35984b107fda64a806dca0c1ad91a71f01b258d5fa4f66
	private=GDD1OLs52ibeGvXaSWBExJ8zxxxniy0X4+Gb5fBy

Alien-----E1mCgZHINxr1DKesd4t7OueX+8jylDv4eBg0GSwN
	key=BEQiWxUtX05wjcjxrWufzSw6S+X/hisg4w+po+49hRaulEiAhy0AtdoHbp1OZgX6J2YMFzczLLrRbjiXGw==
	public=BEQiWxUtX05wjcjxrWufzSw6S+X/hisg4w+po+49hRaulEiAhy0AtdoHbp1OZgX6J2YMFzczLLrRbjiXGw==
	private=034a81a7d2b93e0ef65a902f79eafc527a7cafad6e05cdbca44283687c9c

Alien_to_Human-----1359828191c8371af50ca7ac778b7b3ae797fbc8f2943bf8781834192c0d
	key=BEQiWxUtX05wjcjxrWufzSw6S+X/hisg4w+po+49hRaulEiAhy0AtdoHbp1OZgX6J2YMFzczLLrRbjiXGw==
	public=BEQiWxUtX05wjcjxrWufzSw6S+X/hisg4w+po+49hRaulEiAhy0AtdoHbp1OZgX6J2YMFzczLLrRbjiXGw==
	private=034a81a7d2b93e0ef65a902f79eafc527a7cafad6e05cdbca44283687c9c

-----------------------sect283k1-----------------------
Human-----042b54238b930ff9c1b072cddd322523f01eb72471df3963aece631fb700514729d2e23c
	key=030502cd1c6e32969f0bf8a5c2c163a36e62985e9562b34c6bb4436f798b4689aaa1f7d817
	public=030502cd1c6e32969f0bf8a5c2c163a36e62985e9562b34c6bb4436f798b4689aaa1f7d817
	private=AUl0CmuP37MTPb6vmLonhUMxqgVfUx5fo9V9k5cyJ/cO97mF

Alien-----BCtUI4uTD/nBsHLN3TIlI/AetyRx3zljrs5jH7cAUUcp0uI8
	key=BATv8qxR1a3kesLALXu9N4I3xA1rdi0Z3ucJe7o51rzNx7k3WwZiXLl7FhTjQrrWFKIHbs2pafpE5nS0V5GC3R/ecb8l3TknAw==
	public=BATv8qxR1a3kesLALXu9N4I3xA1rdi0Z3ucJe7o51rzNx7k3WwZiXLl7FhTjQrrWFKIHbs2pafpE5nS0V5GC3R/ecb8l3TknAw==
	private=a5b46ceeabaace2c2953583037170f5688ffe5b65ff5f33fbcbebf3130248f93c39e36

Alien_to_Human-----042b54238b930ff9c1b072cddd322523f01eb72471df3963aece631fb700514729d2e23c
	key=BATv8qxR1a3kesLALXu9N4I3xA1rdi0Z3ucJe7o51rzNx7k3WwZiXLl7FhTjQrrWFKIHbs2pafpE5nS0V5GC3R/ecb8l3TknAw==
	public=BATv8qxR1a3kesLALXu9N4I3xA1rdi0Z3ucJe7o51rzNx7k3WwZiXLl7FhTjQrrWFKIHbs2pafpE5nS0V5GC3R/ecb8l3TknAw==
	private=a5b46ceeabaace2c2953583037170f5688ffe5b65ff5f33fbcbebf3130248f93c39e36

-----------------------sect283r1-----------------------
Human-----00bd22cf16b50e09e251bbc3dd0102bc456d4983e4e8f7ad20140871448ceced612c635d
	key=03006b0563158bb05beab9e1eab116aa648c521988004eec3a4af67a9ef1df5f7c5cca54bd
	public=03006b0563158bb05beab9e1eab116aa648c521988004eec3a4af67a9ef1df5f7c5cca54bd
	private=P09VTcQ3lX/9dmzl8d2DkTIAOC9UoY1HaWGoDC6RX9+3oFk=

Alien-----AL0izxa1DgniUbvD3QECvEVtSYPk6PetIBQIcUSM7O1hLGNd
	key=BAeF4M8MVnu38gnfFKrkaKpTON0Dr3HIW/cxeFGHy4QeHZnyGgdMN1ITxVyS0IxBw/RVkVRK4sJZFa58orXfLADzbEXI+tos7Q==
	public=BAeF4M8MVnu38gnfFKrkaKpTON0Dr3HIW/cxeFGHy4QeHZnyGgdMN1ITxVyS0IxBw/RVkVRK4sJZFa58orXfLADzbEXI+tos7Q==
	private=02207dae1a8b589bbd06c20180fe76d58e9666cb87eee24a95a74952851c6996da8fc6c7

Alien_to_Human-----00bd22cf16b50e09e251bbc3dd0102bc456d4983e4e8f7ad20140871448ceced612c635d
	key=BAeF4M8MVnu38gnfFKrkaKpTON0Dr3HIW/cxeFGHy4QeHZnyGgdMN1ITxVyS0IxBw/RVkVRK4sJZFa58orXfLADzbEXI+tos7Q==
	public=BAeF4M8MVnu38gnfFKrkaKpTON0Dr3HIW/cxeFGHy4QeHZnyGgdMN1ITxVyS0IxBw/RVkVRK4sJZFa58orXfLADzbEXI+tos7Q==
	private=02207dae1a8b589bbd06c20180fe76d58e9666cb87eee24a95a74952851c6996da8fc6c7

-----------------------sect409k1-----------------------
Human-----0018cf80dce965b5787fe66b15201efb6b18c071f2cd9164e7aa05d3aed3dac175b0848a6aa66d8865985bd7e5f9676a7255fd04
	key=0201e35a444acf405cae02a7b30c7725ed7a8897d9657d024711021aa6bff7835c85e48a0061d9ee3ea3521e4c9482aecfc80afb92
	public=0201e35a444acf405cae02a7b30c7725ed7a8897d9657d024711021aa6bff7835c85e48a0061d9ee3ea3521e4c9482aecfc80afb92
	private=KqaFdh/RxGKlacJ7KsipkSgOyuSoN1NXtpJA3S95zBe9Kay0ApoZQSzIwnAzoQ251ejg

Alien-----ABjPgNzpZbV4f+ZrFSAe+2sYwHHyzZFk56oF067T2sF1sISKaqZtiGWYW9fl+WdqclX9BA==
	key=BAA9BYzjT/f2fok4r6t6TJV3HPUdgcYhUKuF/xrDY4rdNoCg7UHrFphPAiPJJvaCWrRU89wBigH8vWhiCzr4fR6VkaB0IjY7XsC1ukLrwj5t8j/m9gQrgVibRZxsNp407mwr4DcKoJop
	public=BAA9BYzjT/f2fok4r6t6TJV3HPUdgcYhUKuF/xrDY4rdNoCg7UHrFphPAiPJJvaCWrRU89wBigH8vWhiCzr4fR6VkaB0IjY7XsC1ukLrwj5t8j/m9gQrgVibRZxsNp407mwr4DcKoJop
	private=23957942457495fa821d0345542a9f3f88a4017f267d8f8801cc52c8b2ec0a2e4795ab7a4c243cb66cc89564a79df926e53355

Alien_to_Human-----0018cf80dce965b5787fe66b15201efb6b18c071f2cd9164e7aa05d3aed3dac175b0848a6aa66d8865985bd7e5f9676a7255fd04
	key=BAA9BYzjT/f2fok4r6t6TJV3HPUdgcYhUKuF/xrDY4rdNoCg7UHrFphPAiPJJvaCWrRU89wBigH8vWhiCzr4fR6VkaB0IjY7XsC1ukLrwj5t8j/m9gQrgVibRZxsNp407mwr4DcKoJop
	public=BAA9BYzjT/f2fok4r6t6TJV3HPUdgcYhUKuF/xrDY4rdNoCg7UHrFphPAiPJJvaCWrRU89wBigH8vWhiCzr4fR6VkaB0IjY7XsC1ukLrwj5t8j/m9gQrgVibRZxsNp407mwr4DcKoJop
	private=23957942457495fa821d0345542a9f3f88a4017f267d8f8801cc52c8b2ec0a2e4795ab7a4c243cb66cc89564a79df926e53355

-----------------------sect409r1-----------------------
Human-----01946494b9e419f68a4562c37f5d0ed9e0ab832319b90ab26540129d729ebd6f5c6ad34afb1f62839333215e88a89cade72418a5
	key=0301b53b8258649b9c830decb46629ab28260b5d85c54a78aa88dad92ab0526dc29f7cd0ff01e1856bf4c932abe5eb49385926f3c3
	public=0301b53b8258649b9c830decb46629ab28260b5d85c54a78aa88dad92ab0526dc29f7cd0ff01e1856bf4c932abe5eb49385926f3c3
	private=6wB8uIzVr7Oehr+glPW0tO1kEFUVQkeey3zTQpmF7ismKuhgSLib1j++4saUk2dDzvZ2

Alien-----AZRklLnkGfaKRWLDf10O2eCrgyMZuQqyZUASnXKevW9catNK+x9ig5MzIV6IqJyt5yQYpQ==
	key=BAG/UC/IrUB8JHPk5Bp/asV6ZV1fVLj3jUA6i4XM0aNKjDC/R/4HsUrbXhy7HkFYTWbUc4cBx+JEnUBUbuSg/f9EECssDeRd63cHQiZ/z+DgjN1wRB+3JtHfGAjmnhZAGYOF3UWhWymM
	public=BAG/UC/IrUB8JHPk5Bp/asV6ZV1fVLj3jUA6i4XM0aNKjDC/R/4HsUrbXhy7HkFYTWbUc4cBx+JEnUBUbuSg/f9EECssDeRd63cHQiZ/z+DgjN1wRB+3JtHfGAjmnhZAGYOF3UWhWymM
	private=8236b2b9415fee9760a7d5a54a6a4c10c194d4a1449811ae51f68e976380113fba96c25448e5a8f53899fbfea809fb0a047fb3

Alien_to_Human-----01946494b9e419f68a4562c37f5d0ed9e0ab832319b90ab26540129d729ebd6f5c6ad34afb1f62839333215e88a89cade72418a5
	key=BAG/UC/IrUB8JHPk5Bp/asV6ZV1fVLj3jUA6i4XM0aNKjDC/R/4HsUrbXhy7HkFYTWbUc4cBx+JEnUBUbuSg/f9EECssDeRd63cHQiZ/z+DgjN1wRB+3JtHfGAjmnhZAGYOF3UWhWymM
	public=BAG/UC/IrUB8JHPk5Bp/asV6ZV1fVLj3jUA6i4XM0aNKjDC/R/4HsUrbXhy7HkFYTWbUc4cBx+JEnUBUbuSg/f9EECssDeRd63cHQiZ/z+DgjN1wRB+3JtHfGAjmnhZAGYOF3UWhWymM
	private=8236b2b9415fee9760a7d5a54a6a4c10c194d4a1449811ae51f68e976380113fba96c25448e5a8f53899fbfea809fb0a047fb3

-----------------------sect571k1-----------------------
Human-----05f74310c8f12b89effb161757587fd13c8347fe41c3e6bdb4a1b66d505966a45886ca6c8e178ca293838e8ca71e6503054613a2350645202b6f1d482e8809bc91df396c4c5774c7
	key=0201bcdbcc297fb26c08689bf350820158cd01bdcadbdb22b612b59519cecc06a3533ce53c3fc3043ee9de91638b4b4e4a6a4e560c5e3af1d661fe53e46f786ce67672156ae6a5cf66
	public=0201bcdbcc297fb26c08689bf350820158cd01bdcadbdb22b612b59519cecc06a3533ce53c3fc3043ee9de91638b4b4e4a6a4e560c5e3af1d661fe53e46f786ce67672156ae6a5cf66
	private=AXRHCNWPwfPaZ4Lob4hJIGW5t1SH4S6N7vIqbC3/xW1zWU/SPC6GVhkzkegtXgNjenonri3XDtSr6NUll3ZmncIWEZ7pofBo

Alien-----BfdDEMjxK4nv+xYXV1h/0TyDR/5Bw+a9tKG2bVBZZqRYhspsjheMopODjoynHmUDBUYTojUGRSArbx1ILogJvJHfOWxMV3TH
	key=BAUCTqoN2cANz2RzrvBvqD9XReOSWnY3R8lXHloI15WsFlfFdrWhCn/lnMkDAUXQUNyF6LtY8jpx0bLT5UvWc/KcHJaBvXOopQXcVMpXGe7a5TAfr2U7mcTXnD/B/or4COKNKwUH80fg4DheUQEzQv+fyof11nJ/qv7u2rvHxukEjXDUphF9djZO8XR+jubgdA==
	public=BAUCTqoN2cANz2RzrvBvqD9XReOSWnY3R8lXHloI15WsFlfFdrWhCn/lnMkDAUXQUNyF6LtY8jpx0bLT5UvWc/KcHJaBvXOopQXcVMpXGe7a5TAfr2U7mcTXnD/B/or4COKNKwUH80fg4DheUQEzQv+fyof11nJ/qv7u2rvHxukEjXDUphF9djZO8XR+jubgdA==
	private=5d304213e90e84559dbee57ada96ddd64a3a879e19d2e890477dbda0dba00a3dbce0ae3870186fdf90e12b4a42d105d89bad18cda00f7af3bad264236840a3df3bae8a398e2f80

Alien_to_Human-----05f74310c8f12b89effb161757587fd13c8347fe41c3e6bdb4a1b66d505966a45886ca6c8e178ca293838e8ca71e6503054613a2350645202b6f1d482e8809bc91df396c4c5774c7
	key=BAUCTqoN2cANz2RzrvBvqD9XReOSWnY3R8lXHloI15WsFlfFdrWhCn/lnMkDAUXQUNyF6LtY8jpx0bLT5UvWc/KcHJaBvXOopQXcVMpXGe7a5TAfr2U7mcTXnD/B/or4COKNKwUH80fg4DheUQEzQv+fyof11nJ/qv7u2rvHxukEjXDUphF9djZO8XR+jubgdA==
	public=BAUCTqoN2cANz2RzrvBvqD9XReOSWnY3R8lXHloI15WsFlfFdrWhCn/lnMkDAUXQUNyF6LtY8jpx0bLT5UvWc/KcHJaBvXOopQXcVMpXGe7a5TAfr2U7mcTXnD/B/or4COKNKwUH80fg4DheUQEzQv+fyof11nJ/qv7u2rvHxukEjXDUphF9djZO8XR+jubgdA==
	private=5d304213e90e84559dbee57ada96ddd64a3a879e19d2e890477dbda0dba00a3dbce0ae3870186fdf90e12b4a42d105d89bad18cda00f7af3bad264236840a3df3bae8a398e2f80

-----------------------sect571r1-----------------------
Human-----05f57bffa13b69f08e88d2eb6ee6013b30dbd14f2eeee44578f644c8ac6d10f2d2badca61050a42af98dd970509782f34ef28844cda5f4b52a1da78039b10afddde411f19b2e3f5f
	key=02073cbccb2ba82d282d0dea074f37891b8ab234e26ee8aca46fc09389ce8607b0b987e21592fe445b9adf69b1b39326ba0c0d7365b3da5e10897bfdef63e263d154a307b49b3280dc
	public=02073cbccb2ba82d282d0dea074f37891b8ab234e26ee8aca46fc09389ce8607b0b987e21592fe445b9adf69b1b39326ba0c0d7365b3da5e10897bfdef63e263d154a307b49b3280dc
	private=Aj5pGeQmlMxgYfpFcUL/rTYsVmUpdUKJeYJFHnj0G1JRNveG6ZvJVM7x+qy15LEca77DZn/ScSg21P8x46e7oVQov01YqKf+

Alien-----BfV7/6E7afCOiNLrbuYBOzDb0U8u7uRFePZEyKxtEPLSutymEFCkKvmN2XBQl4LzTvKIRM2l9LUqHaeAObEK/d3kEfGbLj9f
	key=BAPmVISPoJkWDhGGtW65ql7dhPF8FqeprC3TOvdghtfIkk3edcvX/TNxFE0OKKm5t2suyXSMmVZfGmujwTxSsIIUXJpYUOcfqQEvDfDR6V3+yu9qzwItmHZyUMIJiAK78b9UCpuN8tZDwgzOq0Vp8fBfsr9FEkYm38XxXU1rJXQSMgXkzTXUqF9jruUsUzA3PA==
	public=BAPmVISPoJkWDhGGtW65ql7dhPF8FqeprC3TOvdghtfIkk3edcvX/TNxFE0OKKm5t2suyXSMmVZfGmujwTxSsIIUXJpYUOcfqQEvDfDR6V3+yu9qzwItmHZyUMIJiAK78b9UCpuN8tZDwgzOq0Vp8fBfsr9FEkYm38XxXU1rJXQSMgXkzTXUqF9jruUsUzA3PA==
	private=03130928ceee8ded33bc5559112295e3393299a2e55e6bdcb048f93b96c9a003d8871413e075c7b180a68eed8134142ba3e8ccd68013d79f6681ac097d3ac779dce11cf9dc48e886

Alien_to_Human-----05f57bffa13b69f08e88d2eb6ee6013b30dbd14f2eeee44578f644c8ac6d10f2d2badca61050a42af98dd970509782f34ef28844cda5f4b52a1da78039b10afddde411f19b2e3f5f
	key=BAPmVISPoJkWDhGGtW65ql7dhPF8FqeprC3TOvdghtfIkk3edcvX/TNxFE0OKKm5t2suyXSMmVZfGmujwTxSsIIUXJpYUOcfqQEvDfDR6V3+yu9qzwItmHZyUMIJiAK78b9UCpuN8tZDwgzOq0Vp8fBfsr9FEkYm38XxXU1rJXQSMgXkzTXUqF9jruUsUzA3PA==
	public=BAPmVISPoJkWDhGGtW65ql7dhPF8FqeprC3TOvdghtfIkk3edcvX/TNxFE0OKKm5t2suyXSMmVZfGmujwTxSsIIUXJpYUOcfqQEvDfDR6V3+yu9qzwItmHZyUMIJiAK78b9UCpuN8tZDwgzOq0Vp8fBfsr9FEkYm38XxXU1rJXQSMgXkzTXUqF9jruUsUzA3PA==
	private=03130928ceee8ded33bc5559112295e3393299a2e55e6bdcb048f93b96c9a003d8871413e075c7b180a68eed8134142ba3e8ccd68013d79f6681ac097d3ac779dce11cf9dc48e886

-----------------------wap-wsg-idm-ecid-wtls1-----------------------
Human-----01c3ab8f0ee02b392e61b5ef97cfab
	key=03013cee8e54693ecc5a811a086ae9f7
	public=03013cee8e54693ecc5a811a086ae9f7
	private=W3h5kNRTuyLpjYJ4ZRg=

Alien-----AcOrjw7gKzkuYbXvl8+r
	key=BABZFEBogWxBcNFu92CSeQAgQwy0kTI1qfdG4kXWVw==
	public=BABZFEBogWxBcNFu92CSeQAgQwy0kTI1qfdG4kXWVw==
	private=bbe66d7ea12998f860d2792a45a8

Alien_to_Human-----01c3ab8f0ee02b392e61b5ef97cfab
	key=BABZFEBogWxBcNFu92CSeQAgQwy0kTI1qfdG4kXWVw==
	public=BABZFEBogWxBcNFu92CSeQAgQwy0kTI1qfdG4kXWVw==
	private=bbe66d7ea12998f860d2792a45a8

-----------------------wap-wsg-idm-ecid-wtls10-----------------------
Human-----007b27776d1623bcdcf6f9986d40252802aca405622d3ac391c97a6dea1f
	key=03008379bc2cb94bd22d663da59423d3d7d51843f5056aa7cc15e33baad918
	public=03008379bc2cb94bd22d663da59423d3d7d51843f5056aa7cc15e33baad918
	private=IMFiMyJCxXDoCREClRPD9xSVd07gAioVqPq6+nU=

Alien-----AHsnd20WI7zc9vmYbUAlKAKspAViLTrDkcl6beof
	key=BAGEflH1kM1qvLA8aMq482cOuQDt8/NLvLx9wFaFPgEaVwiMaC9DqxqfOfS9LaMhWimSZLXmc+nCmCRtbg==
	public=BAGEflH1kM1qvLA8aMq482cOuQDt8/NLvLx9wFaFPgEaVwiMaC9DqxqfOfS9LaMhWimSZLXmc+nCmCRtbg==
	private=5a02e65b805b96594be6350c296a438d5d1653c570e06e45debcee9741

Alien_to_Human-----007b27776d1623bcdcf6f9986d40252802aca405622d3ac391c97a6dea1f
	key=BAGEflH1kM1qvLA8aMq482cOuQDt8/NLvLx9wFaFPgEaVwiMaC9DqxqfOfS9LaMhWimSZLXmc+nCmCRtbg==
	public=BAGEflH1kM1qvLA8aMq482cOuQDt8/NLvLx9wFaFPgEaVwiMaC9DqxqfOfS9LaMhWimSZLXmc+nCmCRtbg==
	private=5a02e65b805b96594be6350c296a438d5d1653c570e06e45debcee9741

-----------------------wap-wsg-idm-ecid-wtls11-----------------------
Human-----0097644cb2c14e50ab99c60496b5a2d9ca370636e25aaa379e2fb246e2c6
	key=02008e9deda6dc9a2a733baec57d093ed7945096b6f147b565e5aa41579324
	public=02008e9deda6dc9a2a733baec57d093ed7945096b6f147b565e5aa41579324
	private=TO8oN6kAlq5JyZm9/9J2jOZCML01K10TxWEUAEY=

Alien-----AJdkTLLBTlCrmcYElrWi2co3BjbiWqo3ni+yRuLG
	key=BADwjybYx364qK7GShyBJfpux/ZcDw7TkOeetylk1AHLZBHNw5gdBMix3IOGETmGGBLcqZXgjqvCvslBQA==
	public=BADwjybYx364qK7GShyBJfpux/ZcDw7TkOeetylk1AHLZBHNw5gdBMix3IOGETmGGBLcqZXgjqvCvslBQA==
	private=b27bbf0d0873b254cfa5c3a1cc73504e55a886ec8842b4d045b7023e75

Alien_to_Human-----0097644cb2c14e50ab99c60496b5a2d9ca370636e25aaa379e2fb246e2c6
	key=BADwjybYx364qK7GShyBJfpux/ZcDw7TkOeetylk1AHLZBHNw5gdBMix3IOGETmGGBLcqZXgjqvCvslBQA==
	public=BADwjybYx364qK7GShyBJfpux/ZcDw7TkOeetylk1AHLZBHNw5gdBMix3IOGETmGGBLcqZXgjqvCvslBQA==
	private=b27bbf0d0873b254cfa5c3a1cc73504e55a886ec8842b4d045b7023e75

-----------------------wap-wsg-idm-ecid-wtls12-----------------------
Human-----6e50a94f9789d06595b14577aa800d3310f84b938fe69542c176d9f7
	key=03ad4d696920270d3b66181d6074cb806185ad0190edd9e40fd30840cf
	public=03ad4d696920270d3b66181d6074cb806185ad0190edd9e40fd30840cf
	private=HOP4g/NiawFgn/lURRSFzR0Xuyf980pZ8S/E6g==

Alien-----blCpT5eJ0GWVsUV3qoANMxD4S5OP5pVCwXbZ9w==
	key=BHXnwREWjZrMizKvZyX+yC+owCj/qsKFNWgtPiWI+2PyZqNGw/V+Spm+6M/ehjwZ4/lP5jYfY0ei
	public=BHXnwREWjZrMizKvZyX+yC+owCj/qsKFNWgtPiWI+2PyZqNGw/V+Spm+6M/ehjwZ4/lP5jYfY0ei
	private=4cfed4b9e1490cf18fda3e7c41fa4086e7224b21312cbfbae01c0286

Alien_to_Human-----6e50a94f9789d06595b14577aa800d3310f84b938fe69542c176d9f7
	key=BHXnwREWjZrMizKvZyX+yC+owCj/qsKFNWgtPiWI+2PyZqNGw/V+Spm+6M/ehjwZ4/lP5jYfY0ei
	public=BHXnwREWjZrMizKvZyX+yC+owCj/qsKFNWgtPiWI+2PyZqNGw/V+Spm+6M/ehjwZ4/lP5jYfY0ei
	private=4cfed4b9e1490cf18fda3e7c41fa4086e7224b21312cbfbae01c0286

-----------------------wap-wsg-idm-ecid-wtls3-----------------------
Human-----03c719546dd1e5777183443b2bded3d8441de98939
	key=0205c95f550fa44db069af4dcfc1dc3a2d417508312d
	public=0205c95f550fa44db069af4dcfc1dc3a2d417508312d
	private=A0rX1Zm2MUmeiMHT0FQdH4DrV8zm

Alien-----A8cZVG3R5Xdxg0Q7K97T2EQd6Yk5
	key=BAeUQ7JWCwsJ/ZCuZkN7zceCxnq86QMm2DEqnyFEhsAFvY8LHrztem2zkg==
	public=BAeUQ7JWCwsJ/ZCuZkN7zceCxnq86QMm2DEqnyFEhsAFvY8LHrztem2zkg==
	private=db2e4b0a50c1345fefcfad6bad0a0b504e444320

Alien_to_Human-----03c719546dd1e5777183443b2bded3d8441de98939
	key=BAeUQ7JWCwsJ/ZCuZkN7zceCxnq86QMm2DEqnyFEhsAFvY8LHrztem2zkg==
	public=BAeUQ7JWCwsJ/ZCuZkN7zceCxnq86QMm2DEqnyFEhsAFvY8LHrztem2zkg==
	private=db2e4b0a50c1345fefcfad6bad0a0b504e444320

-----------------------wap-wsg-idm-ecid-wtls4-----------------------
Human-----01d9e879987410a6e597328561c5db
	key=020074e9d0c9a0c6606a11ee3e59d24b
	public=020074e9d0c9a0c6606a11ee3e59d24b
	private=ryXMNszvy9ImbDrlrLw=

Alien-----AdnoeZh0EKbllzKFYcXb
	key=BACwtbR4bbZjO59w6FBw3wC73+9obw+kyLlCKqBdfw==
	public=BACwtbR4bbZjO59w6FBw3wC73+9obw+kyLlCKqBdfw==
	private=44b677bff66146d203e562875b98

Alien_to_Human-----01d9e879987410a6e597328561c5db
	key=BACwtbR4bbZjO59w6FBw3wC73+9obw+kyLlCKqBdfw==
	public=BACwtbR4bbZjO59w6FBw3wC73+9obw+kyLlCKqBdfw==
	private=44b677bff66146d203e562875b98

-----------------------wap-wsg-idm-ecid-wtls5-----------------------
Human-----0622a5135a235aa01d9ec4d36bddaef8bbda244c0c
	key=03026c1375339e673b31ebe460f1ff1419d5383d564b
	public=03026c1375339e673b31ebe460f1ff1419d5383d564b
	private=4RywKZVL6EIvEQ205nXT7TwZNYU=

Alien-----BiKlE1ojWqAdnsTTa92u+LvaJEwM
	key=BAG/EcavHOT+0t23Gptz3BpJb0/0igGMK4CjUOXnsYjhuDDHGt/rZsBt7w==
	public=BAG/EcavHOT+0t23Gptz3BpJb0/0igGMK4CjUOXnsYjhuDDHGt/rZsBt7w==
	private=de897dbfc5ccc6e1b92a8bf2c557253238e67260

Alien_to_Human-----0622a5135a235aa01d9ec4d36bddaef8bbda244c0c
	key=BAG/EcavHOT+0t23Gptz3BpJb0/0igGMK4CjUOXnsYjhuDDHGt/rZsBt7w==
	public=BAG/EcavHOT+0t23Gptz3BpJb0/0igGMK4CjUOXnsYjhuDDHGt/rZsBt7w==
	private=de897dbfc5ccc6e1b92a8bf2c557253238e67260

-----------------------wap-wsg-idm-ecid-wtls6-----------------------
Human-----d0cdf46392f62eb3a3e3cd0ff83e
	key=0350a236d566813ed7f6234cccec40
	public=0350a236d566813ed7f6234cccec40
	private=H7SIuEY6JYIpvxukrIk=

Alien-----0M30Y5L2LrOj480P+D4=
	key=BDQ+1rmTI0HaZco+zzu4SNY8fHq/Jm/nDUvvGpE=
	public=BDQ+1rmTI0HaZco+zzu4SNY8fHq/Jm/nDUvvGpE=
	private=69628228383d281149160f11cbc0

Alien_to_Human-----d0cdf46392f62eb3a3e3cd0ff83e
	key=BDQ+1rmTI0HaZco+zzu4SNY8fHq/Jm/nDUvvGpE=
	public=BDQ+1rmTI0HaZco+zzu4SNY8fHq/Jm/nDUvvGpE=
	private=69628228383d281149160f11cbc0

-----------------------wap-wsg-idm-ecid-wtls7-----------------------
Human-----80b4f1eb12ef8852a6cf5563d88cef5ffd3d3ef4
	key=038becd3ae92b2fb0b04dd8f37dc5344cb39e00b4f
	public=038becd3ae92b2fb0b04dd8f37dc5344cb39e00b4f
	private=iDh561NdIYvZN1q1iqwD1h7beuk=

Alien-----gLTx6xLviFKmz1Vj2IzvX/09PvQ=
	key=BG1HjLg+ZDmhaLzJei5NBraaD2LATpgKL3ywva4s2XWTDFQWLXq+fk0=
	public=BG1HjLg+ZDmhaLzJei5NBraaD2LATpgKL3ywva4s2XWTDFQWLXq+fk0=
	private=6cd37d9aa60d4b551444e9cba743796a36ed6ad3

Alien_to_Human-----80b4f1eb12ef8852a6cf5563d88cef5ffd3d3ef4
	key=BG1HjLg+ZDmhaLzJei5NBraaD2LATpgKL3ywva4s2XWTDFQWLXq+fk0=
	public=BG1HjLg+ZDmhaLzJei5NBraaD2LATpgKL3ywva4s2XWTDFQWLXq+fk0=
	private=6cd37d9aa60d4b551444e9cba743796a36ed6ad3

-----------------------wap-wsg-idm-ecid-wtls8-----------------------
Human-----7121b3a439e6512555c45592e4f5
	key=03014a4b97b1f78182816062b08b2f
	public=03014a4b97b1f78182816062b08b2f
	private=LeXl97CbmMYFFaBz/DY=

Alien-----cSGzpDnmUSVVxFWS5PU=
	key=BESLeBwPGDE2pqTHIrsWnSooR5cI5ZA8L92WBTg=
	public=BESLeBwPGDE2pqTHIrsWnSooR5cI5ZA8L92WBTg=
	private=95b79839aa793a022d339b6473e7

Alien_to_Human-----7121b3a439e6512555c45592e4f5
	key=BESLeBwPGDE2pqTHIrsWnSooR5cI5ZA8L92WBTg=
	public=BESLeBwPGDE2pqTHIrsWnSooR5cI5ZA8L92WBTg=
	private=95b79839aa793a022d339b6473e7

-----------------------wap-wsg-idm-ecid-wtls9-----------------------
Human-----aec5adc2e8d57f830473cad5542c081b2b1504e1
	key=03cacc97d92dbf5b46394bcf86fa864bf5306a2089
	public=03cacc97d92dbf5b46394bcf86fa864bf5306a2089
	private=lDnBXz+FCRrBeArAOZdgTdQIUmM=

Alien-----rsWtwujVf4MEc8rVVCwIGysVBOE=
	key=BMyt/PGM9aq3eVRKOJxFz8dckUFVeNbdKkCkzx1oXg+pHdS+DaphkCw=
	public=BMyt/PGM9aq3eVRKOJxFz8dckUFVeNbdKkCkzx1oXg+pHdS+DaphkCw=
	private=e2b975986b7c273ffb1fc6842d5dcf436dede91f

Alien_to_Human-----aec5adc2e8d57f830473cad5542c081b2b1504e1
	key=BMyt/PGM9aq3eVRKOJxFz8dckUFVeNbdKkCkzx1oXg+pHdS+DaphkCw=
	public=BMyt/PGM9aq3eVRKOJxFz8dckUFVeNbdKkCkzx1oXg+pHdS+DaphkCw=
	private=e2b975986b7c273ffb1fc6842d5dcf436dede91f

