18:54:36:122---a
18:54:36:125###a
18:54:36:231---b
18:54:36:232###b
18:54:36:333---c
18:54:36:333###c
18:54:36:438---d
18:54:36:438###d
18:54:36:539---e
18:54:36:539###e
18:54:36:639---f
18:54:36:639###f
18:54:36:739---g
18:54:36:739###g
18:54:36:839---h
18:54:36:839###h
18:54:36:939---i
18:54:36:939###i
18:54:37:39---j
18:54:37:39###j
18:54:37:140---k
18:54:37:140###k
18:54:37:240---l
18:54:37:240###l
18:54:37:341---m
18:54:37:341###m
18:54:37:441---n
18:54:37:441###n
18:54:37:541---o
18:54:37:541###o
18:54:37:641---p
18:54:37:641###p
18:54:37:741---q
18:54:37:742###q
18:54:37:844---r
18:54:37:844###r
18:54:37:945---s
18:54:37:945###s
18:54:38:45---t
18:54:38:45###t
18:54:38:145---u
18:54:38:145###u
18:54:38:245---v
18:54:38:246###v
18:54:38:347---w
18:54:38:347###w
18:54:38:447---x
18:54:38:447###x
18:54:38:547---y
18:54:38:547###y
18:54:38:647---z
18:54:38:647###z
